12:59:07 **** Incremental Build of configuration Debug for project Practica5_punto1 ****
make -j8 all 
arm-none-eabi-gcc "../Src/main.c" -mcpu=cortex-m4 -std=gnu11 -g3 -DDEBUG -DSTM32 -DSTM32F429ZITx -DSTM32F4 -DNUCLEO_F429ZI -DUSE_HAL_DRIVER -DSTM32F429xx -c -I../Inc -I"D:/UBA/CESE/ProgMicro/PdM_workspace-main/Practica5_punto1/Drivers/STM32F4xx_HAL_Driver/Inc" -I"D:/UBA/CESE/ProgMicro/PdM_workspace-main/Practica5_punto1/Drivers/CMSIS/Include" -I"D:/UBA/CESE/ProgMicro/PdM_workspace-main/Practica5_punto1/Drivers/CMSIS/Device/ST/STM32F4xx/Include" -I"D:/UBA/CESE/ProgMicro/PdM_workspace-main/Practica5_punto1/Drivers/BSP/STM32F4xx_Nucleo_144" -I"D:/UBA/CESE/ProgMicro/PdM_workspace-main/Practica5_punto1/Drivers/Core/Inc" -I"D:/UBA/CESE/ProgMicro/PdM_workspace-main/Practica5_punto1/Drivers/API/Inc" -O0 -ffunction-sections -fdata-sections -Wall -fstack-usage -fcyclomatic-complexity -MMD -MP -MF"Src/main.d" -MT"Src/main.o" --specs=nano.specs -mfpu=fpv4-sp-d16 -mfloat-abi=hard -mthumb -o "Src/main.o"
arm-none-eabi-gcc "../Drivers/API/Src/API_uart.c" -mcpu=cortex-m4 -std=gnu11 -g3 -DDEBUG -DSTM32 -DSTM32F429ZITx -DSTM32F4 -DNUCLEO_F429ZI -DUSE_HAL_DRIVER -DSTM32F429xx -c -I../Inc -I"D:/UBA/CESE/ProgMicro/PdM_workspace-main/Practica5_punto1/Drivers/STM32F4xx_HAL_Driver/Inc" -I"D:/UBA/CESE/ProgMicro/PdM_workspace-main/Practica5_punto1/Drivers/CMSIS/Include" -I"D:/UBA/CESE/ProgMicro/PdM_workspace-main/Practica5_punto1/Drivers/CMSIS/Device/ST/STM32F4xx/Include" -I"D:/UBA/CESE/ProgMicro/PdM_workspace-main/Practica5_punto1/Drivers/BSP/STM32F4xx_Nucleo_144" -I"D:/UBA/CESE/ProgMicro/PdM_workspace-main/Practica5_punto1/Drivers/Core/Inc" -I"D:/UBA/CESE/ProgMicro/PdM_workspace-main/Practica5_punto1/Drivers/API/Inc" -O0 -ffunction-sections -fdata-sections -Wall -fstack-usage -fcyclomatic-complexity -MMD -MP -MF"Drivers/API/Src/API_uart.d" -MT"Drivers/API/Src/API_uart.o" --specs=nano.specs -mfpu=fpv4-sp-d16 -mfloat-abi=hard -mthumb -o "Drivers/API/Src/API_uart.o"
../Src/main.c:94:1: error: expected '=', ',', ';', 'asm' or '__attribute__' before '{' token
   94 | {
      | ^
make: *** [Src/subdir.mk:19: Src/main.o] Error 1
make: *** Waiting for unfinished jobs....
In file included from D:/UBA/CESE/ProgMicro/PdM_workspace-main/Practica5_punto1/Drivers/STM32F4xx_HAL_Driver/Inc/stm32f4xx_hal_rcc.h:33,
                 from ../Inc/stm32f4xx_hal_conf.h:265,
                 from D:/UBA/CESE/ProgMicro/PdM_workspace-main/Practica5_punto1/Drivers/STM32F4xx_HAL_Driver/Inc/stm32f4xx_hal.h:30,
                 from D:/UBA/CESE/ProgMicro/PdM_workspace-main/Practica5_punto1/Drivers/CMSIS/Device/ST/STM32F4xx/Include/stm32f4xx.h:288,
                 from D:/UBA/CESE/ProgMicro/PdM_workspace-main/Practica5_punto1/Drivers/STM32F4xx_HAL_Driver/Inc/stm32f4xx_hal_def.h:30,
                 from D:/UBA/CESE/ProgMicro/PdM_workspace-main/Practica5_punto1/Drivers/STM32F4xx_HAL_Driver/Inc/stm32f4xx_hal_uart.h:29,
                 from D:/UBA/CESE/ProgMicro/PdM_workspace-main/Practica5_punto1/Drivers/API/Inc/API_uart.h:8,
                 from ../Drivers/API/Src/API_uart.c:1:
D:/UBA/CESE/ProgMicro/PdM_workspace-main/Practica5_punto1/Drivers/STM32F4xx_HAL_Driver/Inc/stm32f4xx_hal_rcc_ex.h:6730:1: error: unknown type name 'HAL_StatusTypeDef'
 6730 | HAL_StatusTypeDef HAL_RCCEx_PeriphCLKConfig(RCC_PeriphCLKInitTypeDef  *PeriphClkInit);
      | ^~~~~~~~~~~~~~~~~
D:/UBA/CESE/ProgMicro/PdM_workspace-main/Practica5_punto1/Drivers/STM32F4xx_HAL_Driver/Inc/stm32f4xx_hal_rcc_ex.h:6742:1: error: unknown type name 'HAL_StatusTypeDef'
 6742 | HAL_StatusTypeDef HAL_RCCEx_EnablePLLI2S(RCC_PLLI2SInitTypeDef  *PLLI2SInit);
      | ^~~~~~~~~~~~~~~~~
D:/UBA/CESE/ProgMicro/PdM_workspace-main/Practica5_punto1/Drivers/STM32F4xx_HAL_Driver/Inc/stm32f4xx_hal_rcc_ex.h:6743:1: error: unknown type name 'HAL_StatusTypeDef'
 6743 | HAL_StatusTypeDef HAL_RCCEx_DisablePLLI2S(void);
      | ^~~~~~~~~~~~~~~~~
D:/UBA/CESE/ProgMicro/PdM_workspace-main/Practica5_punto1/Drivers/STM32F4xx_HAL_Driver/Inc/stm32f4xx_hal_rcc_ex.h:6746:1: error: unknown type name 'HAL_StatusTypeDef'
 6746 | HAL_StatusTypeDef HAL_RCCEx_EnablePLLSAI(RCC_PLLSAIInitTypeDef  *PLLSAIInit);
      | ^~~~~~~~~~~~~~~~~
D:/UBA/CESE/ProgMicro/PdM_workspace-main/Practica5_punto1/Drivers/STM32F4xx_HAL_Driver/Inc/stm32f4xx_hal_rcc_ex.h:6747:1: error: unknown type name 'HAL_StatusTypeDef'
 6747 | HAL_StatusTypeDef HAL_RCCEx_DisablePLLSAI(void);
      | ^~~~~~~~~~~~~~~~~
In file included from ../Inc/stm32f4xx_hal_conf.h:265,
                 from D:/UBA/CESE/ProgMicro/PdM_workspace-main/Practica5_punto1/Drivers/STM32F4xx_HAL_Driver/Inc/stm32f4xx_hal.h:30,
                 from D:/UBA/CESE/ProgMicro/PdM_workspace-main/Practica5_punto1/Drivers/CMSIS/Device/ST/STM32F4xx/Include/stm32f4xx.h:288,
                 from D:/UBA/CESE/ProgMicro/PdM_workspace-main/Practica5_punto1/Drivers/STM32F4xx_HAL_Driver/Inc/stm32f4xx_hal_def.h:30,
                 from D:/UBA/CESE/ProgMicro/PdM_workspace-main/Practica5_punto1/Drivers/STM32F4xx_HAL_Driver/Inc/stm32f4xx_hal_uart.h:29,
                 from D:/UBA/CESE/ProgMicro/PdM_workspace-main/Practica5_punto1/Drivers/API/Inc/API_uart.h:8,
                 from ../Drivers/API/Src/API_uart.c:1:
D:/UBA/CESE/ProgMicro/PdM_workspace-main/Practica5_punto1/Drivers/STM32F4xx_HAL_Driver/Inc/stm32f4xx_hal_rcc.h:1247:1: error: unknown type name 'HAL_StatusTypeDef'
 1247 | HAL_StatusTypeDef HAL_RCC_DeInit(void);
      | ^~~~~~~~~~~~~~~~~
D:/UBA/CESE/ProgMicro/PdM_workspace-main/Practica5_punto1/Drivers/STM32F4xx_HAL_Driver/Inc/stm32f4xx_hal_rcc.h:1248:1: error: unknown type name 'HAL_StatusTypeDef'
 1248 | HAL_StatusTypeDef HAL_RCC_OscConfig(RCC_OscInitTypeDef *RCC_OscInitStruct);
      | ^~~~~~~~~~~~~~~~~
D:/UBA/CESE/ProgMicro/PdM_workspace-main/Practica5_punto1/Drivers/STM32F4xx_HAL_Driver/Inc/stm32f4xx_hal_rcc.h:1249:1: error: unknown type name 'HAL_StatusTypeDef'
 1249 | HAL_StatusTypeDef HAL_RCC_ClockConfig(RCC_ClkInitTypeDef *RCC_ClkInitStruct, uint32_t FLatency);
      | ^~~~~~~~~~~~~~~~~
In file included from ../Inc/stm32f4xx_hal_conf.h:269,
                 from D:/UBA/CESE/ProgMicro/PdM_workspace-main/Practica5_punto1/Drivers/STM32F4xx_HAL_Driver/Inc/stm32f4xx_hal.h:30,
                 from D:/UBA/CESE/ProgMicro/PdM_workspace-main/Practica5_punto1/Drivers/CMSIS/Device/ST/STM32F4xx/Include/stm32f4xx.h:288,
                 from D:/UBA/CESE/ProgMicro/PdM_workspace-main/Practica5_punto1/Drivers/STM32F4xx_HAL_Driver/Inc/stm32f4xx_hal_def.h:30,
                 from D:/UBA/CESE/ProgMicro/PdM_workspace-main/Practica5_punto1/Drivers/STM32F4xx_HAL_Driver/Inc/stm32f4xx_hal_uart.h:29,
                 from D:/UBA/CESE/ProgMicro/PdM_workspace-main/Practica5_punto1/Drivers/API/Inc/API_uart.h:8,
                 from ../Drivers/API/Src/API_uart.c:1:
D:/UBA/CESE/ProgMicro/PdM_workspace-main/Practica5_punto1/Drivers/STM32F4xx_HAL_Driver/Inc/stm32f4xx_hal_gpio.h:238:1: error: unknown type name 'HAL_StatusTypeDef'
  238 | HAL_StatusTypeDef HAL_GPIO_LockPin(GPIO_TypeDef* GPIOx, uint16_t GPIO_Pin);
      | ^~~~~~~~~~~~~~~~~
In file included from ../Inc/stm32f4xx_hal_conf.h:273,
                 from D:/UBA/CESE/ProgMicro/PdM_workspace-main/Practica5_punto1/Drivers/STM32F4xx_HAL_Driver/Inc/stm32f4xx_hal.h:30,
                 from D:/UBA/CESE/ProgMicro/PdM_workspace-main/Practica5_punto1/Drivers/CMSIS/Device/ST/STM32F4xx/Include/stm32f4xx.h:288,
                 from D:/UBA/CESE/ProgMicro/PdM_workspace-main/Practica5_punto1/Drivers/STM32F4xx_HAL_Driver/Inc/stm32f4xx_hal_def.h:30,
                 from D:/UBA/CESE/ProgMicro/PdM_workspace-main/Practica5_punto1/Drivers/STM32F4xx_HAL_Driver/Inc/stm32f4xx_hal_uart.h:29,
                 from D:/UBA/CESE/ProgMicro/PdM_workspace-main/Practica5_punto1/Drivers/API/Inc/API_uart.h:8,
                 from ../Drivers/API/Src/API_uart.c:1:
D:/UBA/CESE/ProgMicro/PdM_workspace-main/Practica5_punto1/Drivers/STM32F4xx_HAL_Driver/Inc/stm32f4xx_hal_dma.h:145:3: error: unknown type name 'HAL_LockTypeDef'
  145 |   HAL_LockTypeDef            Lock;                                                             /*!< DMA locking object                     */
      |   ^~~~~~~~~~~~~~~
In file included from D:/UBA/CESE/ProgMicro/PdM_workspace-main/Practica5_punto1/Drivers/STM32F4xx_HAL_Driver/Inc/stm32f4xx_hal_dma.h:640,
                 from ../Inc/stm32f4xx_hal_conf.h:273,
                 from D:/UBA/CESE/ProgMicro/PdM_workspace-main/Practica5_punto1/Drivers/STM32F4xx_HAL_Driver/Inc/stm32f4xx_hal.h:30,
                 from D:/UBA/CESE/ProgMicro/PdM_workspace-main/Practica5_punto1/Drivers/CMSIS/Device/ST/STM32F4xx/Include/stm32f4xx.h:288,
                 from D:/UBA/CESE/ProgMicro/PdM_workspace-main/Practica5_punto1/Drivers/STM32F4xx_HAL_Driver/Inc/stm32f4xx_hal_def.h:30,
                 from D:/UBA/CESE/ProgMicro/PdM_workspace-main/Practica5_punto1/Drivers/STM32F4xx_HAL_Driver/Inc/stm32f4xx_hal_uart.h:29,
                 from D:/UBA/CESE/ProgMicro/PdM_workspace-main/Practica5_punto1/Drivers/API/Inc/API_uart.h:8,
                 from ../Drivers/API/Src/API_uart.c:1:
D:/UBA/CESE/ProgMicro/PdM_workspace-main/Practica5_punto1/Drivers/STM32F4xx_HAL_Driver/Inc/stm32f4xx_hal_dma_ex.h:70:1: error: unknown type name 'HAL_StatusTypeDef'; did you mean 'HAL_DMA_StateTypeDef'?
   70 | HAL_StatusTypeDef HAL_DMAEx_MultiBufferStart(DMA_HandleTypeDef *hdma, uint32_t SrcAddress, uint32_t DstAddress, uint32_t SecondMemAddress, uint32_t DataLength);
      | ^~~~~~~~~~~~~~~~~
      | HAL_DMA_StateTypeDef
In file included from D:/UBA/CESE/ProgMicro/PdM_workspace-main/Practica5_punto1/Drivers/STM32F4xx_HAL_Driver/Inc/stm32f4xx_hal_dma.h:640,
                 from ../Inc/stm32f4xx_hal_conf.h:273,
                 from D:/UBA/CESE/ProgMicro/PdM_workspace-main/Practica5_punto1/Drivers/STM32F4xx_HAL_Driver/Inc/stm32f4xx_hal.h:30,
                 from D:/UBA/CESE/ProgMicro/PdM_workspace-main/Practica5_punto1/Drivers/CMSIS/Device/ST/STM32F4xx/Include/stm32f4xx.h:288,
                 from D:/UBA/CESE/ProgMicro/PdM_workspace-main/Practica5_punto1/Drivers/STM32F4xx_HAL_Driver/Inc/stm32f4xx_hal_def.h:30,
                 from D:/UBA/CESE/ProgMicro/PdM_workspace-main/Practica5_punto1/Drivers/STM32F4xx_HAL_Driver/Inc/stm32f4xx_hal_uart.h:29,
                 from D:/UBA/CESE/ProgMicro/PdM_workspace-main/Practica5_punto1/Drivers/API/Inc/API_uart.h:8,
                 from ../Drivers/API/Src/API_uart.c:1:
D:/UBA/CESE/ProgMicro/PdM_workspace-main/Practica5_punto1/Drivers/STM32F4xx_HAL_Driver/Inc/stm32f4xx_hal_dma_ex.h:71:1: error: unknown type name 'HAL_StatusTypeDef'; did you mean 'HAL_DMA_StateTypeDef'?
   71 | HAL_StatusTypeDef HAL_DMAEx_MultiBufferStart_IT(DMA_HandleTypeDef *hdma, uint32_t SrcAddress, uint32_t DstAddress, uint32_t SecondMemAddress, uint32_t DataLength);
      | ^~~~~~~~~~~~~~~~~
      | HAL_DMA_StateTypeDef
D:/UBA/CESE/ProgMicro/PdM_workspace-main/Practica5_punto1/Drivers/STM32F4xx_HAL_Driver/Inc/stm32f4xx_hal_dma_ex.h:72:1: error: unknown type name 'HAL_StatusTypeDef'; did you mean 'HAL_DMA_StateTypeDef'?
   72 | HAL_StatusTypeDef HAL_DMAEx_ChangeMemory(DMA_HandleTypeDef *hdma, uint32_t Address, HAL_DMA_MemoryTypeDef memory);
      | ^~~~~~~~~~~~~~~~~
      | HAL_DMA_StateTypeDef
In file included from ../Inc/stm32f4xx_hal_conf.h:273,
                 from D:/UBA/CESE/ProgMicro/PdM_workspace-main/Practica5_punto1/Drivers/STM32F4xx_HAL_Driver/Inc/stm32f4xx_hal.h:30,
                 from D:/UBA/CESE/ProgMicro/PdM_workspace-main/Practica5_punto1/Drivers/CMSIS/Device/ST/STM32F4xx/Include/stm32f4xx.h:288,
                 from D:/UBA/CESE/ProgMicro/PdM_workspace-main/Practica5_punto1/Drivers/STM32F4xx_HAL_Driver/Inc/stm32f4xx_hal_def.h:30,
                 from D:/UBA/CESE/ProgMicro/PdM_workspace-main/Practica5_punto1/Drivers/STM32F4xx_HAL_Driver/Inc/stm32f4xx_hal_uart.h:29,
                 from D:/UBA/CESE/ProgMicro/PdM_workspace-main/Practica5_punto1/Drivers/API/Inc/API_uart.h:8,
                 from ../Drivers/API/Src/API_uart.c:1:
D:/UBA/CESE/ProgMicro/PdM_workspace-main/Practica5_punto1/Drivers/STM32F4xx_HAL_Driver/Inc/stm32f4xx_hal_dma.h:653:1: error: unknown type name 'HAL_StatusTypeDef'; did you mean 'HAL_DMA_StateTypeDef'?
  653 | HAL_StatusTypeDef HAL_DMA_Init(DMA_HandleTypeDef *hdma);
      | ^~~~~~~~~~~~~~~~~
      | HAL_DMA_StateTypeDef
D:/UBA/CESE/ProgMicro/PdM_workspace-main/Practica5_punto1/Drivers/STM32F4xx_HAL_Driver/Inc/stm32f4xx_hal_dma.h:654:1: error: unknown type name 'HAL_StatusTypeDef'; did you mean 'HAL_DMA_StateTypeDef'?
  654 | HAL_StatusTypeDef HAL_DMA_DeInit(DMA_HandleTypeDef *hdma);
      | ^~~~~~~~~~~~~~~~~
      | HAL_DMA_StateTypeDef
D:/UBA/CESE/ProgMicro/PdM_workspace-main/Practica5_punto1/Drivers/STM32F4xx_HAL_Driver/Inc/stm32f4xx_hal_dma.h:663:1: error: unknown type name 'HAL_StatusTypeDef'; did you mean 'HAL_DMA_StateTypeDef'?
  663 | HAL_StatusTypeDef HAL_DMA_Start (DMA_HandleTypeDef *hdma, uint32_t SrcAddress, uint32_t DstAddress, uint32_t DataLength);
      | ^~~~~~~~~~~~~~~~~
      | HAL_DMA_StateTypeDef
D:/UBA/CESE/ProgMicro/PdM_workspace-main/Practica5_punto1/Drivers/STM32F4xx_HAL_Driver/Inc/stm32f4xx_hal_dma.h:664:1: error: unknown type name 'HAL_StatusTypeDef'; did you mean 'HAL_DMA_StateTypeDef'?
  664 | HAL_StatusTypeDef HAL_DMA_Start_IT(DMA_HandleTypeDef *hdma, uint32_t SrcAddress, uint32_t DstAddress, uint32_t DataLength);
      | ^~~~~~~~~~~~~~~~~
      | HAL_DMA_StateTypeDef
D:/UBA/CESE/ProgMicro/PdM_workspace-main/Practica5_punto1/Drivers/STM32F4xx_HAL_Driver/Inc/stm32f4xx_hal_dma.h:665:1: error: unknown type name 'HAL_StatusTypeDef'; did you mean 'HAL_DMA_StateTypeDef'?
  665 | HAL_StatusTypeDef HAL_DMA_Abort(DMA_HandleTypeDef *hdma);
      | ^~~~~~~~~~~~~~~~~
      | HAL_DMA_StateTypeDef
D:/UBA/CESE/ProgMicro/PdM_workspace-main/Practica5_punto1/Drivers/STM32F4xx_HAL_Driver/Inc/stm32f4xx_hal_dma.h:666:1: error: unknown type name 'HAL_StatusTypeDef'; did you mean 'HAL_DMA_StateTypeDef'?
  666 | HAL_StatusTypeDef HAL_DMA_Abort_IT(DMA_HandleTypeDef *hdma);
      | ^~~~~~~~~~~~~~~~~
      | HAL_DMA_StateTypeDef
D:/UBA/CESE/ProgMicro/PdM_workspace-main/Practica5_punto1/Drivers/STM32F4xx_HAL_Driver/Inc/stm32f4xx_hal_dma.h:667:1: error: unknown type name 'HAL_StatusTypeDef'; did you mean 'HAL_DMA_StateTypeDef'?
  667 | HAL_StatusTypeDef HAL_DMA_PollForTransfer(DMA_HandleTypeDef *hdma, HAL_DMA_LevelCompleteTypeDef CompleteLevel, uint32_t Timeout);
      | ^~~~~~~~~~~~~~~~~
      | HAL_DMA_StateTypeDef
In file included from ../Inc/stm32f4xx_hal_conf.h:273,
                 from D:/UBA/CESE/ProgMicro/PdM_workspace-main/Practica5_punto1/Drivers/STM32F4xx_HAL_Driver/Inc/stm32f4xx_hal.h:30,
                 from D:/UBA/CESE/ProgMicro/PdM_workspace-main/Practica5_punto1/Drivers/CMSIS/Device/ST/STM32F4xx/Include/stm32f4xx.h:288,
                 from D:/UBA/CESE/ProgMicro/PdM_workspace-main/Practica5_punto1/Drivers/STM32F4xx_HAL_Driver/Inc/stm32f4xx_hal_def.h:30,
                 from D:/UBA/CESE/ProgMicro/PdM_workspace-main/Practica5_punto1/Drivers/STM32F4xx_HAL_Driver/Inc/stm32f4xx_hal_uart.h:29,
                 from D:/UBA/CESE/ProgMicro/PdM_workspace-main/Practica5_punto1/Drivers/API/Inc/API_uart.h:8,
                 from ../Drivers/API/Src/API_uart.c:1:
D:/UBA/CESE/ProgMicro/PdM_workspace-main/Practica5_punto1/Drivers/STM32F4xx_HAL_Driver/Inc/stm32f4xx_hal_dma.h:669:1: error: unknown type name 'HAL_StatusTypeDef'; did you mean 'HAL_DMA_StateTypeDef'?
  669 | HAL_StatusTypeDef HAL_DMA_CleanCallbacks(DMA_HandleTypeDef *hdma);
      | ^~~~~~~~~~~~~~~~~
      | HAL_DMA_StateTypeDef
D:/UBA/CESE/ProgMicro/PdM_workspace-main/Practica5_punto1/Drivers/STM32F4xx_HAL_Driver/Inc/stm32f4xx_hal_dma.h:670:1: error: unknown type name 'HAL_StatusTypeDef'; did you mean 'HAL_DMA_StateTypeDef'?
  670 | HAL_StatusTypeDef HAL_DMA_RegisterCallback(DMA_HandleTypeDef *hdma, HAL_DMA_CallbackIDTypeDef CallbackID, void (* pCallback)(DMA_HandleTypeDef *_hdma));
      | ^~~~~~~~~~~~~~~~~
      | HAL_DMA_StateTypeDef
D:/UBA/CESE/ProgMicro/PdM_workspace-main/Practica5_punto1/Drivers/STM32F4xx_HAL_Driver/Inc/stm32f4xx_hal_dma.h:671:1: error: unknown type name 'HAL_StatusTypeDef'; did you mean 'HAL_DMA_StateTypeDef'?
  671 | HAL_StatusTypeDef HAL_DMA_UnRegisterCallback(DMA_HandleTypeDef *hdma, HAL_DMA_CallbackIDTypeDef CallbackID);
      | ^~~~~~~~~~~~~~~~~
      | HAL_DMA_StateTypeDef
In file included from ../Inc/stm32f4xx_hal_conf.h:305,
                 from D:/UBA/CESE/ProgMicro/PdM_workspace-main/Practica5_punto1/Drivers/STM32F4xx_HAL_Driver/Inc/stm32f4xx_hal.h:30,
                 from D:/UBA/CESE/ProgMicro/PdM_workspace-main/Practica5_punto1/Drivers/CMSIS/Device/ST/STM32F4xx/Include/stm32f4xx.h:288,
                 from D:/UBA/CESE/ProgMicro/PdM_workspace-main/Practica5_punto1/Drivers/STM32F4xx_HAL_Driver/Inc/stm32f4xx_hal_def.h:30,
                 from D:/UBA/CESE/ProgMicro/PdM_workspace-main/Practica5_punto1/Drivers/STM32F4xx_HAL_Driver/Inc/stm32f4xx_hal_uart.h:29,
                 from D:/UBA/CESE/ProgMicro/PdM_workspace-main/Practica5_punto1/Drivers/API/Inc/API_uart.h:8,
                 from ../Drivers/API/Src/API_uart.c:1:
D:/UBA/CESE/ProgMicro/PdM_workspace-main/Practica5_punto1/Drivers/STM32F4xx_HAL_Driver/Inc/stm32f4xx_hal_dma2d.h:152:3: error: unknown type name 'HAL_LockTypeDef'
  152 |   HAL_LockTypeDef             Lock;                                       /*!< DMA2D lock.                            */
      |   ^~~~~~~~~~~~~~~
In file included from ../Inc/stm32f4xx_hal_conf.h:305,
                 from D:/UBA/CESE/ProgMicro/PdM_workspace-main/Practica5_punto1/Drivers/STM32F4xx_HAL_Driver/Inc/stm32f4xx_hal.h:30,
                 from D:/UBA/CESE/ProgMicro/PdM_workspace-main/Practica5_punto1/Drivers/CMSIS/Device/ST/STM32F4xx/Include/stm32f4xx.h:288,
                 from D:/UBA/CESE/ProgMicro/PdM_workspace-main/Practica5_punto1/Drivers/STM32F4xx_HAL_Driver/Inc/stm32f4xx_hal_def.h:30,
                 from D:/UBA/CESE/ProgMicro/PdM_workspace-main/Practica5_punto1/Drivers/STM32F4xx_HAL_Driver/Inc/stm32f4xx_hal_uart.h:29,
                 from D:/UBA/CESE/ProgMicro/PdM_workspace-main/Practica5_punto1/Drivers/API/Inc/API_uart.h:8,
                 from ../Drivers/API/Src/API_uart.c:1:
D:/UBA/CESE/ProgMicro/PdM_workspace-main/Practica5_punto1/Drivers/STM32F4xx_HAL_Driver/Inc/stm32f4xx_hal_dma2d.h:428:1: error: unknown type name 'HAL_StatusTypeDef'; did you mean 'HAL_DMA_StateTypeDef'?
  428 | HAL_StatusTypeDef HAL_DMA2D_Init(DMA2D_HandleTypeDef *hdma2d);
      | ^~~~~~~~~~~~~~~~~
      | HAL_DMA_StateTypeDef
D:/UBA/CESE/ProgMicro/PdM_workspace-main/Practica5_punto1/Drivers/STM32F4xx_HAL_Driver/Inc/stm32f4xx_hal_dma2d.h:429:1: error: unknown type name 'HAL_StatusTypeDef'; did you mean 'HAL_DMA_StateTypeDef'?
  429 | HAL_StatusTypeDef HAL_DMA2D_DeInit(DMA2D_HandleTypeDef *hdma2d);
      | ^~~~~~~~~~~~~~~~~
      | HAL_DMA_StateTypeDef
D:/UBA/CESE/ProgMicro/PdM_workspace-main/Practica5_punto1/Drivers/STM32F4xx_HAL_Driver/Inc/stm32f4xx_hal_dma2d.h:449:1: error: unknown type name 'HAL_StatusTypeDef'; did you mean 'HAL_DMA_StateTypeDef'?
  449 | HAL_StatusTypeDef HAL_DMA2D_Start(DMA2D_HandleTypeDef *hdma2d, uint32_t pdata, uint32_t DstAddress, uint32_t Width,
      | ^~~~~~~~~~~~~~~~~
      | HAL_DMA_StateTypeDef
D:/UBA/CESE/ProgMicro/PdM_workspace-main/Practica5_punto1/Drivers/STM32F4xx_HAL_Driver/Inc/stm32f4xx_hal_dma2d.h:451:1: error: unknown type name 'HAL_StatusTypeDef'; did you mean 'HAL_DMA_StateTypeDef'?
  451 | HAL_StatusTypeDef HAL_DMA2D_BlendingStart(DMA2D_HandleTypeDef *hdma2d, uint32_t SrcAddress1, uint32_t SrcAddress2,
      | ^~~~~~~~~~~~~~~~~
      | HAL_DMA_StateTypeDef
D:/UBA/CESE/ProgMicro/PdM_workspace-main/Practica5_punto1/Drivers/STM32F4xx_HAL_Driver/Inc/stm32f4xx_hal_dma2d.h:453:1: error: unknown type name 'HAL_StatusTypeDef'; did you mean 'HAL_DMA_StateTypeDef'?
  453 | HAL_StatusTypeDef HAL_DMA2D_Start_IT(DMA2D_HandleTypeDef *hdma2d, uint32_t pdata, uint32_t DstAddress, uint32_t Width,
      | ^~~~~~~~~~~~~~~~~
      | HAL_DMA_StateTypeDef
D:/UBA/CESE/ProgMicro/PdM_workspace-main/Practica5_punto1/Drivers/STM32F4xx_HAL_Driver/Inc/stm32f4xx_hal_dma2d.h:455:1: error: unknown type name 'HAL_StatusTypeDef'; did you mean 'HAL_DMA_StateTypeDef'?
  455 | HAL_StatusTypeDef HAL_DMA2D_BlendingStart_IT(DMA2D_HandleTypeDef *hdma2d, uint32_t SrcAddress1, uint32_t SrcAddress2,
      | ^~~~~~~~~~~~~~~~~
      | HAL_DMA_StateTypeDef
D:/UBA/CESE/ProgMicro/PdM_workspace-main/Practica5_punto1/Drivers/STM32F4xx_HAL_Driver/Inc/stm32f4xx_hal_dma2d.h:457:1: error: unknown type name 'HAL_StatusTypeDef'; did you mean 'HAL_DMA_StateTypeDef'?
  457 | HAL_StatusTypeDef HAL_DMA2D_Suspend(DMA2D_HandleTypeDef *hdma2d);
      | ^~~~~~~~~~~~~~~~~
      | HAL_DMA_StateTypeDef
D:/UBA/CESE/ProgMicro/PdM_workspace-main/Practica5_punto1/Drivers/STM32F4xx_HAL_Driver/Inc/stm32f4xx_hal_dma2d.h:458:1: error: unknown type name 'HAL_StatusTypeDef'; did you mean 'HAL_DMA_StateTypeDef'?
  458 | HAL_StatusTypeDef HAL_DMA2D_Resume(DMA2D_HandleTypeDef *hdma2d);
      | ^~~~~~~~~~~~~~~~~
      | HAL_DMA_StateTypeDef
D:/UBA/CESE/ProgMicro/PdM_workspace-main/Practica5_punto1/Drivers/STM32F4xx_HAL_Driver/Inc/stm32f4xx_hal_dma2d.h:459:1: error: unknown type name 'HAL_StatusTypeDef'; did you mean 'HAL_DMA_StateTypeDef'?
  459 | HAL_StatusTypeDef HAL_DMA2D_Abort(DMA2D_HandleTypeDef *hdma2d);
      | ^~~~~~~~~~~~~~~~~
      | HAL_DMA_StateTypeDef
D:/UBA/CESE/ProgMicro/PdM_workspace-main/Practica5_punto1/Drivers/STM32F4xx_HAL_Driver/Inc/stm32f4xx_hal_dma2d.h:460:1: error: unknown type name 'HAL_StatusTypeDef'; did you mean 'HAL_DMA_StateTypeDef'?
  460 | HAL_StatusTypeDef HAL_DMA2D_EnableCLUT(DMA2D_HandleTypeDef *hdma2d, uint32_t LayerIdx);
      | ^~~~~~~~~~~~~~~~~
      | HAL_DMA_StateTypeDef
D:/UBA/CESE/ProgMicro/PdM_workspace-main/Practica5_punto1/Drivers/STM32F4xx_HAL_Driver/Inc/stm32f4xx_hal_dma2d.h:461:1: error: unknown type name 'HAL_StatusTypeDef'; did you mean 'HAL_DMA_StateTypeDef'?
  461 | HAL_StatusTypeDef HAL_DMA2D_CLUTStartLoad(DMA2D_HandleTypeDef *hdma2d, DMA2D_CLUTCfgTypeDef *CLUTCfg,
      | ^~~~~~~~~~~~~~~~~
      | HAL_DMA_StateTypeDef
D:/UBA/CESE/ProgMicro/PdM_workspace-main/Practica5_punto1/Drivers/STM32F4xx_HAL_Driver/Inc/stm32f4xx_hal_dma2d.h:463:1: error: unknown type name 'HAL_StatusTypeDef'; did you mean 'HAL_DMA_StateTypeDef'?
  463 | HAL_StatusTypeDef HAL_DMA2D_CLUTStartLoad_IT(DMA2D_HandleTypeDef *hdma2d, DMA2D_CLUTCfgTypeDef *CLUTCfg,
      | ^~~~~~~~~~~~~~~~~
      | HAL_DMA_StateTypeDef
D:/UBA/CESE/ProgMicro/PdM_workspace-main/Practica5_punto1/Drivers/STM32F4xx_HAL_Driver/Inc/stm32f4xx_hal_dma2d.h:465:1: error: unknown type name 'HAL_StatusTypeDef'; did you mean 'HAL_DMA_StateTypeDef'?
  465 | HAL_StatusTypeDef HAL_DMA2D_CLUTLoad(DMA2D_HandleTypeDef *hdma2d, DMA2D_CLUTCfgTypeDef CLUTCfg, uint32_t LayerIdx);
      | ^~~~~~~~~~~~~~~~~
      | HAL_DMA_StateTypeDef
D:/UBA/CESE/ProgMicro/PdM_workspace-main/Practica5_punto1/Drivers/STM32F4xx_HAL_Driver/Inc/stm32f4xx_hal_dma2d.h:466:1: error: unknown type name 'HAL_StatusTypeDef'; did you mean 'HAL_DMA_StateTypeDef'?
  466 | HAL_StatusTypeDef HAL_DMA2D_CLUTLoad_IT(DMA2D_HandleTypeDef *hdma2d, DMA2D_CLUTCfgTypeDef CLUTCfg, uint32_t LayerIdx);
      | ^~~~~~~~~~~~~~~~~
      | HAL_DMA_StateTypeDef
D:/UBA/CESE/ProgMicro/PdM_workspace-main/Practica5_punto1/Drivers/STM32F4xx_HAL_Driver/Inc/stm32f4xx_hal_dma2d.h:467:1: error: unknown type name 'HAL_StatusTypeDef'; did you mean 'HAL_DMA_StateTypeDef'?
  467 | HAL_StatusTypeDef HAL_DMA2D_CLUTLoading_Abort(DMA2D_HandleTypeDef *hdma2d, uint32_t LayerIdx);
      | ^~~~~~~~~~~~~~~~~
      | HAL_DMA_StateTypeDef
D:/UBA/CESE/ProgMicro/PdM_workspace-main/Practica5_punto1/Drivers/STM32F4xx_HAL_Driver/Inc/stm32f4xx_hal_dma2d.h:468:1: error: unknown type name 'HAL_StatusTypeDef'; did you mean 'HAL_DMA_StateTypeDef'?
  468 | HAL_StatusTypeDef HAL_DMA2D_CLUTLoading_Suspend(DMA2D_HandleTypeDef *hdma2d, uint32_t LayerIdx);
      | ^~~~~~~~~~~~~~~~~
      | HAL_DMA_StateTypeDef
D:/UBA/CESE/ProgMicro/PdM_workspace-main/Practica5_punto1/Drivers/STM32F4xx_HAL_Driver/Inc/stm32f4xx_hal_dma2d.h:469:1: error: unknown type name 'HAL_StatusTypeDef'; did you mean 'HAL_DMA_StateTypeDef'?
  469 | HAL_StatusTypeDef HAL_DMA2D_CLUTLoading_Resume(DMA2D_HandleTypeDef *hdma2d, uint32_t LayerIdx);
      | ^~~~~~~~~~~~~~~~~
      | HAL_DMA_StateTypeDef
D:/UBA/CESE/ProgMicro/PdM_workspace-main/Practica5_punto1/Drivers/STM32F4xx_HAL_Driver/Inc/stm32f4xx_hal_dma2d.h:470:1: error: unknown type name 'HAL_StatusTypeDef'; did you mean 'HAL_DMA_StateTypeDef'?
  470 | HAL_StatusTypeDef HAL_DMA2D_PollForTransfer(DMA2D_HandleTypeDef *hdma2d, uint32_t Timeout);
      | ^~~~~~~~~~~~~~~~~
      | HAL_DMA_StateTypeDef
D:/UBA/CESE/ProgMicro/PdM_workspace-main/Practica5_punto1/Drivers/STM32F4xx_HAL_Driver/Inc/stm32f4xx_hal_dma2d.h:484:1: error: unknown type name 'HAL_StatusTypeDef'; did you mean 'HAL_DMA_StateTypeDef'?
  484 | HAL_StatusTypeDef HAL_DMA2D_ConfigLayer(DMA2D_HandleTypeDef *hdma2d, uint32_t LayerIdx);
      | ^~~~~~~~~~~~~~~~~
      | HAL_DMA_StateTypeDef
D:/UBA/CESE/ProgMicro/PdM_workspace-main/Practica5_punto1/Drivers/STM32F4xx_HAL_Driver/Inc/stm32f4xx_hal_dma2d.h:485:1: error: unknown type name 'HAL_StatusTypeDef'; did you mean 'HAL_DMA_StateTypeDef'?
  485 | HAL_StatusTypeDef HAL_DMA2D_ConfigCLUT(DMA2D_HandleTypeDef *hdma2d, DMA2D_CLUTCfgTypeDef CLUTCfg, uint32_t LayerIdx);
      | ^~~~~~~~~~~~~~~~~
      | HAL_DMA_StateTypeDef
D:/UBA/CESE/ProgMicro/PdM_workspace-main/Practica5_punto1/Drivers/STM32F4xx_HAL_Driver/Inc/stm32f4xx_hal_dma2d.h:486:1: error: unknown type name 'HAL_StatusTypeDef'; did you mean 'HAL_DMA_StateTypeDef'?
  486 | HAL_StatusTypeDef HAL_DMA2D_ProgramLineEvent(DMA2D_HandleTypeDef *hdma2d, uint32_t Line);
      | ^~~~~~~~~~~~~~~~~
      | HAL_DMA_StateTypeDef
D:/UBA/CESE/ProgMicro/PdM_workspace-main/Practica5_punto1/Drivers/STM32F4xx_HAL_Driver/Inc/stm32f4xx_hal_dma2d.h:487:1: error: unknown type name 'HAL_StatusTypeDef'; did you mean 'HAL_DMA_StateTypeDef'?
  487 | HAL_StatusTypeDef HAL_DMA2D_EnableDeadTime(DMA2D_HandleTypeDef *hdma2d);
      | ^~~~~~~~~~~~~~~~~
      | HAL_DMA_StateTypeDef
D:/UBA/CESE/ProgMicro/PdM_workspace-main/Practica5_punto1/Drivers/STM32F4xx_HAL_Driver/Inc/stm32f4xx_hal_dma2d.h:488:1: error: unknown type name 'HAL_StatusTypeDef'; did you mean 'HAL_DMA_StateTypeDef'?
  488 | HAL_StatusTypeDef HAL_DMA2D_DisableDeadTime(DMA2D_HandleTypeDef *hdma2d);
      | ^~~~~~~~~~~~~~~~~
      | HAL_DMA_StateTypeDef
D:/UBA/CESE/ProgMicro/PdM_workspace-main/Practica5_punto1/Drivers/STM32F4xx_HAL_Driver/Inc/stm32f4xx_hal_dma2d.h:489:1: error: unknown type name 'HAL_StatusTypeDef'; did you mean 'HAL_DMA_StateTypeDef'?
  489 | HAL_StatusTypeDef HAL_DMA2D_ConfigDeadTime(DMA2D_HandleTypeDef *hdma2d, uint8_t DeadTime);
      | ^~~~~~~~~~~~~~~~~
      | HAL_DMA_StateTypeDef
In file included from ../Inc/stm32f4xx_hal_conf.h:313,
                 from D:/UBA/CESE/ProgMicro/PdM_workspace-main/Practica5_punto1/Drivers/STM32F4xx_HAL_Driver/Inc/stm32f4xx_hal.h:30,
                 from D:/UBA/CESE/ProgMicro/PdM_workspace-main/Practica5_punto1/Drivers/CMSIS/Device/ST/STM32F4xx/Include/stm32f4xx.h:288,
                 from D:/UBA/CESE/ProgMicro/PdM_workspace-main/Practica5_punto1/Drivers/STM32F4xx_HAL_Driver/Inc/stm32f4xx_hal_def.h:30,
                 from D:/UBA/CESE/ProgMicro/PdM_workspace-main/Practica5_punto1/Drivers/STM32F4xx_HAL_Driver/Inc/stm32f4xx_hal_uart.h:29,
                 from D:/UBA/CESE/ProgMicro/PdM_workspace-main/Practica5_punto1/Drivers/API/Inc/API_uart.h:8,
                 from ../Drivers/API/Src/API_uart.c:1:
D:/UBA/CESE/ProgMicro/PdM_workspace-main/Practica5_punto1/Drivers/STM32F4xx_HAL_Driver/Inc/stm32f4xx_hal_dcmi.h:83:3: error: unknown type name 'HAL_LockTypeDef'
   83 |   HAL_LockTypeDef               Lock;                /*!< DCMI locking object          */
      |   ^~~~~~~~~~~~~~~
In file included from ../Inc/stm32f4xx_hal_conf.h:313,
                 from D:/UBA/CESE/ProgMicro/PdM_workspace-main/Practica5_punto1/Drivers/STM32F4xx_HAL_Driver/Inc/stm32f4xx_hal.h:30,
                 from D:/UBA/CESE/ProgMicro/PdM_workspace-main/Practica5_punto1/Drivers/CMSIS/Device/ST/STM32F4xx/Include/stm32f4xx.h:288,
                 from D:/UBA/CESE/ProgMicro/PdM_workspace-main/Practica5_punto1/Drivers/STM32F4xx_HAL_Driver/Inc/stm32f4xx_hal_def.h:30,
                 from D:/UBA/CESE/ProgMicro/PdM_workspace-main/Practica5_punto1/Drivers/STM32F4xx_HAL_Driver/Inc/stm32f4xx_hal_uart.h:29,
                 from D:/UBA/CESE/ProgMicro/PdM_workspace-main/Practica5_punto1/Drivers/API/Inc/API_uart.h:8,
                 from ../Drivers/API/Src/API_uart.c:1:
D:/UBA/CESE/ProgMicro/PdM_workspace-main/Practica5_punto1/Drivers/STM32F4xx_HAL_Driver/Inc/stm32f4xx_hal_dcmi.h:431:1: error: unknown type name 'HAL_StatusTypeDef'; did you mean 'HAL_DMA_StateTypeDef'?
  431 | HAL_StatusTypeDef HAL_DCMI_Init(DCMI_HandleTypeDef *hdcmi);
      | ^~~~~~~~~~~~~~~~~
      | HAL_DMA_StateTypeDef
D:/UBA/CESE/ProgMicro/PdM_workspace-main/Practica5_punto1/Drivers/STM32F4xx_HAL_Driver/Inc/stm32f4xx_hal_dcmi.h:432:1: error: unknown type name 'HAL_StatusTypeDef'; did you mean 'HAL_DMA_StateTypeDef'?
  432 | HAL_StatusTypeDef HAL_DCMI_DeInit(DCMI_HandleTypeDef *hdcmi);
      | ^~~~~~~~~~~~~~~~~
      | HAL_DMA_StateTypeDef
D:/UBA/CESE/ProgMicro/PdM_workspace-main/Practica5_punto1/Drivers/STM32F4xx_HAL_Driver/Inc/stm32f4xx_hal_dcmi.h:449:1: error: unknown type name 'HAL_StatusTypeDef'; did you mean 'HAL_DMA_StateTypeDef'?
  449 | HAL_StatusTypeDef HAL_DCMI_Start_DMA(DCMI_HandleTypeDef* hdcmi, uint32_t DCMI_Mode, uint32_t pData, uint32_t Length);
      | ^~~~~~~~~~~~~~~~~
      | HAL_DMA_StateTypeDef
D:/UBA/CESE/ProgMicro/PdM_workspace-main/Practica5_punto1/Drivers/STM32F4xx_HAL_Driver/Inc/stm32f4xx_hal_dcmi.h:450:1: error: unknown type name 'HAL_StatusTypeDef'; did you mean 'HAL_DMA_StateTypeDef'?
  450 | HAL_StatusTypeDef HAL_DCMI_Stop(DCMI_HandleTypeDef* hdcmi);
      | ^~~~~~~~~~~~~~~~~
      | HAL_DMA_StateTypeDef
D:/UBA/CESE/ProgMicro/PdM_workspace-main/Practica5_punto1/Drivers/STM32F4xx_HAL_Driver/Inc/stm32f4xx_hal_dcmi.h:451:1: error: unknown type name 'HAL_StatusTypeDef'; did you mean 'HAL_DMA_StateTypeDef'?
  451 | HAL_StatusTypeDef HAL_DCMI_Suspend(DCMI_HandleTypeDef* hdcmi);
      | ^~~~~~~~~~~~~~~~~
      | HAL_DMA_StateTypeDef
D:/UBA/CESE/ProgMicro/PdM_workspace-main/Practica5_punto1/Drivers/STM32F4xx_HAL_Driver/Inc/stm32f4xx_hal_dcmi.h:452:1: error: unknown type name 'HAL_StatusTypeDef'; did you mean 'HAL_DMA_StateTypeDef'?
  452 | HAL_StatusTypeDef HAL_DCMI_Resume(DCMI_HandleTypeDef* hdcmi);
      | ^~~~~~~~~~~~~~~~~
      | HAL_DMA_StateTypeDef
D:/UBA/CESE/ProgMicro/PdM_workspace-main/Practica5_punto1/Drivers/STM32F4xx_HAL_Driver/Inc/stm32f4xx_hal_dcmi.h:468:1: error: unknown type name 'HAL_StatusTypeDef'; did you mean 'HAL_DMA_StateTypeDef'?
  468 | HAL_StatusTypeDef HAL_DCMI_ConfigCrop(DCMI_HandleTypeDef *hdcmi, uint32_t X0, uint32_t Y0, uint32_t XSize, uint32_t YSize);
      | ^~~~~~~~~~~~~~~~~
      | HAL_DMA_StateTypeDef
D:/UBA/CESE/ProgMicro/PdM_workspace-main/Practica5_punto1/Drivers/STM32F4xx_HAL_Driver/Inc/stm32f4xx_hal_dcmi.h:469:1: error: unknown type name 'HAL_StatusTypeDef'; did you mean 'HAL_DMA_StateTypeDef'?
  469 | HAL_StatusTypeDef HAL_DCMI_EnableCrop(DCMI_HandleTypeDef *hdcmi);
      | ^~~~~~~~~~~~~~~~~
      | HAL_DMA_StateTypeDef
D:/UBA/CESE/ProgMicro/PdM_workspace-main/Practica5_punto1/Drivers/STM32F4xx_HAL_Driver/Inc/stm32f4xx_hal_dcmi.h:470:1: error: unknown type name 'HAL_StatusTypeDef'; did you mean 'HAL_DMA_StateTypeDef'?
  470 | HAL_StatusTypeDef HAL_DCMI_DisableCrop(DCMI_HandleTypeDef *hdcmi);
      | ^~~~~~~~~~~~~~~~~
      | HAL_DMA_StateTypeDef
D:/UBA/CESE/ProgMicro/PdM_workspace-main/Practica5_punto1/Drivers/STM32F4xx_HAL_Driver/Inc/stm32f4xx_hal_dcmi.h:471:1: error: unknown type name 'HAL_StatusTypeDef'; did you mean 'HAL_DMA_StateTypeDef'?
  471 | HAL_StatusTypeDef HAL_DCMI_ConfigSyncUnmask(DCMI_HandleTypeDef *hdcmi, DCMI_SyncUnmaskTypeDef *SyncUnmask);
      | ^~~~~~~~~~~~~~~~~
      | HAL_DMA_StateTypeDef
In file included from ../Inc/stm32f4xx_hal_conf.h:317,
                 from D:/UBA/CESE/ProgMicro/PdM_workspace-main/Practica5_punto1/Drivers/STM32F4xx_HAL_Driver/Inc/stm32f4xx_hal.h:30,
                 from D:/UBA/CESE/ProgMicro/PdM_workspace-main/Practica5_punto1/Drivers/CMSIS/Device/ST/STM32F4xx/Include/stm32f4xx.h:288,
                 from D:/UBA/CESE/ProgMicro/PdM_workspace-main/Practica5_punto1/Drivers/STM32F4xx_HAL_Driver/Inc/stm32f4xx_hal_def.h:30,
                 from D:/UBA/CESE/ProgMicro/PdM_workspace-main/Practica5_punto1/Drivers/STM32F4xx_HAL_Driver/Inc/stm32f4xx_hal_uart.h:29,
                 from D:/UBA/CESE/ProgMicro/PdM_workspace-main/Practica5_punto1/Drivers/API/Inc/API_uart.h:8,
                 from ../Drivers/API/Src/API_uart.c:1:
D:/UBA/CESE/ProgMicro/PdM_workspace-main/Practica5_punto1/Drivers/STM32F4xx_HAL_Driver/Inc/stm32f4xx_hal_eth.h:631:3: error: unknown type name 'HAL_LockTypeDef'
  631 |   HAL_LockTypeDef            Lock;          /*!< ETH Lock                    */
      |   ^~~~~~~~~~~~~~~
D:/UBA/CESE/ProgMicro/PdM_workspace-main/Practica5_punto1/Drivers/STM32F4xx_HAL_Driver/Inc/stm32f4xx_hal_eth.h:2131:1: error: unknown type name 'HAL_StatusTypeDef'; did you mean 'HAL_ETH_StateTypeDef'?
 2131 | HAL_StatusTypeDef HAL_ETH_Init(ETH_HandleTypeDef *heth);
      | ^~~~~~~~~~~~~~~~~
      | HAL_ETH_StateTypeDef
D:/UBA/CESE/ProgMicro/PdM_workspace-main/Practica5_punto1/Drivers/STM32F4xx_HAL_Driver/Inc/stm32f4xx_hal_eth.h:2132:1: error: unknown type name 'HAL_StatusTypeDef'; did you mean 'HAL_ETH_StateTypeDef'?
 2132 | HAL_StatusTypeDef HAL_ETH_DeInit(ETH_HandleTypeDef *heth);
      | ^~~~~~~~~~~~~~~~~
      | HAL_ETH_StateTypeDef
D:/UBA/CESE/ProgMicro/PdM_workspace-main/Practica5_punto1/Drivers/STM32F4xx_HAL_Driver/Inc/stm32f4xx_hal_eth.h:2135:1: error: unknown type name 'HAL_StatusTypeDef'; did you mean 'HAL_ETH_StateTypeDef'?
 2135 | HAL_StatusTypeDef HAL_ETH_DMATxDescListInit(ETH_HandleTypeDef *heth, ETH_DMADescTypeDef *DMATxDescTab, uint8_t* TxBuff, uint32_t TxBuffCount);
      | ^~~~~~~~~~~~~~~~~
      | HAL_ETH_StateTypeDef
D:/UBA/CESE/ProgMicro/PdM_workspace-main/Practica5_punto1/Drivers/STM32F4xx_HAL_Driver/Inc/stm32f4xx_hal_eth.h:2136:1: error: unknown type name 'HAL_StatusTypeDef'; did you mean 'HAL_ETH_StateTypeDef'?
 2136 | HAL_StatusTypeDef HAL_ETH_DMARxDescListInit(ETH_HandleTypeDef *heth, ETH_DMADescTypeDef *DMARxDescTab, uint8_t *RxBuff, uint32_t RxBuffCount);
      | ^~~~~~~~~~~~~~~~~
      | HAL_ETH_StateTypeDef
D:/UBA/CESE/ProgMicro/PdM_workspace-main/Practica5_punto1/Drivers/STM32F4xx_HAL_Driver/Inc/stm32f4xx_hal_eth.h:2151:1: error: unknown type name 'HAL_StatusTypeDef'; did you mean 'HAL_ETH_StateTypeDef'?
 2151 | HAL_StatusTypeDef HAL_ETH_TransmitFrame(ETH_HandleTypeDef *heth, uint32_t FrameLength);
      | ^~~~~~~~~~~~~~~~~
      | HAL_ETH_StateTypeDef
D:/UBA/CESE/ProgMicro/PdM_workspace-main/Practica5_punto1/Drivers/STM32F4xx_HAL_Driver/Inc/stm32f4xx_hal_eth.h:2152:1: error: unknown type name 'HAL_StatusTypeDef'; did you mean 'HAL_ETH_StateTypeDef'?
 2152 | HAL_StatusTypeDef HAL_ETH_GetReceivedFrame(ETH_HandleTypeDef *heth);
      | ^~~~~~~~~~~~~~~~~
      | HAL_ETH_StateTypeDef
D:/UBA/CESE/ProgMicro/PdM_workspace-main/Practica5_punto1/Drivers/STM32F4xx_HAL_Driver/Inc/stm32f4xx_hal_eth.h:2154:1: error: unknown type name 'HAL_StatusTypeDef'; did you mean 'HAL_ETH_StateTypeDef'?
 2154 | HAL_StatusTypeDef HAL_ETH_ReadPHYRegister(ETH_HandleTypeDef *heth, uint16_t PHYReg, uint32_t *RegValue);
      | ^~~~~~~~~~~~~~~~~
      | HAL_ETH_StateTypeDef
D:/UBA/CESE/ProgMicro/PdM_workspace-main/Practica5_punto1/Drivers/STM32F4xx_HAL_Driver/Inc/stm32f4xx_hal_eth.h:2155:1: error: unknown type name 'HAL_StatusTypeDef'; did you mean 'HAL_ETH_StateTypeDef'?
 2155 | HAL_StatusTypeDef HAL_ETH_WritePHYRegister(ETH_HandleTypeDef *heth, uint16_t PHYReg, uint32_t RegValue);
      | ^~~~~~~~~~~~~~~~~
      | HAL_ETH_StateTypeDef
D:/UBA/CESE/ProgMicro/PdM_workspace-main/Practica5_punto1/Drivers/STM32F4xx_HAL_Driver/Inc/stm32f4xx_hal_eth.h:2157:1: error: unknown type name 'HAL_StatusTypeDef'; did you mean 'HAL_ETH_StateTypeDef'?
 2157 | HAL_StatusTypeDef HAL_ETH_GetReceivedFrame_IT(ETH_HandleTypeDef *heth);
      | ^~~~~~~~~~~~~~~~~
      | HAL_ETH_StateTypeDef
D:/UBA/CESE/ProgMicro/PdM_workspace-main/Practica5_punto1/Drivers/STM32F4xx_HAL_Driver/Inc/stm32f4xx_hal_eth.h:2173:1: error: unknown type name 'HAL_StatusTypeDef'; did you mean 'HAL_ETH_StateTypeDef'?
 2173 | HAL_StatusTypeDef HAL_ETH_Start(ETH_HandleTypeDef *heth);
      | ^~~~~~~~~~~~~~~~~
      | HAL_ETH_StateTypeDef
D:/UBA/CESE/ProgMicro/PdM_workspace-main/Practica5_punto1/Drivers/STM32F4xx_HAL_Driver/Inc/stm32f4xx_hal_eth.h:2174:1: error: unknown type name 'HAL_StatusTypeDef'; did you mean 'HAL_ETH_StateTypeDef'?
 2174 | HAL_StatusTypeDef HAL_ETH_Stop(ETH_HandleTypeDef *heth);
      | ^~~~~~~~~~~~~~~~~
      | HAL_ETH_StateTypeDef
D:/UBA/CESE/ProgMicro/PdM_workspace-main/Practica5_punto1/Drivers/STM32F4xx_HAL_Driver/Inc/stm32f4xx_hal_eth.h:2175:1: error: unknown type name 'HAL_StatusTypeDef'; did you mean 'HAL_ETH_StateTypeDef'?
 2175 | HAL_StatusTypeDef HAL_ETH_ConfigMAC(ETH_HandleTypeDef *heth, ETH_MACInitTypeDef *macconf);
      | ^~~~~~~~~~~~~~~~~
      | HAL_ETH_StateTypeDef
D:/UBA/CESE/ProgMicro/PdM_workspace-main/Practica5_punto1/Drivers/STM32F4xx_HAL_Driver/Inc/stm32f4xx_hal_eth.h:2176:1: error: unknown type name 'HAL_StatusTypeDef'; did you mean 'HAL_ETH_StateTypeDef'?
 2176 | HAL_StatusTypeDef HAL_ETH_ConfigDMA(ETH_HandleTypeDef *heth, ETH_DMAInitTypeDef *dmaconf);
      | ^~~~~~~~~~~~~~~~~
      | HAL_ETH_StateTypeDef
In file included from ../Inc/stm32f4xx_hal_conf.h:321,
                 from D:/UBA/CESE/ProgMicro/PdM_workspace-main/Practica5_punto1/Drivers/STM32F4xx_HAL_Driver/Inc/stm32f4xx_hal.h:30,
                 from D:/UBA/CESE/ProgMicro/PdM_workspace-main/Practica5_punto1/Drivers/CMSIS/Device/ST/STM32F4xx/Include/stm32f4xx.h:288,
                 from D:/UBA/CESE/ProgMicro/PdM_workspace-main/Practica5_punto1/Drivers/STM32F4xx_HAL_Driver/Inc/stm32f4xx_hal_def.h:30,
                 from D:/UBA/CESE/ProgMicro/PdM_workspace-main/Practica5_punto1/Drivers/STM32F4xx_HAL_Driver/Inc/stm32f4xx_hal_uart.h:29,
                 from D:/UBA/CESE/ProgMicro/PdM_workspace-main/Practica5_punto1/Drivers/API/Inc/API_uart.h:8,
                 from ../Drivers/API/Src/API_uart.c:1:
D:/UBA/CESE/ProgMicro/PdM_workspace-main/Practica5_punto1/Drivers/STM32F4xx_HAL_Driver/Inc/stm32f4xx_hal_flash.h:72:3: error: unknown type name 'HAL_LockTypeDef'
   72 |   HAL_LockTypeDef             Lock;               /* FLASH locking object                */
      |   ^~~~~~~~~~~~~~~
In file included from D:/UBA/CESE/ProgMicro/PdM_workspace-main/Practica5_punto1/Drivers/STM32F4xx_HAL_Driver/Inc/stm32f4xx_hal_flash.h:297,
                 from ../Inc/stm32f4xx_hal_conf.h:321,
                 from D:/UBA/CESE/ProgMicro/PdM_workspace-main/Practica5_punto1/Drivers/STM32F4xx_HAL_Driver/Inc/stm32f4xx_hal.h:30,
                 from D:/UBA/CESE/ProgMicro/PdM_workspace-main/Practica5_punto1/Drivers/CMSIS/Device/ST/STM32F4xx/Include/stm32f4xx.h:288,
                 from D:/UBA/CESE/ProgMicro/PdM_workspace-main/Practica5_punto1/Drivers/STM32F4xx_HAL_Driver/Inc/stm32f4xx_hal_def.h:30,
                 from D:/UBA/CESE/ProgMicro/PdM_workspace-main/Practica5_punto1/Drivers/STM32F4xx_HAL_Driver/Inc/stm32f4xx_hal_uart.h:29,
                 from D:/UBA/CESE/ProgMicro/PdM_workspace-main/Practica5_punto1/Drivers/API/Inc/API_uart.h:8,
                 from ../Drivers/API/Src/API_uart.c:1:
D:/UBA/CESE/ProgMicro/PdM_workspace-main/Practica5_punto1/Drivers/STM32F4xx_HAL_Driver/Inc/stm32f4xx_hal_flash_ex.h:727:1: error: unknown type name 'HAL_StatusTypeDef'; did you mean 'HAL_ETH_StateTypeDef'?
  727 | HAL_StatusTypeDef HAL_FLASHEx_Erase(FLASH_EraseInitTypeDef *pEraseInit, uint32_t *SectorError);
      | ^~~~~~~~~~~~~~~~~
      | HAL_ETH_StateTypeDef
D:/UBA/CESE/ProgMicro/PdM_workspace-main/Practica5_punto1/Drivers/STM32F4xx_HAL_Driver/Inc/stm32f4xx_hal_flash_ex.h:728:1: error: unknown type name 'HAL_StatusTypeDef'; did you mean 'HAL_ETH_StateTypeDef'?
  728 | HAL_StatusTypeDef HAL_FLASHEx_Erase_IT(FLASH_EraseInitTypeDef *pEraseInit);
      | ^~~~~~~~~~~~~~~~~
      | HAL_ETH_StateTypeDef
D:/UBA/CESE/ProgMicro/PdM_workspace-main/Practica5_punto1/Drivers/STM32F4xx_HAL_Driver/Inc/stm32f4xx_hal_flash_ex.h:729:1: error: unknown type name 'HAL_StatusTypeDef'; did you mean 'HAL_ETH_StateTypeDef'?
  729 | HAL_StatusTypeDef HAL_FLASHEx_OBProgram(FLASH_OBProgramInitTypeDef *pOBInit);
      | ^~~~~~~~~~~~~~~~~
      | HAL_ETH_StateTypeDef
D:/UBA/CESE/ProgMicro/PdM_workspace-main/Practica5_punto1/Drivers/STM32F4xx_HAL_Driver/Inc/stm32f4xx_hal_flash_ex.h:737:1: error: unknown type name 'HAL_StatusTypeDef'; did you mean 'HAL_ETH_StateTypeDef'?
  737 | HAL_StatusTypeDef HAL_FLASHEx_AdvOBProgram (FLASH_AdvOBProgramInitTypeDef *pAdvOBInit);
      | ^~~~~~~~~~~~~~~~~
      | HAL_ETH_StateTypeDef
D:/UBA/CESE/ProgMicro/PdM_workspace-main/Practica5_punto1/Drivers/STM32F4xx_HAL_Driver/Inc/stm32f4xx_hal_flash_ex.h:739:1: error: unknown type name 'HAL_StatusTypeDef'; did you mean 'HAL_ETH_StateTypeDef'?
  739 | HAL_StatusTypeDef HAL_FLASHEx_OB_SelectPCROP(void);
      | ^~~~~~~~~~~~~~~~~
      | HAL_ETH_StateTypeDef
D:/UBA/CESE/ProgMicro/PdM_workspace-main/Practica5_punto1/Drivers/STM32F4xx_HAL_Driver/Inc/stm32f4xx_hal_flash_ex.h:740:1: error: unknown type name 'HAL_StatusTypeDef'; did you mean 'HAL_ETH_StateTypeDef'?
  740 | HAL_StatusTypeDef HAL_FLASHEx_OB_DeSelectPCROP(void);
      | ^~~~~~~~~~~~~~~~~
      | HAL_ETH_StateTypeDef
In file included from ../Inc/stm32f4xx_hal_conf.h:321,
                 from D:/UBA/CESE/ProgMicro/PdM_workspace-main/Practica5_punto1/Drivers/STM32F4xx_HAL_Driver/Inc/stm32f4xx_hal.h:30,
                 from D:/UBA/CESE/ProgMicro/PdM_workspace-main/Practica5_punto1/Drivers/CMSIS/Device/ST/STM32F4xx/Include/stm32f4xx.h:288,
                 from D:/UBA/CESE/ProgMicro/PdM_workspace-main/Practica5_punto1/Drivers/STM32F4xx_HAL_Driver/Inc/stm32f4xx_hal_def.h:30,
                 from D:/UBA/CESE/ProgMicro/PdM_workspace-main/Practica5_punto1/Drivers/STM32F4xx_HAL_Driver/Inc/stm32f4xx_hal_uart.h:29,
                 from D:/UBA/CESE/ProgMicro/PdM_workspace-main/Practica5_punto1/Drivers/API/Inc/API_uart.h:8,
                 from ../Drivers/API/Src/API_uart.c:1:
D:/UBA/CESE/ProgMicro/PdM_workspace-main/Practica5_punto1/Drivers/STM32F4xx_HAL_Driver/Inc/stm32f4xx_hal_flash.h:308:1: error: unknown type name 'HAL_StatusTypeDef'; did you mean 'HAL_ETH_StateTypeDef'?
  308 | HAL_StatusTypeDef HAL_FLASH_Program(uint32_t TypeProgram, uint32_t Address, uint64_t Data);
      | ^~~~~~~~~~~~~~~~~
      | HAL_ETH_StateTypeDef
D:/UBA/CESE/ProgMicro/PdM_workspace-main/Practica5_punto1/Drivers/STM32F4xx_HAL_Driver/Inc/stm32f4xx_hal_flash.h:309:1: error: unknown type name 'HAL_StatusTypeDef'; did you mean 'HAL_ETH_StateTypeDef'?
  309 | HAL_StatusTypeDef HAL_FLASH_Program_IT(uint32_t TypeProgram, uint32_t Address, uint64_t Data);
      | ^~~~~~~~~~~~~~~~~
      | HAL_ETH_StateTypeDef
D:/UBA/CESE/ProgMicro/PdM_workspace-main/Practica5_punto1/Drivers/STM32F4xx_HAL_Driver/Inc/stm32f4xx_hal_flash.h:323:1: error: unknown type name 'HAL_StatusTypeDef'; did you mean 'HAL_ETH_StateTypeDef'?
  323 | HAL_StatusTypeDef HAL_FLASH_Unlock(void);
      | ^~~~~~~~~~~~~~~~~
      | HAL_ETH_StateTypeDef
D:/UBA/CESE/ProgMicro/PdM_workspace-main/Practica5_punto1/Drivers/STM32F4xx_HAL_Driver/Inc/stm32f4xx_hal_flash.h:324:1: error: unknown type name 'HAL_StatusTypeDef'; did you mean 'HAL_ETH_StateTypeDef'?
  324 | HAL_StatusTypeDef HAL_FLASH_Lock(void);
      | ^~~~~~~~~~~~~~~~~
      | HAL_ETH_StateTypeDef
D:/UBA/CESE/ProgMicro/PdM_workspace-main/Practica5_punto1/Drivers/STM32F4xx_HAL_Driver/Inc/stm32f4xx_hal_flash.h:325:1: error: unknown type name 'HAL_StatusTypeDef'; did you mean 'HAL_ETH_StateTypeDef'?
  325 | HAL_StatusTypeDef HAL_FLASH_OB_Unlock(void);
      | ^~~~~~~~~~~~~~~~~
      | HAL_ETH_StateTypeDef
D:/UBA/CESE/ProgMicro/PdM_workspace-main/Practica5_punto1/Drivers/STM32F4xx_HAL_Driver/Inc/stm32f4xx_hal_flash.h:326:1: error: unknown type name 'HAL_StatusTypeDef'; did you mean 'HAL_ETH_StateTypeDef'?
  326 | HAL_StatusTypeDef HAL_FLASH_OB_Lock(void);
      | ^~~~~~~~~~~~~~~~~
      | HAL_ETH_StateTypeDef
D:/UBA/CESE/ProgMicro/PdM_workspace-main/Practica5_punto1/Drivers/STM32F4xx_HAL_Driver/Inc/stm32f4xx_hal_flash.h:328:1: error: unknown type name 'HAL_StatusTypeDef'; did you mean 'HAL_ETH_StateTypeDef'?
  328 | HAL_StatusTypeDef HAL_FLASH_OB_Launch(void);
      | ^~~~~~~~~~~~~~~~~
      | HAL_ETH_StateTypeDef
D:/UBA/CESE/ProgMicro/PdM_workspace-main/Practica5_punto1/Drivers/STM32F4xx_HAL_Driver/Inc/stm32f4xx_hal_flash.h:338:1: error: unknown type name 'HAL_StatusTypeDef'; did you mean 'HAL_ETH_StateTypeDef'?
  338 | HAL_StatusTypeDef FLASH_WaitForLastOperation(uint32_t Timeout);
      | ^~~~~~~~~~~~~~~~~
      | HAL_ETH_StateTypeDef
In file included from D:/UBA/CESE/ProgMicro/PdM_workspace-main/Practica5_punto1/Drivers/STM32F4xx_HAL_Driver/Inc/stm32f4xx_hal_sdram.h:32,
                 from ../Inc/stm32f4xx_hal_conf.h:341,
                 from D:/UBA/CESE/ProgMicro/PdM_workspace-main/Practica5_punto1/Drivers/STM32F4xx_HAL_Driver/Inc/stm32f4xx_hal.h:30,
                 from D:/UBA/CESE/ProgMicro/PdM_workspace-main/Practica5_punto1/Drivers/CMSIS/Device/ST/STM32F4xx/Include/stm32f4xx.h:288,
                 from D:/UBA/CESE/ProgMicro/PdM_workspace-main/Practica5_punto1/Drivers/STM32F4xx_HAL_Driver/Inc/stm32f4xx_hal_def.h:30,
                 from D:/UBA/CESE/ProgMicro/PdM_workspace-main/Practica5_punto1/Drivers/STM32F4xx_HAL_Driver/Inc/stm32f4xx_hal_uart.h:29,
                 from D:/UBA/CESE/ProgMicro/PdM_workspace-main/Practica5_punto1/Drivers/API/Inc/API_uart.h:8,
                 from ../Drivers/API/Src/API_uart.c:1:
D:/UBA/CESE/ProgMicro/PdM_workspace-main/Practica5_punto1/Drivers/STM32F4xx_HAL_Driver/Inc/stm32f4xx_ll_fmc.h:1289:1: error: unknown type name 'HAL_StatusTypeDef'; did you mean 'HAL_ETH_StateTypeDef'?
 1289 | HAL_StatusTypeDef  FMC_NORSRAM_Init(FMC_NORSRAM_TypeDef *Device, FMC_NORSRAM_InitTypeDef *Init);
      | ^~~~~~~~~~~~~~~~~
      | HAL_ETH_StateTypeDef
D:/UBA/CESE/ProgMicro/PdM_workspace-main/Practica5_punto1/Drivers/STM32F4xx_HAL_Driver/Inc/stm32f4xx_ll_fmc.h:1290:1: error: unknown type name 'HAL_StatusTypeDef'; did you mean 'HAL_ETH_StateTypeDef'?
 1290 | HAL_StatusTypeDef  FMC_NORSRAM_Timing_Init(FMC_NORSRAM_TypeDef *Device, FMC_NORSRAM_TimingTypeDef *Timing, uint32_t Bank);
      | ^~~~~~~~~~~~~~~~~
      | HAL_ETH_StateTypeDef
D:/UBA/CESE/ProgMicro/PdM_workspace-main/Practica5_punto1/Drivers/STM32F4xx_HAL_Driver/Inc/stm32f4xx_ll_fmc.h:1291:1: error: unknown type name 'HAL_StatusTypeDef'; did you mean 'HAL_ETH_StateTypeDef'?
 1291 | HAL_StatusTypeDef  FMC_NORSRAM_Extended_Timing_Init(FMC_NORSRAM_EXTENDED_TypeDef *Device, FMC_NORSRAM_TimingTypeDef *Timing, uint32_t Bank, uint32_t ExtendedMode);
      | ^~~~~~~~~~~~~~~~~
      | HAL_ETH_StateTypeDef
D:/UBA/CESE/ProgMicro/PdM_workspace-main/Practica5_punto1/Drivers/STM32F4xx_HAL_Driver/Inc/stm32f4xx_ll_fmc.h:1292:1: error: unknown type name 'HAL_StatusTypeDef'; did you mean 'HAL_ETH_StateTypeDef'?
 1292 | HAL_StatusTypeDef  FMC_NORSRAM_DeInit(FMC_NORSRAM_TypeDef *Device, FMC_NORSRAM_EXTENDED_TypeDef *ExDevice, uint32_t Bank);
      | ^~~~~~~~~~~~~~~~~
      | HAL_ETH_StateTypeDef
D:/UBA/CESE/ProgMicro/PdM_workspace-main/Practica5_punto1/Drivers/STM32F4xx_HAL_Driver/Inc/stm32f4xx_ll_fmc.h:1300:1: error: unknown type name 'HAL_StatusTypeDef'; did you mean 'HAL_ETH_StateTypeDef'?
 1300 | HAL_StatusTypeDef  FMC_NORSRAM_WriteOperation_Enable(FMC_NORSRAM_TypeDef *Device, uint32_t Bank);
      | ^~~~~~~~~~~~~~~~~
      | HAL_ETH_StateTypeDef
D:/UBA/CESE/ProgMicro/PdM_workspace-main/Practica5_punto1/Drivers/STM32F4xx_HAL_Driver/Inc/stm32f4xx_ll_fmc.h:1301:1: error: unknown type name 'HAL_StatusTypeDef'; did you mean 'HAL_ETH_StateTypeDef'?
 1301 | HAL_StatusTypeDef  FMC_NORSRAM_WriteOperation_Disable(FMC_NORSRAM_TypeDef *Device, uint32_t Bank);
      | ^~~~~~~~~~~~~~~~~
      | HAL_ETH_StateTypeDef
D:/UBA/CESE/ProgMicro/PdM_workspace-main/Practica5_punto1/Drivers/STM32F4xx_HAL_Driver/Inc/stm32f4xx_ll_fmc.h:1315:1: error: unknown type name 'HAL_StatusTypeDef'; did you mean 'HAL_ETH_StateTypeDef'?
 1315 | HAL_StatusTypeDef  FMC_NAND_Init(FMC_NAND_TypeDef *Device, FMC_NAND_InitTypeDef *Init);
      | ^~~~~~~~~~~~~~~~~
      | HAL_ETH_StateTypeDef
D:/UBA/CESE/ProgMicro/PdM_workspace-main/Practica5_punto1/Drivers/STM32F4xx_HAL_Driver/Inc/stm32f4xx_ll_fmc.h:1316:1: error: unknown type name 'HAL_StatusTypeDef'; did you mean 'HAL_ETH_StateTypeDef'?
 1316 | HAL_StatusTypeDef  FMC_NAND_CommonSpace_Timing_Init(FMC_NAND_TypeDef *Device, FMC_NAND_PCC_TimingTypeDef *Timing, uint32_t Bank);
      | ^~~~~~~~~~~~~~~~~
      | HAL_ETH_StateTypeDef
D:/UBA/CESE/ProgMicro/PdM_workspace-main/Practica5_punto1/Drivers/STM32F4xx_HAL_Driver/Inc/stm32f4xx_ll_fmc.h:1317:1: error: unknown type name 'HAL_StatusTypeDef'; did you mean 'HAL_ETH_StateTypeDef'?
 1317 | HAL_StatusTypeDef  FMC_NAND_AttributeSpace_Timing_Init(FMC_NAND_TypeDef *Device, FMC_NAND_PCC_TimingTypeDef *Timing, uint32_t Bank);
      | ^~~~~~~~~~~~~~~~~
      | HAL_ETH_StateTypeDef
D:/UBA/CESE/ProgMicro/PdM_workspace-main/Practica5_punto1/Drivers/STM32F4xx_HAL_Driver/Inc/stm32f4xx_ll_fmc.h:1318:1: error: unknown type name 'HAL_StatusTypeDef'; did you mean 'HAL_ETH_StateTypeDef'?
 1318 | HAL_StatusTypeDef  FMC_NAND_DeInit(FMC_NAND_TypeDef *Device, uint32_t Bank);
      | ^~~~~~~~~~~~~~~~~
      | HAL_ETH_StateTypeDef
D:/UBA/CESE/ProgMicro/PdM_workspace-main/Practica5_punto1/Drivers/STM32F4xx_HAL_Driver/Inc/stm32f4xx_ll_fmc.h:1326:1: error: unknown type name 'HAL_StatusTypeDef'; did you mean 'HAL_ETH_StateTypeDef'?
 1326 | HAL_StatusTypeDef  FMC_NAND_ECC_Enable(FMC_NAND_TypeDef *Device, uint32_t Bank);
      | ^~~~~~~~~~~~~~~~~
      | HAL_ETH_StateTypeDef
D:/UBA/CESE/ProgMicro/PdM_workspace-main/Practica5_punto1/Drivers/STM32F4xx_HAL_Driver/Inc/stm32f4xx_ll_fmc.h:1327:1: error: unknown type name 'HAL_StatusTypeDef'; did you mean 'HAL_ETH_StateTypeDef'?
 1327 | HAL_StatusTypeDef  FMC_NAND_ECC_Disable(FMC_NAND_TypeDef *Device, uint32_t Bank);
      | ^~~~~~~~~~~~~~~~~
      | HAL_ETH_StateTypeDef
D:/UBA/CESE/ProgMicro/PdM_workspace-main/Practica5_punto1/Drivers/STM32F4xx_HAL_Driver/Inc/stm32f4xx_ll_fmc.h:1328:1: error: unknown type name 'HAL_StatusTypeDef'; did you mean 'HAL_ETH_StateTypeDef'?
 1328 | HAL_StatusTypeDef  FMC_NAND_GetECC(FMC_NAND_TypeDef *Device, uint32_t *ECCval, uint32_t Bank, uint32_t Timeout);
      | ^~~~~~~~~~~~~~~~~
      | HAL_ETH_StateTypeDef
D:/UBA/CESE/ProgMicro/PdM_workspace-main/Practica5_punto1/Drivers/STM32F4xx_HAL_Driver/Inc/stm32f4xx_ll_fmc.h:1343:1: error: unknown type name 'HAL_StatusTypeDef'; did you mean 'HAL_ETH_StateTypeDef'?
 1343 | HAL_StatusTypeDef  FMC_PCCARD_Init(FMC_PCCARD_TypeDef *Device, FMC_PCCARD_InitTypeDef *Init);
      | ^~~~~~~~~~~~~~~~~
      | HAL_ETH_StateTypeDef
D:/UBA/CESE/ProgMicro/PdM_workspace-main/Practica5_punto1/Drivers/STM32F4xx_HAL_Driver/Inc/stm32f4xx_ll_fmc.h:1344:1: error: unknown type name 'HAL_StatusTypeDef'; did you mean 'HAL_ETH_StateTypeDef'?
 1344 | HAL_StatusTypeDef  FMC_PCCARD_CommonSpace_Timing_Init(FMC_PCCARD_TypeDef *Device, FMC_NAND_PCC_TimingTypeDef *Timing);
      | ^~~~~~~~~~~~~~~~~
      | HAL_ETH_StateTypeDef
D:/UBA/CESE/ProgMicro/PdM_workspace-main/Practica5_punto1/Drivers/STM32F4xx_HAL_Driver/Inc/stm32f4xx_ll_fmc.h:1345:1: error: unknown type name 'HAL_StatusTypeDef'; did you mean 'HAL_ETH_StateTypeDef'?
 1345 | HAL_StatusTypeDef  FMC_PCCARD_AttributeSpace_Timing_Init(FMC_PCCARD_TypeDef *Device, FMC_NAND_PCC_TimingTypeDef *Timing);
      | ^~~~~~~~~~~~~~~~~
      | HAL_ETH_StateTypeDef
D:/UBA/CESE/ProgMicro/PdM_workspace-main/Practica5_punto1/Drivers/STM32F4xx_HAL_Driver/Inc/stm32f4xx_ll_fmc.h:1346:1: error: unknown type name 'HAL_StatusTypeDef'; did you mean 'HAL_ETH_StateTypeDef'?
 1346 | HAL_StatusTypeDef  FMC_PCCARD_IOSpace_Timing_Init(FMC_PCCARD_TypeDef *Device, FMC_NAND_PCC_TimingTypeDef *Timing);
      | ^~~~~~~~~~~~~~~~~
      | HAL_ETH_StateTypeDef
D:/UBA/CESE/ProgMicro/PdM_workspace-main/Practica5_punto1/Drivers/STM32F4xx_HAL_Driver/Inc/stm32f4xx_ll_fmc.h:1347:1: error: unknown type name 'HAL_StatusTypeDef'; did you mean 'HAL_ETH_StateTypeDef'?
 1347 | HAL_StatusTypeDef  FMC_PCCARD_DeInit(FMC_PCCARD_TypeDef *Device);
      | ^~~~~~~~~~~~~~~~~
      | HAL_ETH_StateTypeDef
D:/UBA/CESE/ProgMicro/PdM_workspace-main/Practica5_punto1/Drivers/STM32F4xx_HAL_Driver/Inc/stm32f4xx_ll_fmc.h:1362:1: error: unknown type name 'HAL_StatusTypeDef'; did you mean 'HAL_ETH_StateTypeDef'?
 1362 | HAL_StatusTypeDef  FMC_SDRAM_Init(FMC_SDRAM_TypeDef *Device, FMC_SDRAM_InitTypeDef *Init);
      | ^~~~~~~~~~~~~~~~~
      | HAL_ETH_StateTypeDef
D:/UBA/CESE/ProgMicro/PdM_workspace-main/Practica5_punto1/Drivers/STM32F4xx_HAL_Driver/Inc/stm32f4xx_ll_fmc.h:1363:1: error: unknown type name 'HAL_StatusTypeDef'; did you mean 'HAL_ETH_StateTypeDef'?
 1363 | HAL_StatusTypeDef  FMC_SDRAM_Timing_Init(FMC_SDRAM_TypeDef *Device, FMC_SDRAM_TimingTypeDef *Timing, uint32_t Bank);
      | ^~~~~~~~~~~~~~~~~
      | HAL_ETH_StateTypeDef
D:/UBA/CESE/ProgMicro/PdM_workspace-main/Practica5_punto1/Drivers/STM32F4xx_HAL_Driver/Inc/stm32f4xx_ll_fmc.h:1364:1: error: unknown type name 'HAL_StatusTypeDef'; did you mean 'HAL_ETH_StateTypeDef'?
 1364 | HAL_StatusTypeDef  FMC_SDRAM_DeInit(FMC_SDRAM_TypeDef *Device, uint32_t Bank);
      | ^~~~~~~~~~~~~~~~~
      | HAL_ETH_StateTypeDef
D:/UBA/CESE/ProgMicro/PdM_workspace-main/Practica5_punto1/Drivers/STM32F4xx_HAL_Driver/Inc/stm32f4xx_ll_fmc.h:1372:1: error: unknown type name 'HAL_StatusTypeDef'; did you mean 'HAL_ETH_StateTypeDef'?
 1372 | HAL_StatusTypeDef  FMC_SDRAM_WriteProtection_Enable(FMC_SDRAM_TypeDef *Device, uint32_t Bank);
      | ^~~~~~~~~~~~~~~~~
      | HAL_ETH_StateTypeDef
D:/UBA/CESE/ProgMicro/PdM_workspace-main/Practica5_punto1/Drivers/STM32F4xx_HAL_Driver/Inc/stm32f4xx_ll_fmc.h:1373:1: error: unknown type name 'HAL_StatusTypeDef'; did you mean 'HAL_ETH_StateTypeDef'?
 1373 | HAL_StatusTypeDef  FMC_SDRAM_WriteProtection_Disable(FMC_SDRAM_TypeDef *Device, uint32_t Bank);
      | ^~~~~~~~~~~~~~~~~
      | HAL_ETH_StateTypeDef
D:/UBA/CESE/ProgMicro/PdM_workspace-main/Practica5_punto1/Drivers/STM32F4xx_HAL_Driver/Inc/stm32f4xx_ll_fmc.h:1374:1: error: unknown type name 'HAL_StatusTypeDef'; did you mean 'HAL_ETH_StateTypeDef'?
 1374 | HAL_StatusTypeDef  FMC_SDRAM_SendCommand(FMC_SDRAM_TypeDef *Device, FMC_SDRAM_CommandTypeDef *Command, uint32_t Timeout);
      | ^~~~~~~~~~~~~~~~~
      | HAL_ETH_StateTypeDef
D:/UBA/CESE/ProgMicro/PdM_workspace-main/Practica5_punto1/Drivers/STM32F4xx_HAL_Driver/Inc/stm32f4xx_ll_fmc.h:1375:1: error: unknown type name 'HAL_StatusTypeDef'; did you mean 'HAL_ETH_StateTypeDef'?
 1375 | HAL_StatusTypeDef  FMC_SDRAM_ProgramRefreshRate(FMC_SDRAM_TypeDef *Device, uint32_t RefreshRate);
      | ^~~~~~~~~~~~~~~~~
      | HAL_ETH_StateTypeDef
D:/UBA/CESE/ProgMicro/PdM_workspace-main/Practica5_punto1/Drivers/STM32F4xx_HAL_Driver/Inc/stm32f4xx_ll_fmc.h:1376:1: error: unknown type name 'HAL_StatusTypeDef'; did you mean 'HAL_ETH_StateTypeDef'?
 1376 | HAL_StatusTypeDef  FMC_SDRAM_SetAutoRefreshNumber(FMC_SDRAM_TypeDef *Device, uint32_t AutoRefreshNumber);
      | ^~~~~~~~~~~~~~~~~
      | HAL_ETH_StateTypeDef
In file included from ../Inc/stm32f4xx_hal_conf.h:341,
                 from D:/UBA/CESE/ProgMicro/PdM_workspace-main/Practica5_punto1/Drivers/STM32F4xx_HAL_Driver/Inc/stm32f4xx_hal.h:30,
                 from D:/UBA/CESE/ProgMicro/PdM_workspace-main/Practica5_punto1/Drivers/CMSIS/Device/ST/STM32F4xx/Include/stm32f4xx.h:288,
                 from D:/UBA/CESE/ProgMicro/PdM_workspace-main/Practica5_punto1/Drivers/STM32F4xx_HAL_Driver/Inc/stm32f4xx_hal_def.h:30,
                 from D:/UBA/CESE/ProgMicro/PdM_workspace-main/Practica5_punto1/Drivers/STM32F4xx_HAL_Driver/Inc/stm32f4xx_hal_uart.h:29,
                 from D:/UBA/CESE/ProgMicro/PdM_workspace-main/Practica5_punto1/Drivers/API/Inc/API_uart.h:8,
                 from ../Drivers/API/Src/API_uart.c:1:
D:/UBA/CESE/ProgMicro/PdM_workspace-main/Practica5_punto1/Drivers/STM32F4xx_HAL_Driver/Inc/stm32f4xx_hal_sdram.h:76:3: error: unknown type name 'HAL_LockTypeDef'
   76 |   HAL_LockTypeDef               Lock;       /*!< SDRAM locking object                  */
      |   ^~~~~~~~~~~~~~~
D:/UBA/CESE/ProgMicro/PdM_workspace-main/Practica5_punto1/Drivers/STM32F4xx_HAL_Driver/Inc/stm32f4xx_hal_sdram.h:145:1: error: unknown type name 'HAL_StatusTypeDef'; did you mean 'HAL_ETH_StateTypeDef'?
  145 | HAL_StatusTypeDef HAL_SDRAM_Init(SDRAM_HandleTypeDef *hsdram, FMC_SDRAM_TimingTypeDef *Timing);
      | ^~~~~~~~~~~~~~~~~
      | HAL_ETH_StateTypeDef
D:/UBA/CESE/ProgMicro/PdM_workspace-main/Practica5_punto1/Drivers/STM32F4xx_HAL_Driver/Inc/stm32f4xx_hal_sdram.h:146:1: error: unknown type name 'HAL_StatusTypeDef'; did you mean 'HAL_ETH_StateTypeDef'?
  146 | HAL_StatusTypeDef HAL_SDRAM_DeInit(SDRAM_HandleTypeDef *hsdram);
      | ^~~~~~~~~~~~~~~~~
      | HAL_ETH_StateTypeDef
D:/UBA/CESE/ProgMicro/PdM_workspace-main/Practica5_punto1/Drivers/STM32F4xx_HAL_Driver/Inc/stm32f4xx_hal_sdram.h:162:1: error: unknown type name 'HAL_StatusTypeDef'; did you mean 'HAL_ETH_StateTypeDef'?
  162 | HAL_StatusTypeDef HAL_SDRAM_Read_8b(SDRAM_HandleTypeDef *hsdram, uint32_t *pAddress, uint8_t *pDstBuffer, uint32_t BufferSize);
      | ^~~~~~~~~~~~~~~~~
      | HAL_ETH_StateTypeDef
In file included from ../Inc/stm32f4xx_hal_conf.h:341,
                 from D:/UBA/CESE/ProgMicro/PdM_workspace-main/Practica5_punto1/Drivers/STM32F4xx_HAL_Driver/Inc/stm32f4xx_hal.h:30,
                 from D:/UBA/CESE/ProgMicro/PdM_workspace-main/Practica5_punto1/Drivers/CMSIS/Device/ST/STM32F4xx/Include/stm32f4xx.h:288,
                 from D:/UBA/CESE/ProgMicro/PdM_workspace-main/Practica5_punto1/Drivers/STM32F4xx_HAL_Driver/Inc/stm32f4xx_hal_def.h:30,
                 from D:/UBA/CESE/ProgMicro/PdM_workspace-main/Practica5_punto1/Drivers/STM32F4xx_HAL_Driver/Inc/stm32f4xx_hal_uart.h:29,
                 from D:/UBA/CESE/ProgMicro/PdM_workspace-main/Practica5_punto1/Drivers/API/Inc/API_uart.h:8,
                 from ../Drivers/API/Src/API_uart.c:1:
D:/UBA/CESE/ProgMicro/PdM_workspace-main/Practica5_punto1/Drivers/STM32F4xx_HAL_Driver/Inc/stm32f4xx_hal_sdram.h:163:1: error: unknown type name 'HAL_StatusTypeDef'; did you mean 'HAL_ETH_StateTypeDef'?
  163 | HAL_StatusTypeDef HAL_SDRAM_Write_8b(SDRAM_HandleTypeDef *hsdram, uint32_t *pAddress, uint8_t *pSrcBuffer, uint32_t BufferSize);
      | ^~~~~~~~~~~~~~~~~
      | HAL_ETH_StateTypeDef
D:/UBA/CESE/ProgMicro/PdM_workspace-main/Practica5_punto1/Drivers/STM32F4xx_HAL_Driver/Inc/stm32f4xx_hal_sdram.h:164:1: error: unknown type name 'HAL_StatusTypeDef'; did you mean 'HAL_ETH_StateTypeDef'?
  164 | HAL_StatusTypeDef HAL_SDRAM_Read_16b(SDRAM_HandleTypeDef *hsdram, uint32_t *pAddress, uint16_t *pDstBuffer, uint32_t BufferSize);
      | ^~~~~~~~~~~~~~~~~
      | HAL_ETH_StateTypeDef
D:/UBA/CESE/ProgMicro/PdM_workspace-main/Practica5_punto1/Drivers/STM32F4xx_HAL_Driver/Inc/stm32f4xx_hal_sdram.h:165:1: error: unknown type name 'HAL_StatusTypeDef'; did you mean 'HAL_ETH_StateTypeDef'?
  165 | HAL_StatusTypeDef HAL_SDRAM_Write_16b(SDRAM_HandleTypeDef *hsdram, uint32_t *pAddress, uint16_t *pSrcBuffer, uint32_t BufferSize);
      | ^~~~~~~~~~~~~~~~~
      | HAL_ETH_StateTypeDef
D:/UBA/CESE/ProgMicro/PdM_workspace-main/Practica5_punto1/Drivers/STM32F4xx_HAL_Driver/Inc/stm32f4xx_hal_sdram.h:166:1: error: unknown type name 'HAL_StatusTypeDef'; did you mean 'HAL_ETH_StateTypeDef'?
  166 | HAL_StatusTypeDef HAL_SDRAM_Read_32b(SDRAM_HandleTypeDef *hsdram, uint32_t *pAddress, uint32_t *pDstBuffer, uint32_t BufferSize);
      | ^~~~~~~~~~~~~~~~~
      | HAL_ETH_StateTypeDef
D:/UBA/CESE/ProgMicro/PdM_workspace-main/Practica5_punto1/Drivers/STM32F4xx_HAL_Driver/Inc/stm32f4xx_hal_sdram.h:167:1: error: unknown type name 'HAL_StatusTypeDef'; did you mean 'HAL_ETH_StateTypeDef'?
  167 | HAL_StatusTypeDef HAL_SDRAM_Write_32b(SDRAM_HandleTypeDef *hsdram, uint32_t *pAddress, uint32_t *pSrcBuffer, uint32_t BufferSize);
      | ^~~~~~~~~~~~~~~~~
      | HAL_ETH_StateTypeDef
D:/UBA/CESE/ProgMicro/PdM_workspace-main/Practica5_punto1/Drivers/STM32F4xx_HAL_Driver/Inc/stm32f4xx_hal_sdram.h:169:1: error: unknown type name 'HAL_StatusTypeDef'; did you mean 'HAL_ETH_StateTypeDef'?
  169 | HAL_StatusTypeDef HAL_SDRAM_Read_DMA(SDRAM_HandleTypeDef *hsdram, uint32_t * pAddress, uint32_t *pDstBuffer, uint32_t BufferSize);
      | ^~~~~~~~~~~~~~~~~
      | HAL_ETH_StateTypeDef
D:/UBA/CESE/ProgMicro/PdM_workspace-main/Practica5_punto1/Drivers/STM32F4xx_HAL_Driver/Inc/stm32f4xx_hal_sdram.h:170:1: error: unknown type name 'HAL_StatusTypeDef'; did you mean 'HAL_ETH_StateTypeDef'?
  170 | HAL_StatusTypeDef HAL_SDRAM_Write_DMA(SDRAM_HandleTypeDef *hsdram, uint32_t *pAddress, uint32_t *pSrcBuffer, uint32_t BufferSize);
      | ^~~~~~~~~~~~~~~~~
      | HAL_ETH_StateTypeDef
D:/UBA/CESE/ProgMicro/PdM_workspace-main/Practica5_punto1/Drivers/STM32F4xx_HAL_Driver/Inc/stm32f4xx_hal_sdram.h:187:1: error: unknown type name 'HAL_StatusTypeDef'; did you mean 'HAL_ETH_StateTypeDef'?
  187 | HAL_StatusTypeDef HAL_SDRAM_WriteProtection_Enable(SDRAM_HandleTypeDef *hsdram);
      | ^~~~~~~~~~~~~~~~~
      | HAL_ETH_StateTypeDef
D:/UBA/CESE/ProgMicro/PdM_workspace-main/Practica5_punto1/Drivers/STM32F4xx_HAL_Driver/Inc/stm32f4xx_hal_sdram.h:188:1: error: unknown type name 'HAL_StatusTypeDef'; did you mean 'HAL_ETH_StateTypeDef'?
  188 | HAL_StatusTypeDef HAL_SDRAM_WriteProtection_Disable(SDRAM_HandleTypeDef *hsdram);
      | ^~~~~~~~~~~~~~~~~
      | HAL_ETH_StateTypeDef
D:/UBA/CESE/ProgMicro/PdM_workspace-main/Practica5_punto1/Drivers/STM32F4xx_HAL_Driver/Inc/stm32f4xx_hal_sdram.h:189:1: error: unknown type name 'HAL_StatusTypeDef'; did you mean 'HAL_ETH_StateTypeDef'?
  189 | HAL_StatusTypeDef HAL_SDRAM_SendCommand(SDRAM_HandleTypeDef *hsdram, FMC_SDRAM_CommandTypeDef *Command, uint32_t Timeout);
      | ^~~~~~~~~~~~~~~~~
      | HAL_ETH_StateTypeDef
D:/UBA/CESE/ProgMicro/PdM_workspace-main/Practica5_punto1/Drivers/STM32F4xx_HAL_Driver/Inc/stm32f4xx_hal_sdram.h:190:1: error: unknown type name 'HAL_StatusTypeDef'; did you mean 'HAL_ETH_StateTypeDef'?
  190 | HAL_StatusTypeDef HAL_SDRAM_ProgramRefreshRate(SDRAM_HandleTypeDef *hsdram, uint32_t RefreshRate);
      | ^~~~~~~~~~~~~~~~~
      | HAL_ETH_StateTypeDef
D:/UBA/CESE/ProgMicro/PdM_workspace-main/Practica5_punto1/Drivers/STM32F4xx_HAL_Driver/Inc/stm32f4xx_hal_sdram.h:191:1: error: unknown type name 'HAL_StatusTypeDef'; did you mean 'HAL_ETH_StateTypeDef'?
  191 | HAL_StatusTypeDef HAL_SDRAM_SetAutoRefreshNumber(SDRAM_HandleTypeDef *hsdram, uint32_t AutoRefreshNumber);
      | ^~~~~~~~~~~~~~~~~
      | HAL_ETH_StateTypeDef
In file included from ../Inc/stm32f4xx_hal_conf.h:349,
                 from D:/UBA/CESE/ProgMicro/PdM_workspace-main/Practica5_punto1/Drivers/STM32F4xx_HAL_Driver/Inc/stm32f4xx_hal.h:30,
                 from D:/UBA/CESE/ProgMicro/PdM_workspace-main/Practica5_punto1/Drivers/CMSIS/Device/ST/STM32F4xx/Include/stm32f4xx.h:288,
                 from D:/UBA/CESE/ProgMicro/PdM_workspace-main/Practica5_punto1/Drivers/STM32F4xx_HAL_Driver/Inc/stm32f4xx_hal_def.h:30,
                 from D:/UBA/CESE/ProgMicro/PdM_workspace-main/Practica5_punto1/Drivers/STM32F4xx_HAL_Driver/Inc/stm32f4xx_hal_uart.h:29,
                 from D:/UBA/CESE/ProgMicro/PdM_workspace-main/Practica5_punto1/Drivers/API/Inc/API_uart.h:8,
                 from ../Drivers/API/Src/API_uart.c:1:
D:/UBA/CESE/ProgMicro/PdM_workspace-main/Practica5_punto1/Drivers/STM32F4xx_HAL_Driver/Inc/stm32f4xx_hal_i2c.h:210:3: error: unknown type name 'HAL_LockTypeDef'
  210 |   HAL_LockTypeDef            Lock;           /*!< I2C locking object                       */
      |   ^~~~~~~~~~~~~~~
In file included from D:/UBA/CESE/ProgMicro/PdM_workspace-main/Practica5_punto1/Drivers/STM32F4xx_HAL_Driver/Inc/stm32f4xx_hal_i2c.h:534,
                 from ../Inc/stm32f4xx_hal_conf.h:349,
                 from D:/UBA/CESE/ProgMicro/PdM_workspace-main/Practica5_punto1/Drivers/STM32F4xx_HAL_Driver/Inc/stm32f4xx_hal.h:30,
                 from D:/UBA/CESE/ProgMicro/PdM_workspace-main/Practica5_punto1/Drivers/CMSIS/Device/ST/STM32F4xx/Include/stm32f4xx.h:288,
                 from D:/UBA/CESE/ProgMicro/PdM_workspace-main/Practica5_punto1/Drivers/STM32F4xx_HAL_Driver/Inc/stm32f4xx_hal_def.h:30,
                 from D:/UBA/CESE/ProgMicro/PdM_workspace-main/Practica5_punto1/Drivers/STM32F4xx_HAL_Driver/Inc/stm32f4xx_hal_uart.h:29,
                 from D:/UBA/CESE/ProgMicro/PdM_workspace-main/Practica5_punto1/Drivers/API/Inc/API_uart.h:8,
                 from ../Drivers/API/Src/API_uart.c:1:
D:/UBA/CESE/ProgMicro/PdM_workspace-main/Practica5_punto1/Drivers/STM32F4xx_HAL_Driver/Inc/stm32f4xx_hal_i2c_ex.h:69:1: error: unknown type name 'HAL_StatusTypeDef'; did you mean 'HAL_I2C_StateTypeDef'?
   69 | HAL_StatusTypeDef HAL_I2CEx_ConfigAnalogFilter(I2C_HandleTypeDef *hi2c, uint32_t AnalogFilter);
      | ^~~~~~~~~~~~~~~~~
      | HAL_I2C_StateTypeDef
D:/UBA/CESE/ProgMicro/PdM_workspace-main/Practica5_punto1/Drivers/STM32F4xx_HAL_Driver/Inc/stm32f4xx_hal_i2c_ex.h:70:1: error: unknown type name 'HAL_StatusTypeDef'; did you mean 'HAL_I2C_StateTypeDef'?
   70 | HAL_StatusTypeDef HAL_I2CEx_ConfigDigitalFilter(I2C_HandleTypeDef *hi2c, uint32_t DigitalFilter);
      | ^~~~~~~~~~~~~~~~~
      | HAL_I2C_StateTypeDef
In file included from ../Inc/stm32f4xx_hal_conf.h:349,
                 from D:/UBA/CESE/ProgMicro/PdM_workspace-main/Practica5_punto1/Drivers/STM32F4xx_HAL_Driver/Inc/stm32f4xx_hal.h:30,
                 from D:/UBA/CESE/ProgMicro/PdM_workspace-main/Practica5_punto1/Drivers/CMSIS/Device/ST/STM32F4xx/Include/stm32f4xx.h:288,
                 from D:/UBA/CESE/ProgMicro/PdM_workspace-main/Practica5_punto1/Drivers/STM32F4xx_HAL_Driver/Inc/stm32f4xx_hal_def.h:30,
                 from D:/UBA/CESE/ProgMicro/PdM_workspace-main/Practica5_punto1/Drivers/STM32F4xx_HAL_Driver/Inc/stm32f4xx_hal_uart.h:29,
                 from D:/UBA/CESE/ProgMicro/PdM_workspace-main/Practica5_punto1/Drivers/API/Inc/API_uart.h:8,
                 from ../Drivers/API/Src/API_uart.c:1:
D:/UBA/CESE/ProgMicro/PdM_workspace-main/Practica5_punto1/Drivers/STM32F4xx_HAL_Driver/Inc/stm32f4xx_hal_i2c.h:545:1: error: unknown type name 'HAL_StatusTypeDef'; did you mean 'HAL_I2C_StateTypeDef'?
  545 | HAL_StatusTypeDef HAL_I2C_Init(I2C_HandleTypeDef *hi2c);
      | ^~~~~~~~~~~~~~~~~
      | HAL_I2C_StateTypeDef
D:/UBA/CESE/ProgMicro/PdM_workspace-main/Practica5_punto1/Drivers/STM32F4xx_HAL_Driver/Inc/stm32f4xx_hal_i2c.h:546:1: error: unknown type name 'HAL_StatusTypeDef'; did you mean 'HAL_I2C_StateTypeDef'?
  546 | HAL_StatusTypeDef HAL_I2C_DeInit(I2C_HandleTypeDef *hi2c);
      | ^~~~~~~~~~~~~~~~~
      | HAL_I2C_StateTypeDef
In file included from ../Inc/stm32f4xx_hal_conf.h:349,
                 from D:/UBA/CESE/ProgMicro/PdM_workspace-main/Practica5_punto1/Drivers/STM32F4xx_HAL_Driver/Inc/stm32f4xx_hal.h:30,
                 from D:/UBA/CESE/ProgMicro/PdM_workspace-main/Practica5_punto1/Drivers/CMSIS/Device/ST/STM32F4xx/Include/stm32f4xx.h:288,
                 from D:/UBA/CESE/ProgMicro/PdM_workspace-main/Practica5_punto1/Drivers/STM32F4xx_HAL_Driver/Inc/stm32f4xx_hal_def.h:30,
                 from D:/UBA/CESE/ProgMicro/PdM_workspace-main/Practica5_punto1/Drivers/STM32F4xx_HAL_Driver/Inc/stm32f4xx_hal_uart.h:29,
                 from D:/UBA/CESE/ProgMicro/PdM_workspace-main/Practica5_punto1/Drivers/API/Inc/API_uart.h:8,
                 from ../Drivers/API/Src/API_uart.c:1:
D:/UBA/CESE/ProgMicro/PdM_workspace-main/Practica5_punto1/Drivers/STM32F4xx_HAL_Driver/Inc/stm32f4xx_hal_i2c.h:567:1: error: unknown type name 'HAL_StatusTypeDef'; did you mean 'HAL_I2C_StateTypeDef'?
  567 | HAL_StatusTypeDef HAL_I2C_Master_Transmit(I2C_HandleTypeDef *hi2c, uint16_t DevAddress, uint8_t *pData, uint16_t Size, uint32_t Timeout);
      | ^~~~~~~~~~~~~~~~~
      | HAL_I2C_StateTypeDef
D:/UBA/CESE/ProgMicro/PdM_workspace-main/Practica5_punto1/Drivers/STM32F4xx_HAL_Driver/Inc/stm32f4xx_hal_i2c.h:568:1: error: unknown type name 'HAL_StatusTypeDef'; did you mean 'HAL_I2C_StateTypeDef'?
  568 | HAL_StatusTypeDef HAL_I2C_Master_Receive(I2C_HandleTypeDef *hi2c, uint16_t DevAddress, uint8_t *pData, uint16_t Size, uint32_t Timeout);
      | ^~~~~~~~~~~~~~~~~
      | HAL_I2C_StateTypeDef
D:/UBA/CESE/ProgMicro/PdM_workspace-main/Practica5_punto1/Drivers/STM32F4xx_HAL_Driver/Inc/stm32f4xx_hal_i2c.h:569:1: error: unknown type name 'HAL_StatusTypeDef'; did you mean 'HAL_I2C_StateTypeDef'?
  569 | HAL_StatusTypeDef HAL_I2C_Slave_Transmit(I2C_HandleTypeDef *hi2c, uint8_t *pData, uint16_t Size, uint32_t Timeout);
      | ^~~~~~~~~~~~~~~~~
      | HAL_I2C_StateTypeDef
D:/UBA/CESE/ProgMicro/PdM_workspace-main/Practica5_punto1/Drivers/STM32F4xx_HAL_Driver/Inc/stm32f4xx_hal_i2c.h:570:1: error: unknown type name 'HAL_StatusTypeDef'; did you mean 'HAL_I2C_StateTypeDef'?
  570 | HAL_StatusTypeDef HAL_I2C_Slave_Receive(I2C_HandleTypeDef *hi2c, uint8_t *pData, uint16_t Size, uint32_t Timeout);
      | ^~~~~~~~~~~~~~~~~
      | HAL_I2C_StateTypeDef
D:/UBA/CESE/ProgMicro/PdM_workspace-main/Practica5_punto1/Drivers/STM32F4xx_HAL_Driver/Inc/stm32f4xx_hal_i2c.h:571:1: error: unknown type name 'HAL_StatusTypeDef'; did you mean 'HAL_I2C_StateTypeDef'?
  571 | HAL_StatusTypeDef HAL_I2C_Mem_Write(I2C_HandleTypeDef *hi2c, uint16_t DevAddress, uint16_t MemAddress, uint16_t MemAddSize, uint8_t *pData, uint16_t Size, uint32_t Timeout);
      | ^~~~~~~~~~~~~~~~~
      | HAL_I2C_StateTypeDef
D:/UBA/CESE/ProgMicro/PdM_workspace-main/Practica5_punto1/Drivers/STM32F4xx_HAL_Driver/Inc/stm32f4xx_hal_i2c.h:572:1: error: unknown type name 'HAL_StatusTypeDef'; did you mean 'HAL_I2C_StateTypeDef'?
  572 | HAL_StatusTypeDef HAL_I2C_Mem_Read(I2C_HandleTypeDef *hi2c, uint16_t DevAddress, uint16_t MemAddress, uint16_t MemAddSize, uint8_t *pData, uint16_t Size, uint32_t Timeout);
      | ^~~~~~~~~~~~~~~~~
      | HAL_I2C_StateTypeDef
D:/UBA/CESE/ProgMicro/PdM_workspace-main/Practica5_punto1/Drivers/STM32F4xx_HAL_Driver/Inc/stm32f4xx_hal_i2c.h:573:1: error: unknown type name 'HAL_StatusTypeDef'; did you mean 'HAL_I2C_StateTypeDef'?
  573 | HAL_StatusTypeDef HAL_I2C_IsDeviceReady(I2C_HandleTypeDef *hi2c, uint16_t DevAddress, uint32_t Trials, uint32_t Timeout);
      | ^~~~~~~~~~~~~~~~~
      | HAL_I2C_StateTypeDef
D:/UBA/CESE/ProgMicro/PdM_workspace-main/Practica5_punto1/Drivers/STM32F4xx_HAL_Driver/Inc/stm32f4xx_hal_i2c.h:576:1: error: unknown type name 'HAL_StatusTypeDef'; did you mean 'HAL_I2C_StateTypeDef'?
  576 | HAL_StatusTypeDef HAL_I2C_Master_Transmit_IT(I2C_HandleTypeDef *hi2c, uint16_t DevAddress, uint8_t *pData, uint16_t Size);
      | ^~~~~~~~~~~~~~~~~
      | HAL_I2C_StateTypeDef
D:/UBA/CESE/ProgMicro/PdM_workspace-main/Practica5_punto1/Drivers/STM32F4xx_HAL_Driver/Inc/stm32f4xx_hal_i2c.h:577:1: error: unknown type name 'HAL_StatusTypeDef'; did you mean 'HAL_I2C_StateTypeDef'?
  577 | HAL_StatusTypeDef HAL_I2C_Master_Receive_IT(I2C_HandleTypeDef *hi2c, uint16_t DevAddress, uint8_t *pData, uint16_t Size);
      | ^~~~~~~~~~~~~~~~~
      | HAL_I2C_StateTypeDef
D:/UBA/CESE/ProgMicro/PdM_workspace-main/Practica5_punto1/Drivers/STM32F4xx_HAL_Driver/Inc/stm32f4xx_hal_i2c.h:578:1: error: unknown type name 'HAL_StatusTypeDef'; did you mean 'HAL_I2C_StateTypeDef'?
  578 | HAL_StatusTypeDef HAL_I2C_Slave_Transmit_IT(I2C_HandleTypeDef *hi2c, uint8_t *pData, uint16_t Size);
      | ^~~~~~~~~~~~~~~~~
      | HAL_I2C_StateTypeDef
D:/UBA/CESE/ProgMicro/PdM_workspace-main/Practica5_punto1/Drivers/STM32F4xx_HAL_Driver/Inc/stm32f4xx_hal_i2c.h:579:1: error: unknown type name 'HAL_StatusTypeDef'; did you mean 'HAL_I2C_StateTypeDef'?
  579 | HAL_StatusTypeDef HAL_I2C_Slave_Receive_IT(I2C_HandleTypeDef *hi2c, uint8_t *pData, uint16_t Size);
      | ^~~~~~~~~~~~~~~~~
      | HAL_I2C_StateTypeDef
D:/UBA/CESE/ProgMicro/PdM_workspace-main/Practica5_punto1/Drivers/STM32F4xx_HAL_Driver/Inc/stm32f4xx_hal_i2c.h:580:1: error: unknown type name 'HAL_StatusTypeDef'; did you mean 'HAL_I2C_StateTypeDef'?
  580 | HAL_StatusTypeDef HAL_I2C_Mem_Write_IT(I2C_HandleTypeDef *hi2c, uint16_t DevAddress, uint16_t MemAddress, uint16_t MemAddSize, uint8_t *pData, uint16_t Size);
      | ^~~~~~~~~~~~~~~~~
      | HAL_I2C_StateTypeDef
D:/UBA/CESE/ProgMicro/PdM_workspace-main/Practica5_punto1/Drivers/STM32F4xx_HAL_Driver/Inc/stm32f4xx_hal_i2c.h:581:1: error: unknown type name 'HAL_StatusTypeDef'; did you mean 'HAL_I2C_StateTypeDef'?
  581 | HAL_StatusTypeDef HAL_I2C_Mem_Read_IT(I2C_HandleTypeDef *hi2c, uint16_t DevAddress, uint16_t MemAddress, uint16_t MemAddSize, uint8_t *pData, uint16_t Size);
      | ^~~~~~~~~~~~~~~~~
      | HAL_I2C_StateTypeDef
D:/UBA/CESE/ProgMicro/PdM_workspace-main/Practica5_punto1/Drivers/STM32F4xx_HAL_Driver/Inc/stm32f4xx_hal_i2c.h:583:1: error: unknown type name 'HAL_StatusTypeDef'; did you mean 'HAL_I2C_StateTypeDef'?
  583 | HAL_StatusTypeDef HAL_I2C_Master_Seq_Transmit_IT(I2C_HandleTypeDef *hi2c, uint16_t DevAddress, uint8_t *pData, uint16_t Size, uint32_t XferOptions);
      | ^~~~~~~~~~~~~~~~~
      | HAL_I2C_StateTypeDef
D:/UBA/CESE/ProgMicro/PdM_workspace-main/Practica5_punto1/Drivers/STM32F4xx_HAL_Driver/Inc/stm32f4xx_hal_i2c.h:584:1: error: unknown type name 'HAL_StatusTypeDef'; did you mean 'HAL_I2C_StateTypeDef'?
  584 | HAL_StatusTypeDef HAL_I2C_Master_Seq_Receive_IT(I2C_HandleTypeDef *hi2c, uint16_t DevAddress, uint8_t *pData, uint16_t Size, uint32_t XferOptions);
      | ^~~~~~~~~~~~~~~~~
      | HAL_I2C_StateTypeDef
D:/UBA/CESE/ProgMicro/PdM_workspace-main/Practica5_punto1/Drivers/STM32F4xx_HAL_Driver/Inc/stm32f4xx_hal_i2c.h:585:1: error: unknown type name 'HAL_StatusTypeDef'; did you mean 'HAL_I2C_StateTypeDef'?
  585 | HAL_StatusTypeDef HAL_I2C_Slave_Seq_Transmit_IT(I2C_HandleTypeDef *hi2c, uint8_t *pData, uint16_t Size, uint32_t XferOptions);
      | ^~~~~~~~~~~~~~~~~
      | HAL_I2C_StateTypeDef
D:/UBA/CESE/ProgMicro/PdM_workspace-main/Practica5_punto1/Drivers/STM32F4xx_HAL_Driver/Inc/stm32f4xx_hal_i2c.h:586:1: error: unknown type name 'HAL_StatusTypeDef'; did you mean 'HAL_I2C_StateTypeDef'?
  586 | HAL_StatusTypeDef HAL_I2C_Slave_Seq_Receive_IT(I2C_HandleTypeDef *hi2c, uint8_t *pData, uint16_t Size, uint32_t XferOptions);
      | ^~~~~~~~~~~~~~~~~
      | HAL_I2C_StateTypeDef
D:/UBA/CESE/ProgMicro/PdM_workspace-main/Practica5_punto1/Drivers/STM32F4xx_HAL_Driver/Inc/stm32f4xx_hal_i2c.h:587:1: error: unknown type name 'HAL_StatusTypeDef'; did you mean 'HAL_I2C_StateTypeDef'?
  587 | HAL_StatusTypeDef HAL_I2C_EnableListen_IT(I2C_HandleTypeDef *hi2c);
      | ^~~~~~~~~~~~~~~~~
      | HAL_I2C_StateTypeDef
D:/UBA/CESE/ProgMicro/PdM_workspace-main/Practica5_punto1/Drivers/STM32F4xx_HAL_Driver/Inc/stm32f4xx_hal_i2c.h:588:1: error: unknown type name 'HAL_StatusTypeDef'; did you mean 'HAL_I2C_StateTypeDef'?
  588 | HAL_StatusTypeDef HAL_I2C_DisableListen_IT(I2C_HandleTypeDef *hi2c);
      | ^~~~~~~~~~~~~~~~~
      | HAL_I2C_StateTypeDef
D:/UBA/CESE/ProgMicro/PdM_workspace-main/Practica5_punto1/Drivers/STM32F4xx_HAL_Driver/Inc/stm32f4xx_hal_i2c.h:589:1: error: unknown type name 'HAL_StatusTypeDef'; did you mean 'HAL_I2C_StateTypeDef'?
  589 | HAL_StatusTypeDef HAL_I2C_Master_Abort_IT(I2C_HandleTypeDef *hi2c, uint16_t DevAddress);
      | ^~~~~~~~~~~~~~~~~
      | HAL_I2C_StateTypeDef
D:/UBA/CESE/ProgMicro/PdM_workspace-main/Practica5_punto1/Drivers/STM32F4xx_HAL_Driver/Inc/stm32f4xx_hal_i2c.h:592:1: error: unknown type name 'HAL_StatusTypeDef'; did you mean 'HAL_I2C_StateTypeDef'?
  592 | HAL_StatusTypeDef HAL_I2C_Master_Transmit_DMA(I2C_HandleTypeDef *hi2c, uint16_t DevAddress, uint8_t *pData, uint16_t Size);
      | ^~~~~~~~~~~~~~~~~
      | HAL_I2C_StateTypeDef
D:/UBA/CESE/ProgMicro/PdM_workspace-main/Practica5_punto1/Drivers/STM32F4xx_HAL_Driver/Inc/stm32f4xx_hal_i2c.h:593:1: error: unknown type name 'HAL_StatusTypeDef'; did you mean 'HAL_I2C_StateTypeDef'?
  593 | HAL_StatusTypeDef HAL_I2C_Master_Receive_DMA(I2C_HandleTypeDef *hi2c, uint16_t DevAddress, uint8_t *pData, uint16_t Size);
      | ^~~~~~~~~~~~~~~~~
      | HAL_I2C_StateTypeDef
D:/UBA/CESE/ProgMicro/PdM_workspace-main/Practica5_punto1/Drivers/STM32F4xx_HAL_Driver/Inc/stm32f4xx_hal_i2c.h:594:1: error: unknown type name 'HAL_StatusTypeDef'; did you mean 'HAL_I2C_StateTypeDef'?
  594 | HAL_StatusTypeDef HAL_I2C_Slave_Transmit_DMA(I2C_HandleTypeDef *hi2c, uint8_t *pData, uint16_t Size);
      | ^~~~~~~~~~~~~~~~~
      | HAL_I2C_StateTypeDef
D:/UBA/CESE/ProgMicro/PdM_workspace-main/Practica5_punto1/Drivers/STM32F4xx_HAL_Driver/Inc/stm32f4xx_hal_i2c.h:595:1: error: unknown type name 'HAL_StatusTypeDef'; did you mean 'HAL_I2C_StateTypeDef'?
  595 | HAL_StatusTypeDef HAL_I2C_Slave_Receive_DMA(I2C_HandleTypeDef *hi2c, uint8_t *pData, uint16_t Size);
      | ^~~~~~~~~~~~~~~~~
      | HAL_I2C_StateTypeDef
D:/UBA/CESE/ProgMicro/PdM_workspace-main/Practica5_punto1/Drivers/STM32F4xx_HAL_Driver/Inc/stm32f4xx_hal_i2c.h:596:1: error: unknown type name 'HAL_StatusTypeDef'; did you mean 'HAL_I2C_StateTypeDef'?
  596 | HAL_StatusTypeDef HAL_I2C_Mem_Write_DMA(I2C_HandleTypeDef *hi2c, uint16_t DevAddress, uint16_t MemAddress, uint16_t MemAddSize, uint8_t *pData, uint16_t Size);
      | ^~~~~~~~~~~~~~~~~
      | HAL_I2C_StateTypeDef
D:/UBA/CESE/ProgMicro/PdM_workspace-main/Practica5_punto1/Drivers/STM32F4xx_HAL_Driver/Inc/stm32f4xx_hal_i2c.h:597:1: error: unknown type name 'HAL_StatusTypeDef'; did you mean 'HAL_I2C_StateTypeDef'?
  597 | HAL_StatusTypeDef HAL_I2C_Mem_Read_DMA(I2C_HandleTypeDef *hi2c, uint16_t DevAddress, uint16_t MemAddress, uint16_t MemAddSize, uint8_t *pData, uint16_t Size);
      | ^~~~~~~~~~~~~~~~~
      | HAL_I2C_StateTypeDef
D:/UBA/CESE/ProgMicro/PdM_workspace-main/Practica5_punto1/Drivers/STM32F4xx_HAL_Driver/Inc/stm32f4xx_hal_i2c.h:599:1: error: unknown type name 'HAL_StatusTypeDef'; did you mean 'HAL_I2C_StateTypeDef'?
  599 | HAL_StatusTypeDef HAL_I2C_Master_Seq_Transmit_DMA(I2C_HandleTypeDef *hi2c, uint16_t DevAddress, uint8_t *pData, uint16_t Size, uint32_t XferOptions);
      | ^~~~~~~~~~~~~~~~~
      | HAL_I2C_StateTypeDef
D:/UBA/CESE/ProgMicro/PdM_workspace-main/Practica5_punto1/Drivers/STM32F4xx_HAL_Driver/Inc/stm32f4xx_hal_i2c.h:600:1: error: unknown type name 'HAL_StatusTypeDef'; did you mean 'HAL_I2C_StateTypeDef'?
  600 | HAL_StatusTypeDef HAL_I2C_Master_Seq_Receive_DMA(I2C_HandleTypeDef *hi2c, uint16_t DevAddress, uint8_t *pData, uint16_t Size, uint32_t XferOptions);
      | ^~~~~~~~~~~~~~~~~
      | HAL_I2C_StateTypeDef
D:/UBA/CESE/ProgMicro/PdM_workspace-main/Practica5_punto1/Drivers/STM32F4xx_HAL_Driver/Inc/stm32f4xx_hal_i2c.h:601:1: error: unknown type name 'HAL_StatusTypeDef'; did you mean 'HAL_I2C_StateTypeDef'?
  601 | HAL_StatusTypeDef HAL_I2C_Slave_Seq_Transmit_DMA(I2C_HandleTypeDef *hi2c, uint8_t *pData, uint16_t Size, uint32_t XferOptions);
      | ^~~~~~~~~~~~~~~~~
      | HAL_I2C_StateTypeDef
D:/UBA/CESE/ProgMicro/PdM_workspace-main/Practica5_punto1/Drivers/STM32F4xx_HAL_Driver/Inc/stm32f4xx_hal_i2c.h:602:1: error: unknown type name 'HAL_StatusTypeDef'; did you mean 'HAL_I2C_StateTypeDef'?
  602 | HAL_StatusTypeDef HAL_I2C_Slave_Seq_Receive_DMA(I2C_HandleTypeDef *hi2c, uint8_t *pData, uint16_t Size, uint32_t XferOptions);
      | ^~~~~~~~~~~~~~~~~
      | HAL_I2C_StateTypeDef
In file included from ../Inc/stm32f4xx_hal_conf.h:361,
                 from D:/UBA/CESE/ProgMicro/PdM_workspace-main/Practica5_punto1/Drivers/STM32F4xx_HAL_Driver/Inc/stm32f4xx_hal.h:30,
                 from D:/UBA/CESE/ProgMicro/PdM_workspace-main/Practica5_punto1/Drivers/CMSIS/Device/ST/STM32F4xx/Include/stm32f4xx.h:288,
                 from D:/UBA/CESE/ProgMicro/PdM_workspace-main/Practica5_punto1/Drivers/STM32F4xx_HAL_Driver/Inc/stm32f4xx_hal_def.h:30,
                 from D:/UBA/CESE/ProgMicro/PdM_workspace-main/Practica5_punto1/Drivers/STM32F4xx_HAL_Driver/Inc/stm32f4xx_hal_uart.h:29,
                 from D:/UBA/CESE/ProgMicro/PdM_workspace-main/Practica5_punto1/Drivers/API/Inc/API_uart.h:8,
                 from ../Drivers/API/Src/API_uart.c:1:
D:/UBA/CESE/ProgMicro/PdM_workspace-main/Practica5_punto1/Drivers/STM32F4xx_HAL_Driver/Inc/stm32f4xx_hal_ltdc.h:179:3: error: unknown type name 'HAL_LockTypeDef'
  179 |   HAL_LockTypeDef             Lock;                     /*!< LTDC Lock                                 */
      |   ^~~~~~~~~~~~~~~
In file included from ../Inc/stm32f4xx_hal_conf.h:361,
                 from D:/UBA/CESE/ProgMicro/PdM_workspace-main/Practica5_punto1/Drivers/STM32F4xx_HAL_Driver/Inc/stm32f4xx_hal.h:30,
                 from D:/UBA/CESE/ProgMicro/PdM_workspace-main/Practica5_punto1/Drivers/CMSIS/Device/ST/STM32F4xx/Include/stm32f4xx.h:288,
                 from D:/UBA/CESE/ProgMicro/PdM_workspace-main/Practica5_punto1/Drivers/STM32F4xx_HAL_Driver/Inc/stm32f4xx_hal_def.h:30,
                 from D:/UBA/CESE/ProgMicro/PdM_workspace-main/Practica5_punto1/Drivers/STM32F4xx_HAL_Driver/Inc/stm32f4xx_hal_uart.h:29,
                 from D:/UBA/CESE/ProgMicro/PdM_workspace-main/Practica5_punto1/Drivers/API/Inc/API_uart.h:8,
                 from ../Drivers/API/Src/API_uart.c:1:
D:/UBA/CESE/ProgMicro/PdM_workspace-main/Practica5_punto1/Drivers/STM32F4xx_HAL_Driver/Inc/stm32f4xx_hal_ltdc.h:538:1: error: unknown type name 'HAL_StatusTypeDef'; did you mean 'HAL_I2C_StateTypeDef'?
  538 | HAL_StatusTypeDef HAL_LTDC_Init(LTDC_HandleTypeDef *hltdc);
      | ^~~~~~~~~~~~~~~~~
      | HAL_I2C_StateTypeDef
D:/UBA/CESE/ProgMicro/PdM_workspace-main/Practica5_punto1/Drivers/STM32F4xx_HAL_Driver/Inc/stm32f4xx_hal_ltdc.h:539:1: error: unknown type name 'HAL_StatusTypeDef'; did you mean 'HAL_I2C_StateTypeDef'?
  539 | HAL_StatusTypeDef HAL_LTDC_DeInit(LTDC_HandleTypeDef *hltdc);
      | ^~~~~~~~~~~~~~~~~
      | HAL_I2C_StateTypeDef
In file included from ../Inc/stm32f4xx_hal_conf.h:361,
                 from D:/UBA/CESE/ProgMicro/PdM_workspace-main/Practica5_punto1/Drivers/STM32F4xx_HAL_Driver/Inc/stm32f4xx_hal.h:30,
                 from D:/UBA/CESE/ProgMicro/PdM_workspace-main/Practica5_punto1/Drivers/CMSIS/Device/ST/STM32F4xx/Include/stm32f4xx.h:288,
                 from D:/UBA/CESE/ProgMicro/PdM_workspace-main/Practica5_punto1/Drivers/STM32F4xx_HAL_Driver/Inc/stm32f4xx_hal_def.h:30,
                 from D:/UBA/CESE/ProgMicro/PdM_workspace-main/Practica5_punto1/Drivers/STM32F4xx_HAL_Driver/Inc/stm32f4xx_hal_uart.h:29,
                 from D:/UBA/CESE/ProgMicro/PdM_workspace-main/Practica5_punto1/Drivers/API/Inc/API_uart.h:8,
                 from ../Drivers/API/Src/API_uart.c:1:
D:/UBA/CESE/ProgMicro/PdM_workspace-main/Practica5_punto1/Drivers/STM32F4xx_HAL_Driver/Inc/stm32f4xx_hal_ltdc.h:569:1: error: unknown type name 'HAL_StatusTypeDef'; did you mean 'HAL_I2C_StateTypeDef'?
  569 | HAL_StatusTypeDef HAL_LTDC_ConfigLayer(LTDC_HandleTypeDef *hltdc, LTDC_LayerCfgTypeDef *pLayerCfg, uint32_t LayerIdx);
      | ^~~~~~~~~~~~~~~~~
      | HAL_I2C_StateTypeDef
D:/UBA/CESE/ProgMicro/PdM_workspace-main/Practica5_punto1/Drivers/STM32F4xx_HAL_Driver/Inc/stm32f4xx_hal_ltdc.h:570:1: error: unknown type name 'HAL_StatusTypeDef'; did you mean 'HAL_I2C_StateTypeDef'?
  570 | HAL_StatusTypeDef HAL_LTDC_SetWindowSize(LTDC_HandleTypeDef *hltdc, uint32_t XSize, uint32_t YSize, uint32_t LayerIdx);
      | ^~~~~~~~~~~~~~~~~
      | HAL_I2C_StateTypeDef
D:/UBA/CESE/ProgMicro/PdM_workspace-main/Practica5_punto1/Drivers/STM32F4xx_HAL_Driver/Inc/stm32f4xx_hal_ltdc.h:571:1: error: unknown type name 'HAL_StatusTypeDef'; did you mean 'HAL_I2C_StateTypeDef'?
  571 | HAL_StatusTypeDef HAL_LTDC_SetWindowPosition(LTDC_HandleTypeDef *hltdc, uint32_t X0, uint32_t Y0, uint32_t LayerIdx);
      | ^~~~~~~~~~~~~~~~~
      | HAL_I2C_StateTypeDef
D:/UBA/CESE/ProgMicro/PdM_workspace-main/Practica5_punto1/Drivers/STM32F4xx_HAL_Driver/Inc/stm32f4xx_hal_ltdc.h:572:1: error: unknown type name 'HAL_StatusTypeDef'; did you mean 'HAL_I2C_StateTypeDef'?
  572 | HAL_StatusTypeDef HAL_LTDC_SetPixelFormat(LTDC_HandleTypeDef *hltdc, uint32_t Pixelformat, uint32_t LayerIdx);
      | ^~~~~~~~~~~~~~~~~
      | HAL_I2C_StateTypeDef
D:/UBA/CESE/ProgMicro/PdM_workspace-main/Practica5_punto1/Drivers/STM32F4xx_HAL_Driver/Inc/stm32f4xx_hal_ltdc.h:573:1: error: unknown type name 'HAL_StatusTypeDef'; did you mean 'HAL_I2C_StateTypeDef'?
  573 | HAL_StatusTypeDef HAL_LTDC_SetAlpha(LTDC_HandleTypeDef *hltdc, uint32_t Alpha, uint32_t LayerIdx);
      | ^~~~~~~~~~~~~~~~~
      | HAL_I2C_StateTypeDef
D:/UBA/CESE/ProgMicro/PdM_workspace-main/Practica5_punto1/Drivers/STM32F4xx_HAL_Driver/Inc/stm32f4xx_hal_ltdc.h:574:1: error: unknown type name 'HAL_StatusTypeDef'; did you mean 'HAL_I2C_StateTypeDef'?
  574 | HAL_StatusTypeDef HAL_LTDC_SetAddress(LTDC_HandleTypeDef *hltdc, uint32_t Address, uint32_t LayerIdx);
      | ^~~~~~~~~~~~~~~~~
      | HAL_I2C_StateTypeDef
D:/UBA/CESE/ProgMicro/PdM_workspace-main/Practica5_punto1/Drivers/STM32F4xx_HAL_Driver/Inc/stm32f4xx_hal_ltdc.h:575:1: error: unknown type name 'HAL_StatusTypeDef'; did you mean 'HAL_I2C_StateTypeDef'?
  575 | HAL_StatusTypeDef HAL_LTDC_SetPitch(LTDC_HandleTypeDef *hltdc, uint32_t LinePitchInPixels, uint32_t LayerIdx);
      | ^~~~~~~~~~~~~~~~~
      | HAL_I2C_StateTypeDef
D:/UBA/CESE/ProgMicro/PdM_workspace-main/Practica5_punto1/Drivers/STM32F4xx_HAL_Driver/Inc/stm32f4xx_hal_ltdc.h:576:1: error: unknown type name 'HAL_StatusTypeDef'; did you mean 'HAL_I2C_StateTypeDef'?
  576 | HAL_StatusTypeDef HAL_LTDC_ConfigColorKeying(LTDC_HandleTypeDef *hltdc, uint32_t RGBValue, uint32_t LayerIdx);
      | ^~~~~~~~~~~~~~~~~
      | HAL_I2C_StateTypeDef
D:/UBA/CESE/ProgMicro/PdM_workspace-main/Practica5_punto1/Drivers/STM32F4xx_HAL_Driver/Inc/stm32f4xx_hal_ltdc.h:577:1: error: unknown type name 'HAL_StatusTypeDef'; did you mean 'HAL_I2C_StateTypeDef'?
  577 | HAL_StatusTypeDef HAL_LTDC_ConfigCLUT(LTDC_HandleTypeDef *hltdc, uint32_t *pCLUT, uint32_t CLUTSize, uint32_t LayerIdx);
      | ^~~~~~~~~~~~~~~~~
      | HAL_I2C_StateTypeDef
D:/UBA/CESE/ProgMicro/PdM_workspace-main/Practica5_punto1/Drivers/STM32F4xx_HAL_Driver/Inc/stm32f4xx_hal_ltdc.h:578:1: error: unknown type name 'HAL_StatusTypeDef'; did you mean 'HAL_I2C_StateTypeDef'?
  578 | HAL_StatusTypeDef HAL_LTDC_EnableColorKeying(LTDC_HandleTypeDef *hltdc, uint32_t LayerIdx);
      | ^~~~~~~~~~~~~~~~~
      | HAL_I2C_StateTypeDef
D:/UBA/CESE/ProgMicro/PdM_workspace-main/Practica5_punto1/Drivers/STM32F4xx_HAL_Driver/Inc/stm32f4xx_hal_ltdc.h:579:1: error: unknown type name 'HAL_StatusTypeDef'; did you mean 'HAL_I2C_StateTypeDef'?
  579 | HAL_StatusTypeDef HAL_LTDC_DisableColorKeying(LTDC_HandleTypeDef *hltdc, uint32_t LayerIdx);
      | ^~~~~~~~~~~~~~~~~
      | HAL_I2C_StateTypeDef
D:/UBA/CESE/ProgMicro/PdM_workspace-main/Practica5_punto1/Drivers/STM32F4xx_HAL_Driver/Inc/stm32f4xx_hal_ltdc.h:580:1: error: unknown type name 'HAL_StatusTypeDef'; did you mean 'HAL_I2C_StateTypeDef'?
  580 | HAL_StatusTypeDef HAL_LTDC_EnableCLUT(LTDC_HandleTypeDef *hltdc, uint32_t LayerIdx);
      | ^~~~~~~~~~~~~~~~~
      | HAL_I2C_StateTypeDef
D:/UBA/CESE/ProgMicro/PdM_workspace-main/Practica5_punto1/Drivers/STM32F4xx_HAL_Driver/Inc/stm32f4xx_hal_ltdc.h:581:1: error: unknown type name 'HAL_StatusTypeDef'; did you mean 'HAL_I2C_StateTypeDef'?
  581 | HAL_StatusTypeDef HAL_LTDC_DisableCLUT(LTDC_HandleTypeDef *hltdc, uint32_t LayerIdx);
      | ^~~~~~~~~~~~~~~~~
      | HAL_I2C_StateTypeDef
D:/UBA/CESE/ProgMicro/PdM_workspace-main/Practica5_punto1/Drivers/STM32F4xx_HAL_Driver/Inc/stm32f4xx_hal_ltdc.h:582:1: error: unknown type name 'HAL_StatusTypeDef'; did you mean 'HAL_I2C_StateTypeDef'?
  582 | HAL_StatusTypeDef HAL_LTDC_ProgramLineEvent(LTDC_HandleTypeDef *hltdc, uint32_t Line);
      | ^~~~~~~~~~~~~~~~~
      | HAL_I2C_StateTypeDef
D:/UBA/CESE/ProgMicro/PdM_workspace-main/Practica5_punto1/Drivers/STM32F4xx_HAL_Driver/Inc/stm32f4xx_hal_ltdc.h:583:1: error: unknown type name 'HAL_StatusTypeDef'; did you mean 'HAL_I2C_StateTypeDef'?
  583 | HAL_StatusTypeDef HAL_LTDC_EnableDither(LTDC_HandleTypeDef *hltdc);
      | ^~~~~~~~~~~~~~~~~
      | HAL_I2C_StateTypeDef
D:/UBA/CESE/ProgMicro/PdM_workspace-main/Practica5_punto1/Drivers/STM32F4xx_HAL_Driver/Inc/stm32f4xx_hal_ltdc.h:584:1: error: unknown type name 'HAL_StatusTypeDef'; did you mean 'HAL_I2C_StateTypeDef'?
  584 | HAL_StatusTypeDef HAL_LTDC_DisableDither(LTDC_HandleTypeDef *hltdc);
      | ^~~~~~~~~~~~~~~~~
      | HAL_I2C_StateTypeDef
D:/UBA/CESE/ProgMicro/PdM_workspace-main/Practica5_punto1/Drivers/STM32F4xx_HAL_Driver/Inc/stm32f4xx_hal_ltdc.h:585:1: error: unknown type name 'HAL_StatusTypeDef'; did you mean 'HAL_I2C_StateTypeDef'?
  585 | HAL_StatusTypeDef HAL_LTDC_Reload(LTDC_HandleTypeDef *hltdc, uint32_t ReloadType);
      | ^~~~~~~~~~~~~~~~~
      | HAL_I2C_StateTypeDef
D:/UBA/CESE/ProgMicro/PdM_workspace-main/Practica5_punto1/Drivers/STM32F4xx_HAL_Driver/Inc/stm32f4xx_hal_ltdc.h:586:1: error: unknown type name 'HAL_StatusTypeDef'; did you mean 'HAL_I2C_StateTypeDef'?
  586 | HAL_StatusTypeDef HAL_LTDC_ConfigLayer_NoReload(LTDC_HandleTypeDef *hltdc, LTDC_LayerCfgTypeDef *pLayerCfg, uint32_t LayerIdx);
      | ^~~~~~~~~~~~~~~~~
      | HAL_I2C_StateTypeDef
D:/UBA/CESE/ProgMicro/PdM_workspace-main/Practica5_punto1/Drivers/STM32F4xx_HAL_Driver/Inc/stm32f4xx_hal_ltdc.h:587:1: error: unknown type name 'HAL_StatusTypeDef'; did you mean 'HAL_I2C_StateTypeDef'?
  587 | HAL_StatusTypeDef HAL_LTDC_SetWindowSize_NoReload(LTDC_HandleTypeDef *hltdc, uint32_t XSize, uint32_t YSize, uint32_t LayerIdx);
      | ^~~~~~~~~~~~~~~~~
      | HAL_I2C_StateTypeDef
D:/UBA/CESE/ProgMicro/PdM_workspace-main/Practica5_punto1/Drivers/STM32F4xx_HAL_Driver/Inc/stm32f4xx_hal_ltdc.h:588:1: error: unknown type name 'HAL_StatusTypeDef'; did you mean 'HAL_I2C_StateTypeDef'?
  588 | HAL_StatusTypeDef HAL_LTDC_SetWindowPosition_NoReload(LTDC_HandleTypeDef *hltdc, uint32_t X0, uint32_t Y0, uint32_t LayerIdx);
      | ^~~~~~~~~~~~~~~~~
      | HAL_I2C_StateTypeDef
D:/UBA/CESE/ProgMicro/PdM_workspace-main/Practica5_punto1/Drivers/STM32F4xx_HAL_Driver/Inc/stm32f4xx_hal_ltdc.h:589:1: error: unknown type name 'HAL_StatusTypeDef'; did you mean 'HAL_I2C_StateTypeDef'?
  589 | HAL_StatusTypeDef HAL_LTDC_SetPixelFormat_NoReload(LTDC_HandleTypeDef *hltdc, uint32_t Pixelformat, uint32_t LayerIdx);
      | ^~~~~~~~~~~~~~~~~
      | HAL_I2C_StateTypeDef
D:/UBA/CESE/ProgMicro/PdM_workspace-main/Practica5_punto1/Drivers/STM32F4xx_HAL_Driver/Inc/stm32f4xx_hal_ltdc.h:590:1: error: unknown type name 'HAL_StatusTypeDef'; did you mean 'HAL_I2C_StateTypeDef'?
  590 | HAL_StatusTypeDef HAL_LTDC_SetAlpha_NoReload(LTDC_HandleTypeDef *hltdc, uint32_t Alpha, uint32_t LayerIdx);
      | ^~~~~~~~~~~~~~~~~
      | HAL_I2C_StateTypeDef
D:/UBA/CESE/ProgMicro/PdM_workspace-main/Practica5_punto1/Drivers/STM32F4xx_HAL_Driver/Inc/stm32f4xx_hal_ltdc.h:591:1: error: unknown type name 'HAL_StatusTypeDef'; did you mean 'HAL_I2C_StateTypeDef'?
  591 | HAL_StatusTypeDef HAL_LTDC_SetAddress_NoReload(LTDC_HandleTypeDef *hltdc, uint32_t Address, uint32_t LayerIdx);
      | ^~~~~~~~~~~~~~~~~
      | HAL_I2C_StateTypeDef
D:/UBA/CESE/ProgMicro/PdM_workspace-main/Practica5_punto1/Drivers/STM32F4xx_HAL_Driver/Inc/stm32f4xx_hal_ltdc.h:592:1: error: unknown type name 'HAL_StatusTypeDef'; did you mean 'HAL_I2C_StateTypeDef'?
  592 | HAL_StatusTypeDef HAL_LTDC_SetPitch_NoReload(LTDC_HandleTypeDef *hltdc, uint32_t LinePitchInPixels, uint32_t LayerIdx);
      | ^~~~~~~~~~~~~~~~~
      | HAL_I2C_StateTypeDef
D:/UBA/CESE/ProgMicro/PdM_workspace-main/Practica5_punto1/Drivers/STM32F4xx_HAL_Driver/Inc/stm32f4xx_hal_ltdc.h:593:1: error: unknown type name 'HAL_StatusTypeDef'; did you mean 'HAL_I2C_StateTypeDef'?
  593 | HAL_StatusTypeDef HAL_LTDC_ConfigColorKeying_NoReload(LTDC_HandleTypeDef *hltdc, uint32_t RGBValue, uint32_t LayerIdx);
      | ^~~~~~~~~~~~~~~~~
      | HAL_I2C_StateTypeDef
D:/UBA/CESE/ProgMicro/PdM_workspace-main/Practica5_punto1/Drivers/STM32F4xx_HAL_Driver/Inc/stm32f4xx_hal_ltdc.h:594:1: error: unknown type name 'HAL_StatusTypeDef'; did you mean 'HAL_I2C_StateTypeDef'?
  594 | HAL_StatusTypeDef HAL_LTDC_EnableColorKeying_NoReload(LTDC_HandleTypeDef *hltdc, uint32_t LayerIdx);
      | ^~~~~~~~~~~~~~~~~
      | HAL_I2C_StateTypeDef
D:/UBA/CESE/ProgMicro/PdM_workspace-main/Practica5_punto1/Drivers/STM32F4xx_HAL_Driver/Inc/stm32f4xx_hal_ltdc.h:595:1: error: unknown type name 'HAL_StatusTypeDef'; did you mean 'HAL_I2C_StateTypeDef'?
  595 | HAL_StatusTypeDef HAL_LTDC_DisableColorKeying_NoReload(LTDC_HandleTypeDef *hltdc, uint32_t LayerIdx);
      | ^~~~~~~~~~~~~~~~~
      | HAL_I2C_StateTypeDef
D:/UBA/CESE/ProgMicro/PdM_workspace-main/Practica5_punto1/Drivers/STM32F4xx_HAL_Driver/Inc/stm32f4xx_hal_ltdc.h:596:1: error: unknown type name 'HAL_StatusTypeDef'; did you mean 'HAL_I2C_StateTypeDef'?
  596 | HAL_StatusTypeDef HAL_LTDC_EnableCLUT_NoReload(LTDC_HandleTypeDef *hltdc, uint32_t LayerIdx);
      | ^~~~~~~~~~~~~~~~~
      | HAL_I2C_StateTypeDef
D:/UBA/CESE/ProgMicro/PdM_workspace-main/Practica5_punto1/Drivers/STM32F4xx_HAL_Driver/Inc/stm32f4xx_hal_ltdc.h:597:1: error: unknown type name 'HAL_StatusTypeDef'; did you mean 'HAL_I2C_StateTypeDef'?
  597 | HAL_StatusTypeDef HAL_LTDC_DisableCLUT_NoReload(LTDC_HandleTypeDef *hltdc, uint32_t LayerIdx);
      | ^~~~~~~~~~~~~~~~~
      | HAL_I2C_StateTypeDef
In file included from D:/UBA/CESE/ProgMicro/PdM_workspace-main/Practica5_punto1/Drivers/STM32F4xx_HAL_Driver/Inc/stm32f4xx_hal_pwr.h:274,
                 from ../Inc/stm32f4xx_hal_conf.h:369,
                 from D:/UBA/CESE/ProgMicro/PdM_workspace-main/Practica5_punto1/Drivers/STM32F4xx_HAL_Driver/Inc/stm32f4xx_hal.h:30,
                 from D:/UBA/CESE/ProgMicro/PdM_workspace-main/Practica5_punto1/Drivers/CMSIS/Device/ST/STM32F4xx/Include/stm32f4xx.h:288,
                 from D:/UBA/CESE/ProgMicro/PdM_workspace-main/Practica5_punto1/Drivers/STM32F4xx_HAL_Driver/Inc/stm32f4xx_hal_def.h:30,
                 from D:/UBA/CESE/ProgMicro/PdM_workspace-main/Practica5_punto1/Drivers/STM32F4xx_HAL_Driver/Inc/stm32f4xx_hal_uart.h:29,
                 from D:/UBA/CESE/ProgMicro/PdM_workspace-main/Practica5_punto1/Drivers/API/Inc/API_uart.h:8,
                 from ../Drivers/API/Src/API_uart.c:1:
D:/UBA/CESE/ProgMicro/PdM_workspace-main/Practica5_punto1/Drivers/STM32F4xx_HAL_Driver/Inc/stm32f4xx_hal_pwr_ex.h:207:1: error: unknown type name 'HAL_StatusTypeDef'; did you mean 'HAL_I2C_StateTypeDef'?
  207 | HAL_StatusTypeDef HAL_PWREx_EnableBkUpReg(void);
      | ^~~~~~~~~~~~~~~~~
      | HAL_I2C_StateTypeDef
D:/UBA/CESE/ProgMicro/PdM_workspace-main/Practica5_punto1/Drivers/STM32F4xx_HAL_Driver/Inc/stm32f4xx_hal_pwr_ex.h:208:1: error: unknown type name 'HAL_StatusTypeDef'; did you mean 'HAL_I2C_StateTypeDef'?
  208 | HAL_StatusTypeDef HAL_PWREx_DisableBkUpReg(void);
      | ^~~~~~~~~~~~~~~~~
      | HAL_I2C_StateTypeDef
D:/UBA/CESE/ProgMicro/PdM_workspace-main/Practica5_punto1/Drivers/STM32F4xx_HAL_Driver/Inc/stm32f4xx_hal_pwr_ex.h:210:1: error: unknown type name 'HAL_StatusTypeDef'; did you mean 'HAL_I2C_StateTypeDef'?
  210 | HAL_StatusTypeDef HAL_PWREx_ControlVoltageScaling(uint32_t VoltageScaling);
      | ^~~~~~~~~~~~~~~~~
      | HAL_I2C_StateTypeDef
D:/UBA/CESE/ProgMicro/PdM_workspace-main/Practica5_punto1/Drivers/STM32F4xx_HAL_Driver/Inc/stm32f4xx_hal_pwr_ex.h:224:1: error: unknown type name 'HAL_StatusTypeDef'; did you mean 'HAL_I2C_StateTypeDef'?
  224 | HAL_StatusTypeDef HAL_PWREx_EnableOverDrive(void);
      | ^~~~~~~~~~~~~~~~~
      | HAL_I2C_StateTypeDef
D:/UBA/CESE/ProgMicro/PdM_workspace-main/Practica5_punto1/Drivers/STM32F4xx_HAL_Driver/Inc/stm32f4xx_hal_pwr_ex.h:225:1: error: unknown type name 'HAL_StatusTypeDef'; did you mean 'HAL_I2C_StateTypeDef'?
  225 | HAL_StatusTypeDef HAL_PWREx_DisableOverDrive(void);
      | ^~~~~~~~~~~~~~~~~
      | HAL_I2C_StateTypeDef
D:/UBA/CESE/ProgMicro/PdM_workspace-main/Practica5_punto1/Drivers/STM32F4xx_HAL_Driver/Inc/stm32f4xx_hal_pwr_ex.h:226:1: error: unknown type name 'HAL_StatusTypeDef'; did you mean 'HAL_I2C_StateTypeDef'?
  226 | HAL_StatusTypeDef HAL_PWREx_EnterUnderDriveSTOPMode(uint32_t Regulator, uint8_t STOPEntry);
      | ^~~~~~~~~~~~~~~~~
      | HAL_I2C_StateTypeDef
In file included from D:/UBA/CESE/ProgMicro/PdM_workspace-main/Practica5_punto1/Drivers/CMSIS/Device/ST/STM32F4xx/Include/stm32f4xx.h:288,
                 from D:/UBA/CESE/ProgMicro/PdM_workspace-main/Practica5_punto1/Drivers/STM32F4xx_HAL_Driver/Inc/stm32f4xx_hal_def.h:30,
                 from D:/UBA/CESE/ProgMicro/PdM_workspace-main/Practica5_punto1/Drivers/STM32F4xx_HAL_Driver/Inc/stm32f4xx_hal_uart.h:29,
                 from D:/UBA/CESE/ProgMicro/PdM_workspace-main/Practica5_punto1/Drivers/API/Inc/API_uart.h:8,
                 from ../Drivers/API/Src/API_uart.c:1:
D:/UBA/CESE/ProgMicro/PdM_workspace-main/Practica5_punto1/Drivers/STM32F4xx_HAL_Driver/Inc/stm32f4xx_hal.h:220:1: error: unknown type name 'HAL_StatusTypeDef'; did you mean 'HAL_I2C_StateTypeDef'?
  220 | HAL_StatusTypeDef HAL_Init(void);
      | ^~~~~~~~~~~~~~~~~
      | HAL_I2C_StateTypeDef
D:/UBA/CESE/ProgMicro/PdM_workspace-main/Practica5_punto1/Drivers/STM32F4xx_HAL_Driver/Inc/stm32f4xx_hal.h:221:1: error: unknown type name 'HAL_StatusTypeDef'; did you mean 'HAL_I2C_StateTypeDef'?
  221 | HAL_StatusTypeDef HAL_DeInit(void);
      | ^~~~~~~~~~~~~~~~~
      | HAL_I2C_StateTypeDef
D:/UBA/CESE/ProgMicro/PdM_workspace-main/Practica5_punto1/Drivers/STM32F4xx_HAL_Driver/Inc/stm32f4xx_hal.h:224:1: error: unknown type name 'HAL_StatusTypeDef'; did you mean 'HAL_I2C_StateTypeDef'?
  224 | HAL_StatusTypeDef HAL_InitTick (uint32_t TickPriority);
      | ^~~~~~~~~~~~~~~~~
      | HAL_I2C_StateTypeDef
D:/UBA/CESE/ProgMicro/PdM_workspace-main/Practica5_punto1/Drivers/STM32F4xx_HAL_Driver/Inc/stm32f4xx_hal.h:237:1: error: unknown type name 'HAL_StatusTypeDef'; did you mean 'HAL_I2C_StateTypeDef'?
  237 | HAL_StatusTypeDef HAL_SetTickFreq(HAL_TickFreqTypeDef Freq);
      | ^~~~~~~~~~~~~~~~~
      | HAL_I2C_StateTypeDef
../Drivers/API/Src/API_uart.c: In function 'uartInit':
../Drivers/API/Src/API_uart.c:12:31: error: 'USARTx' undeclared (first use in this function); did you mean 'USART6'?
   12 |  UartHandle.Instance        = USARTx;
      |                               ^~~~~~
      |                               USART6
../Drivers/API/Src/API_uart.c:12:31: note: each undeclared identifier is reported only once for each function it appears in
make: *** [Drivers/API/Src/subdir.mk:19: Drivers/API/Src/API_uart.o] Error 1
"make -j8 all" terminated with exit code 2. Build might be incomplete.

12:59:14 Build Failed. 212 errors, 0 warnings. (took 6s.951ms)

