2023-04-19 06:58:45,840 [INFO] Activator:176 - 


2023-04-19 06:58:45,849 [INFO] Activator:177 - !SESSION log4j initialized
2023-04-19 06:58:54,235 [INFO] LogOutputStream:77 - [STDOUT_REDIRECT] 
2023-04-19 06:59:18,674 [ERROR] LogOutputStream:75 - [STDERR_REDIRECT] SLF4J: Failed to load class "org.slf4j.impl.StaticLoggerBinder".
2023-04-19 06:59:18,680 [ERROR] LogOutputStream:75 - [STDERR_REDIRECT] SLF4J: Defaulting to no-operation (NOP) logger implementation
2023-04-19 06:59:18,683 [ERROR] LogOutputStream:75 - [STDERR_REDIRECT] SLF4J: See http://www.slf4j.org/codes.html#StaticLoggerBinder for further details.
2023-04-19 12:06:01,655 [INFO] Activator:176 - 


2023-04-19 12:06:01,657 [INFO] Activator:177 - !SESSION log4j initialized
2023-04-19 12:06:09,161 [INFO] LogOutputStream:77 - [STDOUT_REDIRECT] 
2023-04-19 12:06:32,235 [ERROR] LogOutputStream:75 - [STDERR_REDIRECT] SLF4J: Failed to load class "org.slf4j.impl.StaticLoggerBinder".
2023-04-19 12:06:32,236 [ERROR] LogOutputStream:75 - [STDERR_REDIRECT] SLF4J: Defaulting to no-operation (NOP) logger implementation
2023-04-19 12:06:32,240 [ERROR] LogOutputStream:75 - [STDERR_REDIRECT] SLF4J: See http://www.slf4j.org/codes.html#StaticLoggerBinder for further details.
2023-04-19 12:07:45,574 [INFO] LogOutputStream:77 - [STDOUT_REDIRECT] StartTraceHandler.execute(), success : Collect=true
2023-04-19 13:03:08,974 [INFO] ApplicationProperties:184 - Using Application install path: D:\Programas\STM32CubeIDE\STM32CubeIDE_1.12.0\STM32CubeIDE\plugins\com.st.stm32cube.common.mx_6.8.0.202302231600
2023-04-19 13:03:09,001 [INFO] DbMcusXml:78 - Set database path to: D:\Programas\STM32CubeIDE\STM32CubeIDE_1.12.0\STM32CubeIDE\plugins\com.st.stm32cube.common.mx_6.8.0.202302231600\\db\/mcu/
2023-04-19 13:03:09,002 [INFO] ApiDb:274 - Set plugin database path to: D:\Programas\STM32CubeIDE\STM32CubeIDE_1.12.0\STM32CubeIDE\plugins\com.st.stm32cube.common.mx_6.8.0.202302231600\\db\/plugins/boardmanager/
2023-04-19 13:03:09,004 [WARN] ApiDb:259 - Overriding images path with different value:  => D:\Programas\STM32CubeIDE\STM32CubeIDE_1.12.0\STM32CubeIDE\plugins\com.st.stm32cube.common.mx_6.8.0.202302231600\\db\/plugins/mcufinder/images/
2023-04-19 13:03:09,021 [INFO] ApiDb:250 - Set database path to: C:\Users\denis\.stmcufinder\plugins\mcufinder//mcu/
2023-04-19 13:03:09,022 [INFO] DbMcusAds:125 - Set database path to: C:\Users\denis\.stmcufinder\plugins\mcufinder//mcu/
2023-04-19 13:03:09,031 [INFO] CrossReferenceDbSqlite:203 - Set database path to: C:\Users\denis\.stmcufinder\plugins\mcufinder//mcu/cs/
2023-04-19 13:03:09,165 [INFO] RulesReader:64 - Compatibility file has been processed (293 Rules)
2023-04-19 13:03:09,266 [INFO] DbMcusXml:78 - Set database path to: D:\Programas\STM32CubeIDE\STM32CubeIDE_1.12.0\STM32CubeIDE\plugins\com.st.stm32cube.common.mx_6.8.0.202302231600\\db\/mcu/
2023-04-19 13:03:09,267 [INFO] ApiDb:274 - Set plugin database path to: D:\Programas\STM32CubeIDE\STM32CubeIDE_1.12.0\STM32CubeIDE\plugins\com.st.stm32cube.common.mx_6.8.0.202302231600\\db\/plugins/boardmanager/
2023-04-19 13:03:09,267 [INFO] ApiDb:261 - Set plugin images path to: D:\Programas\STM32CubeIDE\STM32CubeIDE_1.12.0\STM32CubeIDE\plugins\com.st.stm32cube.common.mx_6.8.0.202302231600\\db\/plugins/mcufinder/images/
2023-04-19 13:03:09,267 [WARN] DbFile:41 - Overriding database path with different value: C:\Users\denis\.stmcufinder\plugins\mcufinder/ => C:\Users\denis\.stmcufinder\plugins\mcufinder
2023-04-19 13:03:09,267 [INFO] ApiDb:250 - Set database path to: C:\Users\denis\.stmcufinder\plugins\mcufinder//mcu/
2023-04-19 13:03:09,267 [WARN] DbFile:41 - Overriding database path with different value: C:\Users\denis\.stmcufinder\plugins\mcufinder/ => C:\Users\denis\.stmcufinder\plugins\mcufinder
2023-04-19 13:03:09,268 [INFO] DbMcusAds:125 - Set database path to: C:\Users\denis\.stmcufinder\plugins\mcufinder//mcu/
2023-04-19 13:03:09,268 [WARN] DbFile:41 - Overriding database path with different value: C:\Users\denis\.stmcufinder\plugins\mcufinder/ => C:\Users\denis\.stmcufinder\plugins\mcufinder
2023-04-19 13:03:09,268 [WARN] DbFile:41 - Overriding database path with different value: C:\Users\denis\.stmcufinder\plugins\mcufinder/ => C:\Users\denis\.stmcufinder\plugins\mcufinder
2023-04-19 13:03:09,268 [INFO] CrossReferenceDbSqlite:203 - Set database path to: C:\Users\denis\.stmcufinder\plugins\mcufinder//mcu/cs/
2023-04-19 13:03:09,354 [INFO] MainPanel:253 - HeapMemory: 443547648
2023-04-19 13:03:09,481 [INFO] DbMcusXml:78 - Set database path to: D:\Programas\STM32CubeIDE\STM32CubeIDE_1.12.0\STM32CubeIDE\plugins\com.st.stm32cube.common.mx_6.8.0.202302231600\\db\/mcu/
2023-04-19 13:03:09,482 [INFO] ApiDb:274 - Set plugin database path to: D:\Programas\STM32CubeIDE\STM32CubeIDE_1.12.0\STM32CubeIDE\plugins\com.st.stm32cube.common.mx_6.8.0.202302231600\\db\/plugins/boardmanager/
2023-04-19 13:03:09,482 [INFO] ApiDb:261 - Set plugin images path to: D:\Programas\STM32CubeIDE\STM32CubeIDE_1.12.0\STM32CubeIDE\plugins\com.st.stm32cube.common.mx_6.8.0.202302231600\\db\/plugins/mcufinder/images/
2023-04-19 13:03:09,482 [WARN] DbFile:41 - Overriding database path with different value: C:\Users\denis\.stmcufinder\plugins\mcufinder/ => C:\Users\denis\.stmcufinder\plugins\mcufinder
2023-04-19 13:03:09,482 [INFO] ApiDb:250 - Set database path to: C:\Users\denis\.stmcufinder\plugins\mcufinder//mcu/
2023-04-19 13:03:09,482 [WARN] DbFile:41 - Overriding database path with different value: C:\Users\denis\.stmcufinder\plugins\mcufinder/ => C:\Users\denis\.stmcufinder\plugins\mcufinder
2023-04-19 13:03:09,482 [INFO] DbMcusAds:125 - Set database path to: C:\Users\denis\.stmcufinder\plugins\mcufinder//mcu/
2023-04-19 13:03:09,482 [WARN] DbFile:41 - Overriding database path with different value: C:\Users\denis\.stmcufinder\plugins\mcufinder/ => C:\Users\denis\.stmcufinder\plugins\mcufinder
2023-04-19 13:03:09,483 [WARN] DbFile:41 - Overriding database path with different value: C:\Users\denis\.stmcufinder\plugins\mcufinder/ => C:\Users\denis\.stmcufinder\plugins\mcufinder
2023-04-19 13:03:09,483 [INFO] CrossReferenceDbSqlite:203 - Set database path to: C:\Users\denis\.stmcufinder\plugins\mcufinder//mcu/cs/
2023-04-19 13:03:09,511 [INFO] ApplicationProperties:184 - Using Application install path: D:\Programas\STM32CubeIDE\STM32CubeIDE_1.12.0\STM32CubeIDE\plugins\com.st.stm32cube.common.mx_6.8.0.202302231600
2023-04-19 13:03:09,513 [INFO] PluginManage:196 - Search for loadable plugins [exclusion list=, ]
2023-04-19 13:03:09,515 [INFO] PluginManage:310 - Check plugin analytics
2023-04-19 13:03:09,707 [INFO] AnalyticsPlugin:253 - Accepted Software Licenses: 
2023-04-19 13:03:09,708 [INFO] AnalyticsPlugin:255 - Accepted CMSIS Pack Licenses: 
2023-04-19 13:03:09,708 [INFO] AnalyticsPlugin:257 - Accepted Firmware Licenses: FW.F4.1.27.0
2023-04-19 13:03:09,714 [INFO] PluginManage:359 - Loaded plugin analytics (category:tool,tabindex:-1)
2023-04-19 13:03:09,714 [INFO] PluginManage:310 - Check plugin cadmodel
2023-04-19 13:03:09,735 [INFO] CADModel:105 - Init CAD model plugin
2023-04-19 13:03:09,735 [INFO] PluginManage:359 - Loaded plugin cadmodel (category:power,tabindex:5)
2023-04-19 13:03:09,735 [INFO] PluginManage:310 - Check plugin clock
2023-04-19 13:03:09,757 [INFO] PluginManage:359 - Loaded plugin clock (category:base,tabindex:2)
2023-04-19 13:03:09,757 [INFO] PluginManage:310 - Check plugin ddr
2023-04-19 13:03:09,762 [INFO] PluginManage:359 - Loaded plugin ddr (category:tool,tabindex:6)
2023-04-19 13:03:09,763 [INFO] PluginManage:310 - Check plugin filemanager
2023-04-19 13:03:09,916 [INFO] PluginManage:359 - Loaded plugin filemanager (category:base,tabindex:10)
2023-04-19 13:03:09,916 [INFO] PluginManage:310 - Check plugin ipmanager
2023-04-19 13:03:09,926 [INFO] PluginManage:359 - Loaded plugin ipmanager (category:base,tabindex:5)
2023-04-19 13:03:09,926 [INFO] PluginManage:310 - Check plugin lpbam
2023-04-19 13:03:09,946 [INFO] PluginManage:359 - Loaded plugin lpbam (category:base,tabindex:0)
2023-04-19 13:03:09,946 [INFO] PluginManage:310 - Check plugin pinoutandconfiguration
2023-04-19 13:03:09,964 [INFO] PluginManage:359 - Loaded plugin pinoutandconfiguration (category:base,tabindex:1)
2023-04-19 13:03:09,965 [INFO] PluginManage:310 - Check plugin pinoutconfig
2023-04-19 13:03:10,076 [WARN] SupportedApi:132 - Cannot load RTOS API schema: s4s-elt-must-match.1: The content of 'definitions' must match (annotation?, (simpleType | complexType)?, (unique | key | keyref)*)). A problem was found starting at: attribute.
2023-04-19 13:03:10,229 [INFO] PluginManage:359 - Loaded plugin pinoutconfig (category:base,tabindex:0)
2023-04-19 13:03:10,229 [INFO] PluginManage:310 - Check plugin power
2023-04-19 13:03:10,253 [INFO] PluginManage:359 - Loaded plugin power (category:power,tabindex:4)
2023-04-19 13:03:10,253 [INFO] PluginManage:310 - Check plugin projectmanager
2023-04-19 13:03:10,273 [INFO] PluginManage:359 - Loaded plugin projectmanager (category:projectmanager,tabindex:3)
2023-04-19 13:03:10,273 [INFO] PluginManage:310 - Check plugin thirdparty
2023-04-19 13:03:10,516 [INFO] PluginManage:359 - Loaded plugin thirdparty (category:base,tabindex:-1)
2023-04-19 13:03:10,516 [WARN] IntegrityCheckThread:84 - waiting for thirdparty lock release [integrity check]
2023-04-19 13:03:10,517 [INFO] PluginManage:310 - Check plugin tools
2023-04-19 13:03:10,517 [INFO] IntegrityCheckThread:86 - entering critical section [integrity check]
2023-04-19 13:03:10,519 [INFO] ThirdPartyUpdaterWithRetryManager:70 - Updater plugin not ready yet. [1/15]
2023-04-19 13:03:10,536 [INFO] PluginManage:359 - Loaded plugin tools (category:base,tabindex:7)
2023-04-19 13:03:10,536 [INFO] PluginManage:310 - Check plugin tutovideos
2023-04-19 13:03:10,804 [INFO] PluginManage:359 - Loaded plugin tutovideos (category:base,tabindex:-1)
2023-04-19 13:03:10,804 [INFO] PluginManage:310 - Check plugin updater
2023-04-19 13:03:10,822 [INFO] PluginManage:359 - Loaded plugin updater (category:base,tabindex:12)
2023-04-19 13:03:10,824 [INFO] PluginManage:283 - PluginManage : Loaded plugins [15]
2023-04-19 13:03:11,125 [INFO] PinOutPanel:1499 - setPackage(No Configuration,No Configuration)
2023-04-19 13:03:11,202 [INFO] CADModel:165 - CPN selected for project level
2023-04-19 13:03:11,204 [INFO] CADModel:114 - Register for checkConnection events
2023-04-19 13:03:11,232 [INFO] IPUIPlugin:80 - create IPUIPlugin
2023-04-19 13:03:11,232 [INFO] PluginManager:220 - loadIPPluginJar : add adc
2023-04-19 13:03:11,252 [INFO] IPUIPlugin:80 - create IPUIPlugin
2023-04-19 13:03:11,252 [INFO] PluginManager:220 - loadIPPluginJar : add aes
2023-04-19 13:03:11,303 [INFO] IPUIPlugin:80 - create IPUIPlugin
2023-04-19 13:03:11,303 [INFO] PluginManager:220 - loadIPPluginJar : add can
2023-04-19 13:03:11,312 [INFO] IPUIPlugin:80 - create IPUIPlugin
2023-04-19 13:03:11,312 [INFO] PluginManager:220 - loadIPPluginJar : add comp
2023-04-19 13:03:11,355 [INFO] IPUIPlugin:80 - create IPUIPlugin
2023-04-19 13:03:11,355 [INFO] PluginManager:220 - loadIPPluginJar : add cryp
2023-04-19 13:03:11,374 [INFO] IPUIPlugin:80 - create IPUIPlugin
2023-04-19 13:03:11,374 [INFO] PluginManager:220 - loadIPPluginJar : add dfsdm
2023-04-19 13:03:11,387 [INFO] IPUIPlugin:80 - create IPUIPlugin
2023-04-19 13:03:11,401 [INFO] PluginManager:220 - loadIPPluginJar : add dma
2023-04-19 13:03:11,436 [INFO] IPUIPlugin:80 - create IPUIPlugin
2023-04-19 13:03:11,436 [INFO] PluginManager:220 - loadIPPluginJar : add dma3
2023-04-19 13:03:11,458 [INFO] IPUIPlugin:80 - create IPUIPlugin
2023-04-19 13:03:11,458 [INFO] PluginManager:220 - loadIPPluginJar : add fatfs
2023-04-19 13:03:11,492 [INFO] IPUIPlugin:80 - create IPUIPlugin
2023-04-19 13:03:11,492 [INFO] PluginManager:220 - loadIPPluginJar : add fmc
2023-04-19 13:03:11,513 [INFO] IPUIPlugin:80 - create IPUIPlugin
2023-04-19 13:03:11,513 [INFO] PluginManager:220 - loadIPPluginJar : add freertos
2023-04-19 13:03:11,539 [INFO] IPUIPlugin:80 - create IPUIPlugin
2023-04-19 13:03:11,539 [INFO] PluginManager:220 - loadIPPluginJar : add genericplugin
2023-04-19 13:03:11,602 [INFO] IPUIPlugin:80 - create IPUIPlugin
2023-04-19 13:03:11,602 [INFO] PluginManager:220 - loadIPPluginJar : add gfxmmu
2023-04-19 13:03:11,718 [INFO] IPUIPlugin:80 - create IPUIPlugin
2023-04-19 13:03:11,718 [INFO] PluginManager:220 - loadIPPluginJar : add gic
2023-04-19 13:03:11,720 [INFO] IPUIPlugin:80 - create IPUIPlugin
2023-04-19 13:03:11,720 [INFO] PluginManager:220 - loadIPPluginJar : add gpio
2023-04-19 13:03:11,819 [INFO] IPUIPlugin:80 - create IPUIPlugin
2023-04-19 13:03:11,819 [INFO] PluginManager:220 - loadIPPluginJar : add gtzc
2023-04-19 13:03:11,849 [INFO] IPUIPlugin:80 - create IPUIPlugin
2023-04-19 13:03:11,849 [INFO] PluginManager:220 - loadIPPluginJar : add hash
2023-04-19 13:03:11,896 [INFO] IPUIPlugin:80 - create IPUIPlugin
2023-04-19 13:03:11,896 [INFO] PluginManager:220 - loadIPPluginJar : add i2c
2023-04-19 13:03:11,935 [INFO] IPUIPlugin:80 - create IPUIPlugin
2023-04-19 13:03:11,935 [INFO] PluginManager:220 - loadIPPluginJar : add i2s
2023-04-19 13:03:11,971 [INFO] IPUIPlugin:80 - create IPUIPlugin
2023-04-19 13:03:11,971 [INFO] PluginManager:220 - loadIPPluginJar : add i3c
2023-04-19 13:03:12,057 [INFO] IPUIPlugin:80 - create IPUIPlugin
2023-04-19 13:03:12,057 [INFO] PluginManager:220 - loadIPPluginJar : add ipddr
2023-04-19 13:03:12,133 [INFO] IPUIPlugin:80 - create IPUIPlugin
2023-04-19 13:03:12,133 [INFO] PluginManager:220 - loadIPPluginJar : add linkedlist
2023-04-19 13:03:12,154 [INFO] IPUIPlugin:80 - create IPUIPlugin
2023-04-19 13:03:12,166 [INFO] PluginManager:220 - loadIPPluginJar : add lorawan
2023-04-19 13:03:12,187 [INFO] IPUIPlugin:80 - create IPUIPlugin
2023-04-19 13:03:12,187 [INFO] PluginManager:220 - loadIPPluginJar : add ltdc
2023-04-19 13:03:12,198 [INFO] IPUIPlugin:80 - create IPUIPlugin
2023-04-19 13:03:12,198 [INFO] PluginManager:220 - loadIPPluginJar : add mdma
2023-04-19 13:03:12,213 [INFO] IPUIPlugin:80 - create IPUIPlugin
2023-04-19 13:03:12,224 [INFO] PluginManager:220 - loadIPPluginJar : add nvic
2023-04-19 13:03:12,254 [INFO] IPUIPlugin:80 - create IPUIPlugin
2023-04-19 13:03:12,254 [INFO] PluginManager:220 - loadIPPluginJar : add opamp
2023-04-19 13:03:12,309 [INFO] IPUIPlugin:80 - create IPUIPlugin
2023-04-19 13:03:12,309 [INFO] PluginManager:220 - loadIPPluginJar : add openamp
2023-04-19 13:03:12,341 [INFO] IPUIPlugin:80 - create IPUIPlugin
2023-04-19 13:03:12,341 [INFO] PluginManager:220 - loadIPPluginJar : add pdm2pcm
2023-04-19 13:03:12,362 [INFO] IPUIPlugin:80 - create IPUIPlugin
2023-04-19 13:03:12,365 [INFO] PluginManager:220 - loadIPPluginJar : add plateformsettings
2023-04-19 13:03:12,372 [INFO] IPUIPlugin:80 - create IPUIPlugin
2023-04-19 13:03:12,372 [INFO] PluginManager:220 - loadIPPluginJar : add quadspi
2023-04-19 13:03:12,386 [INFO] IPUIPlugin:80 - create IPUIPlugin
2023-04-19 13:03:12,386 [INFO] PluginManager:220 - loadIPPluginJar : add resmgrutility
2023-04-19 13:03:12,437 [INFO] IPUIPlugin:80 - create IPUIPlugin
2023-04-19 13:03:12,438 [INFO] PluginManager:220 - loadIPPluginJar : add sai
2023-04-19 13:03:12,470 [INFO] IPUIPlugin:80 - create IPUIPlugin
2023-04-19 13:03:12,470 [INFO] PluginManager:220 - loadIPPluginJar : add spi
2023-04-19 13:03:12,504 [INFO] IPUIPlugin:80 - create IPUIPlugin
2023-04-19 13:03:12,504 [INFO] PluginManager:220 - loadIPPluginJar : add stm32_wpan
2023-04-19 13:03:12,538 [INFO] IPUIPlugin:80 - create IPUIPlugin
2023-04-19 13:03:12,538 [INFO] PluginManager:220 - loadIPPluginJar : add tim
2023-04-19 13:03:12,570 [INFO] IPUIPlugin:80 - create IPUIPlugin
2023-04-19 13:03:12,570 [INFO] PluginManager:220 - loadIPPluginJar : add touchsensing
2023-04-19 13:03:12,603 [INFO] IPUIPlugin:80 - create IPUIPlugin
2023-04-19 13:03:12,603 [INFO] PluginManager:220 - loadIPPluginJar : add tracer_emb
2023-04-19 13:03:12,621 [INFO] IPUIPlugin:80 - create IPUIPlugin
2023-04-19 13:03:12,621 [INFO] PluginManager:220 - loadIPPluginJar : add ts
2023-04-19 13:03:12,637 [INFO] IPUIPlugin:80 - create IPUIPlugin
2023-04-19 13:03:12,637 [INFO] PluginManager:220 - loadIPPluginJar : add tsc
2023-04-19 13:03:12,653 [INFO] IPUIPlugin:80 - create IPUIPlugin
2023-04-19 13:03:12,653 [INFO] PluginManager:220 - loadIPPluginJar : add ucpd
2023-04-19 13:03:12,688 [INFO] IPUIPlugin:80 - create IPUIPlugin
2023-04-19 13:03:12,688 [INFO] PluginManager:220 - loadIPPluginJar : add usart
2023-04-19 13:03:12,721 [INFO] IPUIPlugin:80 - create IPUIPlugin
2023-04-19 13:03:12,721 [INFO] PluginManager:220 - loadIPPluginJar : add usbx
2023-04-19 13:03:12,881 [INFO] CADModel:165 - CPN selected for project level
2023-04-19 13:03:12,882 [INFO] CADModel:114 - Register for checkConnection events
2023-04-19 13:03:12,882 [FATAL] Updater:308 - Updater called before beeing initialized
2023-04-19 13:03:12,883 [ERROR] CADModel:125 - Updater not yet initialized, retry later 
2023-04-19 13:03:13,079 [INFO] CADModel:165 - CPN selected for project level
2023-04-19 13:03:13,079 [INFO] CADModel:114 - Register for checkConnection events
2023-04-19 13:03:13,079 [FATAL] Updater:308 - Updater called before beeing initialized
2023-04-19 13:03:13,079 [ERROR] CADModel:125 - Updater not yet initialized, retry later 
2023-04-19 13:03:13,081 [FATAL] Updater:308 - Updater called before beeing initialized
2023-04-19 13:03:13,222 [FATAL] Updater:308 - Updater called before beeing initialized
2023-04-19 13:03:13,232 [INFO] DbMcusAds:53 - JSON generation date=Tue Mar 07 05:50:55 ART 2023 (1678179055335)
2023-04-19 13:03:13,232 [FATAL] Updater:308 - Updater called before beeing initialized
2023-04-19 13:03:13,330 [WARN] DetailPanel:346 - Failed to get advertising image, set to default
2023-04-19 13:03:13,446 [FATAL] Updater:308 - Updater called before beeing initialized
2023-04-19 13:03:13,448 [FATAL] Updater:308 - Updater called before beeing initialized
2023-04-19 13:03:13,448 [FATAL] Updater:308 - Updater called before beeing initialized
2023-04-19 13:03:13,448 [WARN] DetailPanel:346 - Failed to get advertising image, set to default
2023-04-19 13:03:13,450 [FATAL] Updater:308 - Updater called before beeing initialized
2023-04-19 13:03:13,524 [ERROR] Updater:1120 - MainUpdater not yet initialized. External WinMGr cannot be set.
2023-04-19 13:03:13,532 [INFO] Updater:1056 - Updater Version found : 6.8.0
2023-04-19 13:03:13,537 [INFO] ThirdPartyUpdaterWithRetryManager:70 - Updater plugin not ready yet. [2/15]
2023-04-19 13:03:13,549 [INFO] ApplicationProperties:184 - Using Application install path: D:\Programas\STM32CubeIDE\STM32CubeIDE_1.12.0\STM32CubeIDE\plugins\com.st.stm32cube.common.mx_6.8.0.202302231600
2023-04-19 13:03:13,689 [INFO] MainUpdater:2854 - connection check result : 10
2023-04-19 13:03:13,690 [INFO] MainUpdater:3548 - Updater definition file requires update
2023-04-19 13:03:13,690 [INFO] MainUpdater:283 - Updater Check For Update Now.
2023-04-19 13:03:13,692 [INFO] MicroXplorer:498 - Change Database Version : DB.6.0.80
2023-04-19 13:03:13,737 [INFO] ServerAccessManage:473 - Download File updaters.zip
2023-04-19 13:03:13,833 [INFO] FileExtend:240 - Unzip File : updaters.zip
2023-04-19 13:03:13,833 [INFO] FileExtend:255 - Standard Zip Deflate
2023-04-19 13:03:14,476 [INFO] ServerAccessManage:473 - Download File PacksControlFlags.xml
2023-04-19 13:03:14,589 [INFO] ServerAccessManage:473 - Download File cubemx.pidx
2023-04-19 13:03:14,708 [INFO] LoadServerUpdatesThread:373 - End of LoadServerUpdate Thread
2023-04-19 13:03:14,894 [INFO] CheckServerUpdateThread:120 - End of CheckServer Thread
2023-04-19 13:03:14,972 [INFO] MainUpdater:2854 - connection check result : 10
2023-04-19 13:03:14,974 [INFO] MainUpdater:2854 - connection check result : 10
2023-04-19 13:03:15,220 [INFO] MicroXplorer:468 - Change Database Path : 
2023-04-19 13:03:15,221 [INFO] MicroXplorer:498 - Change Database Version : DB.6.0.80
2023-04-19 13:03:15,221 [WARN] ThirdParty:871 - waiting for thirdparty lock release [close project]
2023-04-19 13:03:16,722 [WARN] PackLoader:240 - Cannot read IP mode file for STMicroelectronics.X-CUBE-GNSS1.6.0.0
2023-04-19 13:03:16,764 [WARN] PackLoader:240 - Cannot read IP mode file for STMicroelectronics.X-CUBE-AZRTOS-F4.1.1.0
2023-04-19 13:03:16,785 [WARN] PackLoader:240 - Cannot read IP mode file for STMicroelectronics.X-CUBE-SMBUS.2.1.0
2023-04-19 13:03:16,820 [WARN] PackLoader:240 - Cannot read IP mode file for STMicroelectronics.X-CUBE-AZRTOS-F7.1.1.0
2023-04-19 13:03:16,836 [WARN] PackLoader:240 - Cannot read IP mode file for STMicroelectronics.X-CUBE-BLE1.6.2.4
2023-04-19 13:03:16,852 [WARN] PackLoader:240 - Cannot read IP mode file for emotas.I-CUBE-CANOPEN.1.1.3
2023-04-19 13:03:16,868 [WARN] PackLoader:240 - Cannot read IP mode file for STMicroelectronics.X-CUBE-BLEMGR.2.0.0
2023-04-19 13:03:16,904 [WARN] ConditionMgr:438 - getConditionDescription Invalid condition id : UX DEVICE CLASS RTOS Condition cause : null
2023-04-19 13:03:16,905 [WARN] ConditionMgr:438 - getConditionDescription Invalid condition id : UX DEVICE CLASS RTOS Condition cause : null
2023-04-19 13:03:16,911 [WARN] PackLoader:240 - Cannot read IP mode file for STMicroelectronics.X-CUBE-AZRTOS-H7.3.1.0
2023-04-19 13:03:16,911 [WARN] ConditionMgr:1039 - genDependencies : Invalid condition id : UX DEVICE CLASS RTOS Condition cause : null
2023-04-19 13:03:16,911 [WARN] ConditionMgr:1039 - genDependencies : Invalid condition id : UX DEVICE CLASS RTOS Condition cause : null
2023-04-19 13:03:16,914 [WARN] ConditionMgr:1039 - genDependencies : Invalid condition id : UX DEVICE CLASS RTOS Condition cause : null
2023-04-19 13:03:16,915 [WARN] ConditionMgr:1039 - genDependencies : Invalid condition id : UX DEVICE CLASS RTOS Condition cause : null
2023-04-19 13:03:16,915 [WARN] ConditionMgr:1039 - genDependencies : Invalid condition id : UX DEVICE CLASS RTOS Condition cause : null
2023-04-19 13:03:16,935 [WARN] PackLoader:240 - Cannot read IP mode file for STMicroelectronics.X-CUBE-DISPLAY.3.0.0
2023-04-19 13:03:16,951 [WARN] PackLoader:240 - Cannot read IP mode file for wolfSSL.I-CUBE-wolfSSL.5.5.4
2023-04-19 13:03:16,963 [WARN] PackLoader:240 - Cannot read IP mode file for STMicroelectronics.X-CUBE-NFC7.1.0.0
2023-04-19 13:03:16,977 [WARN] PackLoader:240 - Cannot read IP mode file for STMicroelectronics.X-CUBE-EEPRMA1.4.1.0
2023-04-19 13:03:16,992 [WARN] PackLoader:240 - Cannot read IP mode file for WES.I-CUBE-Cesium.1.3.0
2023-04-19 13:03:17,004 [WARN] PackLoader:240 - Cannot read IP mode file for STMicroelectronics.X-CUBE-SFXS2LP1.4.0.0
2023-04-19 13:03:17,018 [WARN] PackLoader:240 - Cannot read IP mode file for STMicroelectronics.X-CUBE-BLE2.3.3.0
2023-04-19 13:03:17,046 [WARN] PackLoader:240 - Cannot read IP mode file for STMicroelectronics.X-CUBE-AZRTOS-H7.3.0.0
2023-04-19 13:03:17,070 [WARN] PackLoader:240 - Cannot read IP mode file for STMicroelectronics.X-CUBE-ISPU.1.1.0
2023-04-19 13:03:17,092 [WARN] PackLoader:240 - Cannot read IP mode file for RoweBots.I-CUBE-UNISONRTOS.5.5.0-4
2023-04-19 13:03:17,107 [WARN] PackLoader:240 - Cannot read IP mode file for STMicroelectronics.X-CUBE-AI.8.0.0
2023-04-19 13:03:17,120 [WARN] PackLoader:240 - Cannot read IP mode file for STMicroelectronics.X-CUBE-FREERTOS.1.0.0
2023-04-19 13:03:17,132 [WARN] PackLoader:240 - Cannot read IP mode file for STMicroelectronics.X-CUBE-FREERTOS.1.0.1
2023-04-19 13:03:17,148 [WARN] PackLoader:240 - Cannot read IP mode file for STMicroelectronics.X-CUBE-TOUCHGFX.4.21.3
2023-04-19 13:03:17,161 [WARN] PackLoader:240 - Cannot read IP mode file for STMicroelectronics.X-CUBE-ALGOBUILD.1.3.0
2023-04-19 13:03:17,189 [WARN] PackLoader:240 - Cannot read IP mode file for STMicroelectronics.X-CUBE-AZRTOS-L5.1.1.0
2023-04-19 13:03:17,226 [WARN] PackLoader:240 - Cannot read IP mode file for STMicroelectronics.X-CUBE-AZRTOS-G0.1.1.0
2023-04-19 13:03:17,248 [WARN] PackLoader:240 - Cannot read IP mode file for STMicroelectronics.X-CUBE-SUBG2.5.0.0
2023-04-19 13:03:17,267 [WARN] PackLoader:240 - Cannot read IP mode file for STMicroelectronics.X-CUBE-NFC4.3.0.0
2023-04-19 13:03:17,288 [WARN] PackLoader:240 - Cannot read IP mode file for STMicroelectronics.X-CUBE-TOF1.3.3.0
2023-04-19 13:03:17,321 [WARN] PackLoader:240 - Cannot read IP mode file for STMicroelectronics.FP-ATR-ASTRA1.1.1.1
2023-04-19 13:03:17,350 [WARN] PackLoader:240 - Cannot read IP mode file for STMicroelectronics.X-CUBE-AZRTOS-G4.1.0.0
2023-04-19 13:03:17,367 [WARN] PackLoader:240 - Cannot read IP mode file for STMicroelectronics.FP-ATR-SIGFOX1.3.2.0
2023-04-19 13:03:17,405 [WARN] PackLoader:240 - Cannot read IP mode file for STMicroelectronics.X-CUBE-AZRTOS-L4.1.0.0
2023-04-19 13:03:17,436 [WARN] PackLoader:240 - Cannot read IP mode file for STMicroelectronics.X-CUBE-AZRTOS-WL.1.0.0
2023-04-19 13:03:17,458 [WARN] PackLoader:240 - Cannot read IP mode file for portGmbH.I-Cube-SoM-uGOAL.1.1.0
2023-04-19 13:03:17,471 [WARN] PackLoader:240 - Cannot read IP mode file for STMicroelectronics.X-CUBE-ALS.1.0.1
2023-04-19 13:03:17,535 [WARN] PackLoader:240 - Cannot read IP mode file for STMicroelectronics.X-CUBE-MEMS1.9.5.0
2023-04-19 13:03:17,742 [WARN] PackLoader:240 - Cannot read IP mode file for STMicroelectronics.X-CUBE-AZRTOS-WB.1.1.0
2023-04-19 13:03:17,781 [WARN] PackLoader:240 - Cannot read IP mode file for SEGGER.I-CUBE-embOS.1.3.1
2023-04-19 13:03:17,835 [WARN] PackLoader:240 - Cannot read IP mode file for STMicroelectronics.FP-ATR-ASTRA1.2.0.0
2023-04-19 13:03:17,836 [INFO] ThirdParty:978 - Integrity check success = true
2023-04-19 13:03:17,837 [INFO] IntegrityCheckThread:100 - exiting critical section [integrity check]
2023-04-19 13:03:17,837 [INFO] IntegrityCheckThread:103 - End integrity checks thread
2023-04-19 13:03:17,837 [INFO] ThirdParty:873 - entering critical section [close project]
2023-04-19 13:03:17,838 [INFO] ThirdParty:883 - exiting critical section [close project]
2023-04-19 13:03:17,840 [INFO] PinOutPanel:1499 - setPackage(No Configuration,No Configuration)
2023-04-19 13:03:17,845 [INFO] UtilMem:75 - Begin LoadConfig() Used Memory: 430172248 Bytes (699400192)
2023-04-19 13:03:17,845 [INFO] MicroXplorer:468 - Change Database Path : 
2023-04-19 13:03:17,845 [INFO] MicroXplorer:498 - Change Database Version : DB.6.0.80
2023-04-19 13:03:17,845 [INFO] OpenFileManager:308 - Change cursor
2023-04-19 13:03:17,905 [INFO] Mcu:1937 - Initializing MCU STM32F429ZITx STM32F429ZITx STM32F429ZIT6
2023-04-19 13:03:20,208 [INFO] Context:659 - Trying to add GPIOservice into a context  which must be forbidden
2023-04-19 13:03:21,040 [INFO] RtosManager:555 - Registered RTOS mode: class=CMSIS, group=RTOS, mode=CMSIS_V1, owner=FREERTOS
2023-04-19 13:03:21,040 [INFO] RtosManager:555 - Registered RTOS mode: class=CMSIS, group=RTOS2, mode=CMSIS_V2, owner=FREERTOS
2023-04-19 13:03:21,041 [INFO] RtosManager:555 - Registered RTOS mode: class=RTOS, group=Core, mode=CMSIS_V1, owner=FREERTOS
2023-04-19 13:03:21,041 [INFO] RtosManager:555 - Registered RTOS mode: class=RTOS, group=Core, mode=CMSIS_V2, owner=FREERTOS
2023-04-19 13:03:21,041 [WARN] ModelIntegratedComponent:184 - Missing modes for component STMicroelectronics:FreeRTOS:0.0.1:STMicroelectronics:RTOS:FreeRTOS:Core:::10.2.0:
2023-04-19 13:03:21,064 [WARN] ModelIntegratedComponent:63 - No mode defined for component null
2023-04-19 13:03:21,065 [WARN] ModelIntegratedComponent:63 - No mode defined for component null
2023-04-19 13:03:21,065 [WARN] ModelIntegratedComponent:63 - No mode defined for component null
2023-04-19 13:03:21,065 [WARN] ModelIntegratedComponent:63 - No mode defined for component null
2023-04-19 13:03:21,065 [WARN] ModelIntegratedComponent:63 - No mode defined for component null
2023-04-19 13:03:21,065 [WARN] ModelIntegratedComponent:63 - No mode defined for component null
2023-04-19 13:03:21,065 [WARN] ModelIntegratedComponent:63 - No mode defined for component null
2023-04-19 13:03:21,065 [WARN] ModelIntegratedComponent:63 - No mode defined for component null
2023-04-19 13:03:21,065 [WARN] ModelIntegratedComponent:63 - No mode defined for component null
2023-04-19 13:03:21,065 [WARN] ModelIntegratedComponent:63 - No mode defined for component null
2023-04-19 13:03:21,065 [WARN] ModelIntegratedComponent:63 - No mode defined for component null
2023-04-19 13:03:21,065 [WARN] ModelIntegratedComponent:63 - No mode defined for component null
2023-04-19 13:03:21,065 [WARN] ModelIntegratedComponent:63 - No mode defined for component null
2023-04-19 13:03:21,065 [WARN] ModelIntegratedComponent:63 - No mode defined for component null
2023-04-19 13:03:21,065 [WARN] ModelIntegratedComponent:63 - No mode defined for component null
2023-04-19 13:03:21,065 [WARN] ModelIntegratedComponent:63 - No mode defined for component null
2023-04-19 13:03:21,065 [WARN] ModelIntegratedComponent:63 - No mode defined for component null
2023-04-19 13:03:21,065 [WARN] ModelIntegratedComponent:63 - No mode defined for component null
2023-04-19 13:03:21,065 [WARN] ModelIntegratedComponent:63 - No mode defined for component null
2023-04-19 13:03:21,066 [WARN] ModelIntegratedComponent:63 - No mode defined for component null
2023-04-19 13:03:21,066 [WARN] ModelIntegratedComponent:63 - No mode defined for component null
2023-04-19 13:03:21,066 [WARN] ModelIntegratedComponent:63 - No mode defined for component null
2023-04-19 13:03:21,066 [WARN] ModelIntegratedComponent:63 - No mode defined for component null
2023-04-19 13:03:21,066 [WARN] ModelIntegratedComponent:63 - No mode defined for component null
2023-04-19 13:03:21,066 [WARN] ModelIntegratedComponent:63 - No mode defined for component null
2023-04-19 13:03:21,066 [WARN] ModelIntegratedComponent:63 - No mode defined for component null
2023-04-19 13:03:21,066 [WARN] ModelIntegratedComponent:63 - No mode defined for component null
2023-04-19 13:03:21,066 [WARN] ModelIntegratedComponent:63 - No mode defined for component null
2023-04-19 13:03:21,066 [WARN] ModelIntegratedComponent:63 - No mode defined for component null
2023-04-19 13:03:21,066 [WARN] ModelIntegratedComponent:63 - No mode defined for component null
2023-04-19 13:03:21,066 [WARN] ModelIntegratedComponent:63 - No mode defined for component null
2023-04-19 13:03:21,066 [WARN] ModelIntegratedComponent:63 - No mode defined for component null
2023-04-19 13:03:21,066 [WARN] ModelIntegratedComponent:63 - No mode defined for component null
2023-04-19 13:03:21,193 [INFO] ThirdPartyModel:298 - Start build external matchings
2023-04-19 13:03:21,440 [INFO] ThirdPartyModel:316 - End build external matchings
2023-04-19 13:03:21,470 [INFO] ImportTextPane:194 - (OptionalMessage_ERROR) IP (DMA) : Parameter (Instance) has Id (TIM1_CH1) currently not set
2023-04-19 13:03:21,470 [INFO] ImportTextPane:194 - (OptionalMessage_ERROR) IP (DMA) : Parameter (Channel) has Id (TIM1_CH1) currently not set
2023-04-19 13:03:21,470 [INFO] ImportTextPane:194 - (OptionalMessage_ERROR) IP (DMA) : Parameter (Direction) has Id (TIM1_CH1) currently not set
2023-04-19 13:03:21,470 [INFO] ImportTextPane:194 - (OptionalMessage_ERROR) IP (DMA) : Parameter (PeriphInc) has Id (TIM1_CH1) currently not set
2023-04-19 13:03:21,470 [INFO] ImportTextPane:194 - (OptionalMessage_ERROR) IP (DMA) : Parameter (MemInc) has Id (TIM1_CH1) currently not set
2023-04-19 13:03:21,471 [INFO] ImportTextPane:194 - (OptionalMessage_ERROR) IP (DMA) : Parameter (PeriphDataAlignment) has Id (TIM1_CH1) currently not set
2023-04-19 13:03:21,471 [INFO] ImportTextPane:194 - (OptionalMessage_ERROR) IP (DMA) : Parameter (MemDataAlignment) has Id (TIM1_CH1) currently not set
2023-04-19 13:03:21,471 [INFO] ImportTextPane:194 - (OptionalMessage_ERROR) IP (DMA) : Parameter (Mode) has Id (TIM1_CH1) currently not set
2023-04-19 13:03:21,471 [INFO] ImportTextPane:194 - (OptionalMessage_ERROR) IP (DMA) : Parameter (Priority) has Id (TIM1_CH1) currently not set
2023-04-19 13:03:21,471 [INFO] ImportTextPane:194 - (OptionalMessage_ERROR) IP (DMA) : Parameter (FIFOMode) has Id (TIM1_CH1) currently not set
2023-04-19 13:03:21,481 [INFO] ImportTextPane:194 - (OptionalMessage_ERROR) IP (RCC) : Invalid parameter (ADC12outputFreq_Value)
2023-04-19 13:03:21,481 [INFO] ImportTextPane:194 - (OptionalMessage_ERROR) IP (RCC) : Invalid parameter (ADC34outputFreq_Value)
2023-04-19 13:03:21,482 [INFO] ImportTextPane:194 - (OptionalMessage_ERROR) IP (RCC) : Invalid parameter (FamilyName)
2023-04-19 13:03:21,482 [INFO] ImportTextPane:194 - (OptionalMessage_ERROR) IP (RCC) : Invalid parameter (I2C1Freq_Value)
2023-04-19 13:03:21,482 [INFO] ImportTextPane:194 - (OptionalMessage_ERROR) IP (RCC) : Invalid parameter (I2C2Freq_Value)
2023-04-19 13:03:21,482 [INFO] ImportTextPane:194 - (OptionalMessage_ERROR) IP (RCC) : Invalid parameter (I2C3Freq_Value)
2023-04-19 13:03:21,482 [INFO] ImportTextPane:194 - (OptionalMessage_ERROR) IP (RCC) : Invalid parameter (MCOFreq_Value)
2023-04-19 13:03:21,483 [INFO] ImportTextPane:194 - (OptionalMessage_ERROR) IP (RCC) : Invalid parameter (PLLMCOFreq_Value)
2023-04-19 13:03:21,483 [INFO] ImportTextPane:194 - (OptionalMessage_ERROR) IP (RCC) : Invalid parameter (PLLMUL)
2023-04-19 13:03:21,483 [INFO] ImportTextPane:194 - (OptionalMessage_ERROR) IP (RCC) : Invalid parameter (PRESCALERUSB)
2023-04-19 13:03:21,484 [INFO] ImportTextPane:194 - (OptionalMessage_ERROR) IP (RCC) : Parameter (RTCHSEDivFreq_Value) has invalid value (4000000)
2023-04-19 13:03:21,484 [INFO] ImportTextPane:194 - (OptionalMessage_ERROR) IP (RCC) : Invalid parameter (SYSCLKSourceVirtual)
2023-04-19 13:03:21,484 [INFO] ImportTextPane:194 - (OptionalMessage_ERROR) IP (RCC) : Invalid parameter (TIM15Freq_Value)
2023-04-19 13:03:21,484 [INFO] ImportTextPane:194 - (OptionalMessage_ERROR) IP (RCC) : Invalid parameter (TIM16Freq_Value)
2023-04-19 13:03:21,484 [INFO] ImportTextPane:194 - (OptionalMessage_ERROR) IP (RCC) : Invalid parameter (TIM17Freq_Value)
2023-04-19 13:03:21,484 [INFO] ImportTextPane:194 - (OptionalMessage_ERROR) IP (RCC) : Invalid parameter (TIM1Freq_Value)
2023-04-19 13:03:21,484 [INFO] ImportTextPane:194 - (OptionalMessage_ERROR) IP (RCC) : Invalid parameter (TIM20Freq_Value)
2023-04-19 13:03:21,484 [INFO] ImportTextPane:194 - (OptionalMessage_ERROR) IP (RCC) : Invalid parameter (TIM2Freq_Value)
2023-04-19 13:03:21,484 [INFO] ImportTextPane:194 - (OptionalMessage_ERROR) IP (RCC) : Invalid parameter (TIM3Freq_Value)
2023-04-19 13:03:21,484 [INFO] ImportTextPane:194 - (OptionalMessage_ERROR) IP (RCC) : Invalid parameter (TIM8Freq_Value)
2023-04-19 13:03:21,484 [INFO] ImportTextPane:194 - (OptionalMessage_ERROR) IP (RCC) : Invalid parameter (UART4Freq_Value)
2023-04-19 13:03:21,484 [INFO] ImportTextPane:194 - (OptionalMessage_ERROR) IP (RCC) : Invalid parameter (UART5Freq_Value)
2023-04-19 13:03:21,484 [INFO] ImportTextPane:194 - (OptionalMessage_ERROR) IP (RCC) : Invalid parameter (USART1Freq_Value)
2023-04-19 13:03:21,485 [INFO] ImportTextPane:194 - (OptionalMessage_ERROR) IP (RCC) : Invalid parameter (USART2Freq_Value)
2023-04-19 13:03:21,485 [INFO] ImportTextPane:194 - (OptionalMessage_ERROR) IP (RCC) : Invalid parameter (USART3Freq_Value)
2023-04-19 13:03:21,485 [INFO] ImportTextPane:194 - (OptionalMessage_ERROR) IP (RCC) : Invalid parameter (USBFreq_Value)
2023-04-19 13:03:21,485 [INFO] ImportTextPane:194 - (OptionalMessage_ERROR) IP (RCC) : Invalid parameter (VCOOutput2Freq_Value)
2023-04-19 13:03:21,943 [INFO] UtilMem:75 - End LoadConfig() Used Memory: 354106960 Bytes (699400192)
2023-04-19 13:03:22,081 [INFO] ApiDb:581 - Connected to CubeFinder SQLite database (C:\Users\denis\.stmcufinder\plugins\mcufinder\mcu\cube-finder-db.db)
2023-04-19 13:03:22,220 [INFO] ApiDb:668 - CubeFinder database Data Model version=2.1
2023-04-19 13:03:22,220 [INFO] ApiDb:669 - CubeFinder database Configuration version=3.0.35
2023-04-19 13:03:22,222 [INFO] ApiDb:670 - CubeFinder database generation date=2023-03-10 (1678456172)
2023-04-19 13:03:22,222 [INFO] ApiDb:671 - CubeFinder database FW Pack versions=[FP-ATR-ASTRA1_V1.1.1, STM32Cube_FW_C0_V1.0.1, STM32Cube_FW_F0_V1.11.4, STM32Cube_FW_F3_V1.11.4, STM32Cube_FW_F4_V1.27.1, STM32Cube_FW_F7_V1.17.0, STM32Cube_FW_G0_V1.6.1, STM32Cube_FW_G4_V1.5.1, STM32Cube_FW_H5_V0.5.1, STM32Cube_FW_H5_V1.0.0, STM32Cube_FW_H7_V1.11.0, STM32Cube_FW_L0_V1.12.2, STM32Cube_FW_L5_V1.5.0, STM32Cube_FW_U5_V1.2.0, STM32Cube_FW_WBA_V1.0.0, STM32Cube_FW_WBA_V1.0.0RC1, STM32Cube_FW_WBA_V1.0.0RC3, STM32Cube_FW_WB_V1.15.0RC1, STM32Cube_FW_WB_V1.16.0, STM32Cube_FW_WB_V1.16.0RC2, STM32Cube_FW_WL_V1.3.0, X-CUBE-ALGOBUILD_V1.3.0, X-CUBE-ALS_V1.0.1, X-CUBE-AZRTOS-F4_V1.1.0, X-CUBE-AZRTOS-F7_V1.1.0, X-CUBE-AZRTOS-G0_V1.1.0, X-CUBE-AZRTOS-G4_V1.0.0, X-CUBE-AZRTOS-H7_V3.0.0, X-CUBE-AZRTOS-L4_V1.0.0, X-CUBE-AZRTOS-L5_V1.1.0, X-CUBE-AZRTOS-WB_V1.1.0, X-CUBE-AZRTOS-WL_V1.0.0, X-CUBE-BLE1_V6.2.4, X-CUBE-BLE2_V3.3.0, X-CUBE-BLEMGR_V1.3.0, X-CUBE-EEPRMA1_V4.1.0, X-CUBE-GNSS1_V6.0.0, X-CUBE-MEMS1_V9.1.0, X-CUBE-MEMS1_V9.4.0, X-CUBE-MEMS1_V9.5.0, X-CUBE-NFC4_V3.0.0, X-CUBE-NFC7_V1.0.0, X-CUBE-SFXS2LP1_V4.0.0, X-CUBE-SUBG2_V5.0.0]
2023-04-19 13:03:25,171 [INFO] ApiDb:240 - Found 297 in-development CPN: [B-G473E-ZEST1S, B-WB1M-WPAN1, B-WL5M-SUBG1, NUCLEO-C031C6, NUCLEO-H503RB, NUCLEO-H563ZI, NUCLEO-U545RE-Q, NUCLEO-U5A5ZJ-Q, NUCLEO-WBA52CG, STEVAL-PROTEUS1, STEVAL-STWINBX1, STM320518-EVAL, STM32C0116-DK, STM32C011D6Y3TR, STM32C011D6Y6TR, STM32C011F4P3, STM32C011F4P6, STM32C011F4U3, STM32C011F4U6TR, STM32C011F6P3, STM32C011F6P6, STM32C011F6U3, STM32C011F6U6TR, STM32C011J4M3, STM32C011J4M6, STM32C011J6M3, STM32C011J6M6, STM32C0316-DK, STM32C031C4T3, STM32C031C4T6, STM32C031C4U3, STM32C031C4U6, STM32C031C6T3, STM32C031C6T6, STM32C031C6U3, STM32C031C6U6, STM32C031F4P3, STM32C031F4P6, STM32C031F6P3, STM32C031F6P6, STM32C031G4U3, STM32C031G4U6, STM32C031G6U3, STM32C031G6U6, STM32C031K4T3, STM32C031K4T6, STM32C031K4U3, STM32C031K4U6, STM32C031K6T3, STM32C031K6T6, STM32C031K6U3, STM32C031K6U6, STM32G071K8TXN, STM32G071K8UXN, STM32G081GBU6N, STM32G081KBT6N, STM32G081KBUXN, STM32G0B1CCT6N, STM32G0B1KCT6, STM32G0B1NEY6TR, STM32G0B1RCT6N, STM32G0C1CCT6, STM32G0C1CCT6N, STM32G0C1CCU6N, STM32G0C1CET6N, STM32G0C1CEU6N, STM32G0C1KCT6, STM32G0C1NEY6TR, STM32G0C1RCI6N, STM32G0C1RCT6N, STM32G0C1REI6N, STM32G0C1RET6N, STM32G0C1VCI6, STM32G0C1VEI6, STM32G471CCT6, STM32G471CCU6, STM32G471CET3, STM32G471CET6, STM32G471CEU3, STM32G471CEU6, STM32G471MCT6, STM32G471MET3, STM32G471MET6, STM32G471MEY6TR, STM32G471QCT6, STM32G471QET3, STM32G471RCT6, STM32G471RET3, STM32G471RET6, STM32G471VCH6, STM32G471VCI6, STM32G471VCT6, STM32G471VEH3, STM32G471VEH6, STM32G471VEI3, STM32G471VEI6, STM32G471VET3, STM32G471VET6, STM32G474CCT6, STM32H503CBT6, STM32H503CBU6, STM32H503EBY6TR, STM32H503KBU6, STM32H503RBT6, STM32H562AGI6, STM32H562AII6, STM32H562IGK6, STM32H562IGT6, STM32H562IIK6, STM32H562IIT6, STM32H562RGT6, STM32H562RGV6, STM32H562RIT6, STM32H562RIV6, STM32H562VGT6, STM32H562VIT6, STM32H562ZGT6, STM32H562ZIT6, STM32H563AGI6, STM32H563AII3Q, STM32H563AII6, STM32H563IGK6, STM32H563IGT6, STM32H563IIK3Q, STM32H563IIK6, STM32H563IIT3Q, STM32H563IIT6, STM32H563MIY3QTR, STM32H563RGT6, STM32H563RGV6, STM32H563RIT6, STM32H563RIV6, STM32H563VGT6, STM32H563VIT3Q, STM32H563VIT6, STM32H563ZGT6, STM32H563ZIT3Q, STM32H563ZIT6, STM32H573AII3Q, STM32H573AII6, STM32H573I-DK, STM32H573IIK3Q, STM32H573IIK6, STM32H573IIT3Q, STM32H573IIT6, STM32H573MIY3QTR, STM32H573RIT6, STM32H573RIV6, STM32H573VIT3Q, STM32H573VIT6, STM32H573ZIT3Q, STM32H573ZIT6, STM32L4R5QGI6STR, STM32MP131AAE3, STM32MP131AAF3, STM32MP131AAG3, STM32MP131CAE3, STM32MP131CAF3, STM32MP131CAG3, STM32MP131DAE7, STM32MP131DAF7, STM32MP131DAG7, STM32MP131FAE7, STM32MP131FAF7, STM32MP131FAG7, STM32MP133AAE3, STM32MP133AAF3, STM32MP133AAG3, STM32MP133CAE3, STM32MP133CAF3, STM32MP133CAG3, STM32MP133DAE7, STM32MP133DAF7, STM32MP133DAG7, STM32MP133FAE7, STM32MP133FAF7, STM32MP133FAG7, STM32MP135AAE3, STM32MP135AAF3, STM32MP135AAG3, STM32MP135CAE3, STM32MP135CAF3, STM32MP135CAG3, STM32MP135DAE7, STM32MP135DAF7, STM32MP135DAG7, STM32MP135F-DK, STM32MP135FAE7, STM32MP135FAF7, STM32MP135FAF7T, STM32MP135FAF7U, STM32MP135FAG7, STM32U535CBT6, STM32U535CBT6Q, STM32U535CBU6, STM32U535CBU6Q, STM32U535CCT6, STM32U535CCT6Q, STM32U535CCU6, STM32U535CCU6Q, STM32U535CET6, STM32U535CET6Q, STM32U535CEU6, STM32U535CEU6Q, STM32U535JEY6QTR, STM32U535NCY6QTR, STM32U535NEY6QTR, STM32U535RBI6, STM32U535RBI6Q, STM32U535RBT6, STM32U535RBT6Q, STM32U535RCI6, STM32U535RCI6Q, STM32U535RCT6, STM32U535RCT6Q, STM32U535REI6, STM32U535REI6Q, STM32U535RET6, STM32U535RET6Q, STM32U535VCI6, STM32U535VCI6Q, STM32U535VCT6, STM32U535VCT6Q, STM32U535VEI6, STM32U535VEI6Q, STM32U535VET6, STM32U535VET6Q, STM32U545CET6, STM32U545CET6Q, STM32U545CEU6, STM32U545CEU6Q, STM32U545JEY6QTR, STM32U545NEY6QTR, STM32U545REI6, STM32U545REI6Q, STM32U545RET6, STM32U545RET6Q, STM32U545VEI6, STM32U545VEI6Q, STM32U545VET6, STM32U545VET6Q, STM32U595AIH6, STM32U595AIH6Q, STM32U595AJH6, STM32U595AJH6Q, STM32U595QII6, STM32U595QII6Q, STM32U595QJI6, STM32U595QJI6Q, STM32U595RIT6, STM32U595RIT6Q, STM32U595RJT6, STM32U595RJT6Q, STM32U595VIT6, STM32U595VIT6Q, STM32U595VJT6, STM32U595VJT6Q, STM32U595ZIT6, STM32U595ZIT6Q, STM32U595ZIY6QTR, STM32U595ZJT6, STM32U595ZJT6Q, STM32U595ZJY6QTR, STM32U599BJY6QTR, STM32U599NIH6Q, STM32U599NJH6Q, STM32U599VIT6Q, STM32U599VJT6, STM32U599VJT6Q, STM32U599ZIT6Q, STM32U599ZIY6QTR, STM32U599ZJT6Q, STM32U599ZJY6QTR, STM32U5A5AJH6, STM32U5A5AJH6Q, STM32U5A5QJI6, STM32U5A5QJI6Q, STM32U5A5RJT6, STM32U5A5RJT6Q, STM32U5A5VJT6, STM32U5A5VJT6Q, STM32U5A5ZJT6, STM32U5A5ZJT6Q, STM32U5A5ZJY6QTR, STM32U5A9BJY6QTR, STM32U5A9J-DK, STM32U5A9NJH6Q, STM32U5A9VJT6Q, STM32U5A9ZJT6Q, STM32U5A9ZJY6QTR, STM32WB1MMCH6, STM32WBA52CEU6, STM32WBA52CEU6T, STM32WBA52CGU6, STM32WBA52CGU6T, STM32WL5MOCH6, STM32WL5MOCH6TR]
2023-04-19 13:03:25,176 [INFO] DbMcus:216 - Found 3775 MCUs, 3775 are supported
2023-04-19 13:03:25,178 [INFO] ApiDb:423 - Load user favorites file C:\Users\denis/.stm32cubeide/favorites.mcus.txt: 0 item(s)
2023-04-19 13:03:25,178 [INFO] ApiDb:427 - User favorites MCUs=[]
2023-04-19 13:03:25,178 [INFO] DbMcus:222 - Set 0 / 0 favorites MCUs
2023-04-19 13:03:25,587 [WARN] ThirdParty:833 - waiting for thirdparty lock release [change project]
2023-04-19 13:03:25,587 [INFO] ThirdParty:835 - entering critical section [change project]
2023-04-19 13:03:25,588 [INFO] ThirdParty:1030 - CMSIS Pack Vendor :STMicroelectronics X-CUBE-ISPU 1.1.0
2023-04-19 13:03:25,588 [INFO] ThirdParty:1030 - CMSIS Pack Vendor :RoweBots I-CUBE-UNISONRTOS 5.5.0-4
2023-04-19 13:03:25,588 [INFO] ThirdParty:1030 - CMSIS Pack Vendor :STMicroelectronics X-CUBE-GNSS1 6.0.0
2023-04-19 13:03:25,588 [INFO] ThirdParty:1030 - CMSIS Pack Vendor :STMicroelectronics USB_HOST 2.0.0
2023-04-19 13:03:25,588 [INFO] ThirdParty:1030 - CMSIS Pack Vendor :STMicroelectronics X-CUBE-AZRTOS-F4 1.1.0
2023-04-19 13:03:25,588 [INFO] ThirdParty:1030 - CMSIS Pack Vendor :STMicroelectronics LIBJPEG 8.0.0
2023-04-19 13:03:25,588 [INFO] ThirdParty:1030 - CMSIS Pack Vendor :STMicroelectronics X-CUBE-SMBUS 2.1.0
2023-04-19 13:03:25,588 [INFO] ThirdParty:1030 - CMSIS Pack Vendor :STMicroelectronics USB_DEVICE 3.0.0
2023-04-19 13:03:25,588 [INFO] ThirdParty:1030 - CMSIS Pack Vendor :STMicroelectronics X-CUBE-AI 8.0.0
2023-04-19 13:03:25,588 [INFO] ThirdParty:1030 - CMSIS Pack Vendor :STMicroelectronics X-CUBE-FREERTOS 1.0.0
2023-04-19 13:03:25,588 [INFO] ThirdParty:1030 - CMSIS Pack Vendor :STMicroelectronics X-CUBE-FREERTOS 1.0.1
2023-04-19 13:03:25,588 [INFO] ThirdParty:1030 - CMSIS Pack Vendor :STMicroelectronics X-CUBE-TOUCHGFX 4.21.3
2023-04-19 13:03:25,588 [INFO] ThirdParty:1030 - CMSIS Pack Vendor :STMicroelectronics X-CUBE-AZRTOS-F7 1.1.0
2023-04-19 13:03:25,588 [INFO] ThirdParty:1030 - CMSIS Pack Vendor :STMicroelectronics USB_DEVICE 2.0.0
2023-04-19 13:03:25,588 [INFO] ThirdParty:1030 - CMSIS Pack Vendor :STMicroelectronics X-CUBE-ALGOBUILD 1.3.0
2023-04-19 13:03:25,588 [INFO] ThirdParty:1030 - CMSIS Pack Vendor :STMicroelectronics X-CUBE-BLE1 6.2.4
2023-04-19 13:03:25,589 [INFO] ThirdParty:1030 - CMSIS Pack Vendor :STMicroelectronics X-CUBE-AZRTOS-L5 1.1.0
2023-04-19 13:03:25,589 [INFO] ThirdParty:1030 - CMSIS Pack Vendor :STMicroelectronics FreeRTOS 0.0.1
2023-04-19 13:03:25,589 [INFO] ThirdParty:1030 - CMSIS Pack Vendor :emotas I-CUBE-CANOPEN 1.1.3
2023-04-19 13:03:25,589 [INFO] ThirdParty:1030 - CMSIS Pack Vendor :STMicroelectronics X-CUBE-AZRTOS-G0 1.1.0
2023-04-19 13:03:25,589 [INFO] ThirdParty:1030 - CMSIS Pack Vendor :STMicroelectronics X-CUBE-BLEMGR 2.0.0
2023-04-19 13:03:25,589 [INFO] ThirdParty:1030 - CMSIS Pack Vendor :STMicroelectronics X-CUBE-SUBG2 5.0.0
2023-04-19 13:03:25,589 [INFO] ThirdParty:1030 - CMSIS Pack Vendor :STMicroelectronics X-CUBE-NFC4 3.0.0
2023-04-19 13:03:25,589 [INFO] ThirdParty:1030 - CMSIS Pack Vendor :STMicroelectronics STM32_WPAN 1.0.0
2023-04-19 13:03:25,589 [INFO] ThirdParty:1030 - CMSIS Pack Vendor :STMicroelectronics lwIP 2.0.3
2023-04-19 13:03:25,589 [INFO] ThirdParty:1030 - CMSIS Pack Vendor :STMicroelectronics USB_HOST 1.0.0
2023-04-19 13:03:25,589 [INFO] ThirdParty:1030 - CMSIS Pack Vendor :STMicroelectronics PDM2PCM 3.1.0
2023-04-19 13:03:25,589 [INFO] ThirdParty:1030 - CMSIS Pack Vendor :STMicroelectronics X-CUBE-AZRTOS-H7 3.1.0
2023-04-19 13:03:25,589 [INFO] ThirdParty:1030 - CMSIS Pack Vendor :STMicroelectronics X-CUBE-TOF1 3.3.0
2023-04-19 13:03:25,589 [INFO] ThirdParty:1030 - CMSIS Pack Vendor :STMicroelectronics FP-ATR-ASTRA1 1.1.1
2023-04-19 13:03:25,589 [INFO] ThirdParty:1030 - CMSIS Pack Vendor :STMicroelectronics PDM2PCM 3.3.0
2023-04-19 13:03:25,590 [INFO] ThirdParty:1030 - CMSIS Pack Vendor :STMicroelectronics X-CUBE-DISPLAY 3.0.0
2023-04-19 13:03:25,590 [INFO] ThirdParty:1030 - CMSIS Pack Vendor :STMicroelectronics X-CUBE-AZRTOS-G4 1.0.0
2023-04-19 13:03:25,590 [INFO] ThirdParty:1030 - CMSIS Pack Vendor :STMicroelectronics FP-ATR-SIGFOX1 3.2.0
2023-04-19 13:03:25,590 [INFO] ThirdParty:1030 - CMSIS Pack Vendor :wolfSSL I-CUBE-wolfSSL 5.5.4
2023-04-19 13:03:25,590 [INFO] ThirdParty:1030 - CMSIS Pack Vendor :STMicroelectronics X-CUBE-AZRTOS-L4 1.0.0
2023-04-19 13:03:25,590 [INFO] ThirdParty:1030 - CMSIS Pack Vendor :STMicroelectronics HAL Drivers 0.0.0
2023-04-19 13:03:25,590 [INFO] ThirdParty:1030 - CMSIS Pack Vendor :STMicroelectronics MBEDTLS 2.16.2
2023-04-19 13:03:25,590 [INFO] ThirdParty:1030 - CMSIS Pack Vendor :STMicroelectronics MBEDTLS 2.14.1
2023-04-19 13:03:25,590 [INFO] ThirdParty:1030 - CMSIS Pack Vendor :STMicroelectronics X-CUBE-NFC7 1.0.0
2023-04-19 13:03:25,590 [INFO] ThirdParty:1030 - CMSIS Pack Vendor :STMicroelectronics X-CUBE-AZRTOS-WL 1.0.0
2023-04-19 13:03:25,590 [INFO] ThirdParty:1030 - CMSIS Pack Vendor :STMicroelectronics X-CUBE-EEPRMA1 4.1.0
2023-04-19 13:03:25,590 [INFO] ThirdParty:1030 - CMSIS Pack Vendor :portGmbH I-Cube-SoM-uGOAL 1.1.0
2023-04-19 13:03:25,590 [INFO] ThirdParty:1030 - CMSIS Pack Vendor :STMicroelectronics X-CUBE-ALS 1.0.1
2023-04-19 13:03:25,591 [INFO] ThirdParty:1030 - CMSIS Pack Vendor :STMicroelectronics X-CUBE-MEMS1 9.5.0
2023-04-19 13:03:25,591 [INFO] ThirdParty:1030 - CMSIS Pack Vendor :STMicroelectronics ThreadX 1.0.0
2023-04-19 13:03:25,591 [INFO] ThirdParty:1030 - CMSIS Pack Vendor :STMicroelectronics X-CUBE-AZRTOS-WB 1.1.0
2023-04-19 13:03:25,591 [INFO] ThirdParty:1030 - CMSIS Pack Vendor :SEGGER I-CUBE-embOS 1.3.1
2023-04-19 13:03:25,591 [INFO] ThirdParty:1030 - CMSIS Pack Vendor :STMicroelectronics USB_DEVICE 1.0.0
2023-04-19 13:03:25,591 [INFO] ThirdParty:1030 - CMSIS Pack Vendor :STMicroelectronics ThreadX 0.0.2
2023-04-19 13:03:25,591 [INFO] ThirdParty:1030 - CMSIS Pack Vendor :WES I-CUBE-Cesium 1.3.0
2023-04-19 13:03:25,591 [INFO] ThirdParty:1030 - CMSIS Pack Vendor :STMicroelectronics FP-ATR-ASTRA1 2.0.0
2023-04-19 13:03:25,591 [INFO] ThirdParty:1030 - CMSIS Pack Vendor :STMicroelectronics lwIP 2.1.2
2023-04-19 13:03:25,591 [INFO] ThirdParty:1030 - CMSIS Pack Vendor :STMicroelectronics X-CUBE-SFXS2LP1 4.0.0
2023-04-19 13:03:25,591 [INFO] ThirdParty:1030 - CMSIS Pack Vendor :STMicroelectronics X-CUBE-BLE2 3.3.0
2023-04-19 13:03:25,591 [INFO] ThirdParty:1030 - CMSIS Pack Vendor :STMicroelectronics PDM2PCM 3.2.0
2023-04-19 13:03:25,591 [INFO] ThirdParty:1030 - CMSIS Pack Vendor :STMicroelectronics X-CUBE-AZRTOS-H7 3.0.0
2023-04-19 13:03:25,591 [INFO] ThirdParty:841 - exiting critical section [change project]
2023-04-19 13:03:26,203 [INFO] PinOutPanel:1499 - setPackage(No Configuration,No Configuration)
2023-04-19 13:03:26,205 [INFO] PinOutPanel:1499 - setPackage(STM32F429ZITx,LQFP144)
2023-04-19 13:03:27,188 [INFO] UtilMem:75 - Before build in PCC Used Memory: 367428608 Bytes (699400192)
2023-04-19 13:03:28,045 [INFO] UtilMem:75 - After build in PCC Used Memory: 534481936 Bytes (699400192)
2023-04-19 13:03:28,080 [INFO] IPUIPlugin:80 - create IPUIPlugin
2023-04-19 13:03:28,080 [INFO] IPUIPlugin:80 - create IPUIPlugin
2023-04-19 13:03:28,080 [INFO] IPUIPlugin:80 - create IPUIPlugin
2023-04-19 13:03:28,080 [INFO] IPUIPlugin:80 - create IPUIPlugin
2023-04-19 13:03:28,080 [INFO] IPUIPlugin:80 - create IPUIPlugin
2023-04-19 13:03:28,080 [INFO] IPUIPlugin:80 - create IPUIPlugin
2023-04-19 13:03:28,080 [INFO] IPUIPlugin:80 - create IPUIPlugin
2023-04-19 13:03:28,080 [INFO] IPUIPlugin:80 - create IPUIPlugin
2023-04-19 13:03:28,080 [INFO] IPUIPlugin:80 - create IPUIPlugin
2023-04-19 13:03:28,080 [INFO] IPUIPlugin:80 - create IPUIPlugin
2023-04-19 13:03:28,080 [INFO] IPUIPlugin:80 - create IPUIPlugin
2023-04-19 13:03:28,080 [INFO] IPUIPlugin:80 - create IPUIPlugin
2023-04-19 13:03:28,080 [INFO] IPUIPlugin:80 - create IPUIPlugin
2023-04-19 13:03:28,080 [INFO] IPUIPlugin:80 - create IPUIPlugin
2023-04-19 13:03:28,080 [INFO] IPUIPlugin:80 - create IPUIPlugin
2023-04-19 13:03:28,080 [INFO] IPUIPlugin:80 - create IPUIPlugin
2023-04-19 13:03:28,080 [INFO] IPUIPlugin:80 - create IPUIPlugin
2023-04-19 13:03:28,080 [INFO] IPUIPlugin:80 - create IPUIPlugin
2023-04-19 13:03:28,080 [INFO] IPUIPlugin:80 - create IPUIPlugin
2023-04-19 13:03:28,080 [INFO] IPUIPlugin:80 - create IPUIPlugin
2023-04-19 13:03:28,080 [INFO] IPUIPlugin:80 - create IPUIPlugin
2023-04-19 13:03:28,080 [INFO] IPUIPlugin:80 - create IPUIPlugin
2023-04-19 13:03:28,080 [INFO] IPUIPlugin:80 - create IPUIPlugin
2023-04-19 13:03:28,080 [INFO] IPUIPlugin:80 - create IPUIPlugin
2023-04-19 13:03:28,080 [INFO] IPUIPlugin:80 - create IPUIPlugin
2023-04-19 13:03:28,080 [INFO] IPUIPlugin:80 - create IPUIPlugin
2023-04-19 13:03:28,080 [INFO] IPUIPlugin:80 - create IPUIPlugin
2023-04-19 13:03:28,080 [INFO] IPUIPlugin:80 - create IPUIPlugin
2023-04-19 13:03:28,080 [INFO] IPUIPlugin:80 - create IPUIPlugin
2023-04-19 13:03:28,080 [INFO] IPUIPlugin:80 - create IPUIPlugin
2023-04-19 13:03:28,080 [INFO] IPUIPlugin:80 - create IPUIPlugin
2023-04-19 13:03:28,095 [INFO] IPUIPlugin:80 - create IPUIPlugin
2023-04-19 13:03:28,095 [INFO] IPUIPlugin:80 - create IPUIPlugin
2023-04-19 13:03:28,095 [INFO] IPUIPlugin:80 - create IPUIPlugin
2023-04-19 13:03:28,096 [INFO] IPUIPlugin:80 - create IPUIPlugin
2023-04-19 13:03:28,096 [INFO] IPUIPlugin:80 - create IPUIPlugin
2023-04-19 13:03:28,096 [INFO] IPUIPlugin:80 - create IPUIPlugin
2023-04-19 13:03:28,096 [INFO] IPUIPlugin:80 - create IPUIPlugin
2023-04-19 13:03:28,096 [INFO] IPUIPlugin:80 - create IPUIPlugin
2023-04-19 13:03:28,096 [INFO] IPUIPlugin:80 - create IPUIPlugin
2023-04-19 13:03:28,096 [INFO] IPUIPlugin:80 - create IPUIPlugin
2023-04-19 13:03:28,096 [INFO] IPUIPlugin:80 - create IPUIPlugin
2023-04-19 13:03:28,096 [INFO] IPUIPlugin:80 - create IPUIPlugin
2023-04-19 13:03:28,096 [INFO] IPUIPlugin:80 - create IPUIPlugin
2023-04-19 13:03:28,096 [INFO] IPUIPlugin:80 - create IPUIPlugin
2023-04-19 13:03:28,096 [INFO] IPUIPlugin:80 - create IPUIPlugin
2023-04-19 13:03:28,096 [INFO] IPUIPlugin:80 - create IPUIPlugin
2023-04-19 13:03:28,096 [INFO] IPUIPlugin:80 - create IPUIPlugin
2023-04-19 13:03:28,096 [INFO] IPUIPlugin:80 - create IPUIPlugin
2023-04-19 13:03:28,096 [INFO] IPUIPlugin:80 - create IPUIPlugin
2023-04-19 13:03:28,096 [INFO] IPUIPlugin:80 - create IPUIPlugin
2023-04-19 13:03:28,096 [INFO] IPUIPlugin:80 - create IPUIPlugin
2023-04-19 13:03:28,096 [INFO] IPUIPlugin:80 - create IPUIPlugin
2023-04-19 13:03:28,096 [INFO] IPUIPlugin:80 - create IPUIPlugin
2023-04-19 13:03:28,096 [INFO] IPUIPlugin:80 - create IPUIPlugin
2023-04-19 13:03:28,096 [INFO] IPUIPlugin:80 - create IPUIPlugin
2023-04-19 13:03:28,096 [INFO] IPUIPlugin:80 - create IPUIPlugin
2023-04-19 13:03:28,096 [INFO] IPUIPlugin:80 - create IPUIPlugin
2023-04-19 13:03:28,103 [INFO] IPUIPlugin:80 - create IPUIPlugin
2023-04-19 13:03:28,103 [INFO] IPUIPlugin:80 - create IPUIPlugin
2023-04-19 13:03:28,103 [INFO] IPUIPlugin:80 - create IPUIPlugin
2023-04-19 13:03:28,104 [INFO] IPUIPlugin:80 - create IPUIPlugin
2023-04-19 13:03:28,104 [INFO] IPUIPlugin:80 - create IPUIPlugin
2023-04-19 13:03:28,104 [INFO] IPUIPlugin:80 - create IPUIPlugin
2023-04-19 13:03:28,104 [INFO] IPUIPlugin:80 - create IPUIPlugin
2023-04-19 13:03:28,104 [INFO] IPUIPlugin:80 - create IPUIPlugin
2023-04-19 13:03:28,203 [INFO] ApiDbMcu:507 - Load IP Config File for PDM2PCM
2023-04-19 13:03:28,466 [INFO] CADModel:165 - CPN selected for project levelSTM32F429ZIT6
2023-04-19 13:03:28,466 [INFO] CADModel:114 - Register for checkConnection events
2023-04-19 13:03:28,537 [INFO] OpenFileManager:328 - Restore cursor
2023-04-19 15:10:12,023 [INFO] Activator:176 - 


2023-04-19 15:10:12,032 [INFO] Activator:177 - !SESSION log4j initialized
2023-04-19 15:10:21,387 [INFO] LogOutputStream:77 - [STDOUT_REDIRECT] 
2023-04-19 15:10:46,511 [ERROR] LogOutputStream:75 - [STDERR_REDIRECT] SLF4J: Failed to load class "org.slf4j.impl.StaticLoggerBinder".
2023-04-19 15:10:46,524 [ERROR] LogOutputStream:75 - [STDERR_REDIRECT] SLF4J: Defaulting to no-operation (NOP) logger implementation
2023-04-19 15:10:46,527 [ERROR] LogOutputStream:75 - [STDERR_REDIRECT] SLF4J: See http://www.slf4j.org/codes.html#StaticLoggerBinder for further details.
