21:13:14 **** Incremental Build of configuration Debug for project prueba ****
make -j8 all 
arm-none-eabi-gcc "../Drivers/STM32F4xx_HAL_Driver/Src/stm32f4xx_hal.c" -mcpu=cortex-m4 -std=gnu11 -g3 -DDEBUG -DUSE_HAL_DRIVER -DSTM32F429xx -c -I../Core/Inc -I/home/iot/STM32Cube/Repository/STM32Cube_FW_F4_V1.27.0/Drivers/STM32F4xx_HAL_Driver/Inc -I/home/iot/STM32Cube/Repository/STM32Cube_FW_F4_V1.27.0/Drivers/STM32F4xx_HAL_Driver/Inc/Legacy -I/home/iot/STM32Cube/Repository/STM32Cube_FW_F4_V1.27.0/Drivers/CMSIS/Device/ST/STM32F4xx/Include -I/home/iot/STM32Cube/Repository/STM32Cube_FW_F4_V1.27.0/Drivers/CMSIS/Include -I"D:/UBA/CESE/AdM_Workspace/prueba/Drivers/STM32F4xx_HAL_Driver" -I"D:/UBA/CESE/AdM_Workspace/prueba/Drivers/STM32F4xx_HAL_Driver/Inc" -O0 -ffunction-sections -fdata-sections -Wall -fstack-usage -fcyclomatic-complexity -MMD -MP -MF"Drivers/STM32F4xx_HAL_Driver/Src/stm32f4xx_hal.d" -MT"Drivers/STM32F4xx_HAL_Driver/Src/stm32f4xx_hal.o" --specs=nano.specs -mfpu=fpv4-sp-d16 -mfloat-abi=hard -mthumb -o "Drivers/STM32F4xx_HAL_Driver/Src/stm32f4xx_hal.o"
arm-none-eabi-gcc "../Drivers/STM32F4xx_HAL_Driver/Src/stm32f4xx_hal_cortex.c" -mcpu=cortex-m4 -std=gnu11 -g3 -DDEBUG -DUSE_HAL_DRIVER -DSTM32F429xx -c -I../Core/Inc -I/home/iot/STM32Cube/Repository/STM32Cube_FW_F4_V1.27.0/Drivers/STM32F4xx_HAL_Driver/Inc -I/home/iot/STM32Cube/Repository/STM32Cube_FW_F4_V1.27.0/Drivers/STM32F4xx_HAL_Driver/Inc/Legacy -I/home/iot/STM32Cube/Repository/STM32Cube_FW_F4_V1.27.0/Drivers/CMSIS/Device/ST/STM32F4xx/Include -I/home/iot/STM32Cube/Repository/STM32Cube_FW_F4_V1.27.0/Drivers/CMSIS/Include -I"D:/UBA/CESE/AdM_Workspace/prueba/Drivers/STM32F4xx_HAL_Driver" -I"D:/UBA/CESE/AdM_Workspace/prueba/Drivers/STM32F4xx_HAL_Driver/Inc" -O0 -ffunction-sections -fdata-sections -Wall -fstack-usage -fcyclomatic-complexity -MMD -MP -MF"Drivers/STM32F4xx_HAL_Driver/Src/stm32f4xx_hal_cortex.d" -MT"Drivers/STM32F4xx_HAL_Driver/Src/stm32f4xx_hal_cortex.o" --specs=nano.specs -mfpu=fpv4-sp-d16 -mfloat-abi=hard -mthumb -o "Drivers/STM32F4xx_HAL_Driver/Src/stm32f4xx_hal_cortex.o"
arm-none-eabi-gcc "../Drivers/STM32F4xx_HAL_Driver/Src/stm32f4xx_hal_dma.c" -mcpu=cortex-m4 -std=gnu11 -g3 -DDEBUG -DUSE_HAL_DRIVER -DSTM32F429xx -c -I../Core/Inc -I/home/iot/STM32Cube/Repository/STM32Cube_FW_F4_V1.27.0/Drivers/STM32F4xx_HAL_Driver/Inc -I/home/iot/STM32Cube/Repository/STM32Cube_FW_F4_V1.27.0/Drivers/STM32F4xx_HAL_Driver/Inc/Legacy -I/home/iot/STM32Cube/Repository/STM32Cube_FW_F4_V1.27.0/Drivers/CMSIS/Device/ST/STM32F4xx/Include -I/home/iot/STM32Cube/Repository/STM32Cube_FW_F4_V1.27.0/Drivers/CMSIS/Include -I"D:/UBA/CESE/AdM_Workspace/prueba/Drivers/STM32F4xx_HAL_Driver" -I"D:/UBA/CESE/AdM_Workspace/prueba/Drivers/STM32F4xx_HAL_Driver/Inc" -O0 -ffunction-sections -fdata-sections -Wall -fstack-usage -fcyclomatic-complexity -MMD -MP -MF"Drivers/STM32F4xx_HAL_Driver/Src/stm32f4xx_hal_dma.d" -MT"Drivers/STM32F4xx_HAL_Driver/Src/stm32f4xx_hal_dma.o" --specs=nano.specs -mfpu=fpv4-sp-d16 -mfloat-abi=hard -mthumb -o "Drivers/STM32F4xx_HAL_Driver/Src/stm32f4xx_hal_dma.o"
arm-none-eabi-gcc "../Drivers/STM32F4xx_HAL_Driver/Src/stm32f4xx_hal_dma_ex.c" -mcpu=cortex-m4 -std=gnu11 -g3 -DDEBUG -DUSE_HAL_DRIVER -DSTM32F429xx -c -I../Core/Inc -I/home/iot/STM32Cube/Repository/STM32Cube_FW_F4_V1.27.0/Drivers/STM32F4xx_HAL_Driver/Inc -I/home/iot/STM32Cube/Repository/STM32Cube_FW_F4_V1.27.0/Drivers/STM32F4xx_HAL_Driver/Inc/Legacy -I/home/iot/STM32Cube/Repository/STM32Cube_FW_F4_V1.27.0/Drivers/CMSIS/Device/ST/STM32F4xx/Include -I/home/iot/STM32Cube/Repository/STM32Cube_FW_F4_V1.27.0/Drivers/CMSIS/Include -I"D:/UBA/CESE/AdM_Workspace/prueba/Drivers/STM32F4xx_HAL_Driver" -I"D:/UBA/CESE/AdM_Workspace/prueba/Drivers/STM32F4xx_HAL_Driver/Inc" -O0 -ffunction-sections -fdata-sections -Wall -fstack-usage -fcyclomatic-complexity -MMD -MP -MF"Drivers/STM32F4xx_HAL_Driver/Src/stm32f4xx_hal_dma_ex.d" -MT"Drivers/STM32F4xx_HAL_Driver/Src/stm32f4xx_hal_dma_ex.o" --specs=nano.specs -mfpu=fpv4-sp-d16 -mfloat-abi=hard -mthumb -o "Drivers/STM32F4xx_HAL_Driver/Src/stm32f4xx_hal_dma_ex.o"
arm-none-eabi-gcc "../Drivers/STM32F4xx_HAL_Driver/Src/stm32f4xx_hal_exti.c" -mcpu=cortex-m4 -std=gnu11 -g3 -DDEBUG -DUSE_HAL_DRIVER -DSTM32F429xx -c -I../Core/Inc -I/home/iot/STM32Cube/Repository/STM32Cube_FW_F4_V1.27.0/Drivers/STM32F4xx_HAL_Driver/Inc -I/home/iot/STM32Cube/Repository/STM32Cube_FW_F4_V1.27.0/Drivers/STM32F4xx_HAL_Driver/Inc/Legacy -I/home/iot/STM32Cube/Repository/STM32Cube_FW_F4_V1.27.0/Drivers/CMSIS/Device/ST/STM32F4xx/Include -I/home/iot/STM32Cube/Repository/STM32Cube_FW_F4_V1.27.0/Drivers/CMSIS/Include -I"D:/UBA/CESE/AdM_Workspace/prueba/Drivers/STM32F4xx_HAL_Driver" -I"D:/UBA/CESE/AdM_Workspace/prueba/Drivers/STM32F4xx_HAL_Driver/Inc" -O0 -ffunction-sections -fdata-sections -Wall -fstack-usage -fcyclomatic-complexity -MMD -MP -MF"Drivers/STM32F4xx_HAL_Driver/Src/stm32f4xx_hal_exti.d" -MT"Drivers/STM32F4xx_HAL_Driver/Src/stm32f4xx_hal_exti.o" --specs=nano.specs -mfpu=fpv4-sp-d16 -mfloat-abi=hard -mthumb -o "Drivers/STM32F4xx_HAL_Driver/Src/stm32f4xx_hal_exti.o"
arm-none-eabi-gcc "../Drivers/STM32F4xx_HAL_Driver/Src/stm32f4xx_hal_flash.c" -mcpu=cortex-m4 -std=gnu11 -g3 -DDEBUG -DUSE_HAL_DRIVER -DSTM32F429xx -c -I../Core/Inc -I/home/iot/STM32Cube/Repository/STM32Cube_FW_F4_V1.27.0/Drivers/STM32F4xx_HAL_Driver/Inc -I/home/iot/STM32Cube/Repository/STM32Cube_FW_F4_V1.27.0/Drivers/STM32F4xx_HAL_Driver/Inc/Legacy -I/home/iot/STM32Cube/Repository/STM32Cube_FW_F4_V1.27.0/Drivers/CMSIS/Device/ST/STM32F4xx/Include -I/home/iot/STM32Cube/Repository/STM32Cube_FW_F4_V1.27.0/Drivers/CMSIS/Include -I"D:/UBA/CESE/AdM_Workspace/prueba/Drivers/STM32F4xx_HAL_Driver" -I"D:/UBA/CESE/AdM_Workspace/prueba/Drivers/STM32F4xx_HAL_Driver/Inc" -O0 -ffunction-sections -fdata-sections -Wall -fstack-usage -fcyclomatic-complexity -MMD -MP -MF"Drivers/STM32F4xx_HAL_Driver/Src/stm32f4xx_hal_flash.d" -MT"Drivers/STM32F4xx_HAL_Driver/Src/stm32f4xx_hal_flash.o" --specs=nano.specs -mfpu=fpv4-sp-d16 -mfloat-abi=hard -mthumb -o "Drivers/STM32F4xx_HAL_Driver/Src/stm32f4xx_hal_flash.o"
arm-none-eabi-gcc "../Drivers/STM32F4xx_HAL_Driver/Src/stm32f4xx_hal_flash_ex.c" -mcpu=cortex-m4 -std=gnu11 -g3 -DDEBUG -DUSE_HAL_DRIVER -DSTM32F429xx -c -I../Core/Inc -I/home/iot/STM32Cube/Repository/STM32Cube_FW_F4_V1.27.0/Drivers/STM32F4xx_HAL_Driver/Inc -I/home/iot/STM32Cube/Repository/STM32Cube_FW_F4_V1.27.0/Drivers/STM32F4xx_HAL_Driver/Inc/Legacy -I/home/iot/STM32Cube/Repository/STM32Cube_FW_F4_V1.27.0/Drivers/CMSIS/Device/ST/STM32F4xx/Include -I/home/iot/STM32Cube/Repository/STM32Cube_FW_F4_V1.27.0/Drivers/CMSIS/Include -I"D:/UBA/CESE/AdM_Workspace/prueba/Drivers/STM32F4xx_HAL_Driver" -I"D:/UBA/CESE/AdM_Workspace/prueba/Drivers/STM32F4xx_HAL_Driver/Inc" -O0 -ffunction-sections -fdata-sections -Wall -fstack-usage -fcyclomatic-complexity -MMD -MP -MF"Drivers/STM32F4xx_HAL_Driver/Src/stm32f4xx_hal_flash_ex.d" -MT"Drivers/STM32F4xx_HAL_Driver/Src/stm32f4xx_hal_flash_ex.o" --specs=nano.specs -mfpu=fpv4-sp-d16 -mfloat-abi=hard -mthumb -o "Drivers/STM32F4xx_HAL_Driver/Src/stm32f4xx_hal_flash_ex.o"
arm-none-eabi-gcc "../Drivers/STM32F4xx_HAL_Driver/Src/stm32f4xx_hal_flash_ramfunc.c" -mcpu=cortex-m4 -std=gnu11 -g3 -DDEBUG -DUSE_HAL_DRIVER -DSTM32F429xx -c -I../Core/Inc -I/home/iot/STM32Cube/Repository/STM32Cube_FW_F4_V1.27.0/Drivers/STM32F4xx_HAL_Driver/Inc -I/home/iot/STM32Cube/Repository/STM32Cube_FW_F4_V1.27.0/Drivers/STM32F4xx_HAL_Driver/Inc/Legacy -I/home/iot/STM32Cube/Repository/STM32Cube_FW_F4_V1.27.0/Drivers/CMSIS/Device/ST/STM32F4xx/Include -I/home/iot/STM32Cube/Repository/STM32Cube_FW_F4_V1.27.0/Drivers/CMSIS/Include -I"D:/UBA/CESE/AdM_Workspace/prueba/Drivers/STM32F4xx_HAL_Driver" -I"D:/UBA/CESE/AdM_Workspace/prueba/Drivers/STM32F4xx_HAL_Driver/Inc" -O0 -ffunction-sections -fdata-sections -Wall -fstack-usage -fcyclomatic-complexity -MMD -MP -MF"Drivers/STM32F4xx_HAL_Driver/Src/stm32f4xx_hal_flash_ramfunc.d" -MT"Drivers/STM32F4xx_HAL_Driver/Src/stm32f4xx_hal_flash_ramfunc.o" --specs=nano.specs -mfpu=fpv4-sp-d16 -mfloat-abi=hard -mthumb -o "Drivers/STM32F4xx_HAL_Driver/Src/stm32f4xx_hal_flash_ramfunc.o"
In file included from D:/UBA/CESE/AdM_Workspace/prueba/Drivers/STM32F4xx_HAL_Driver/Inc/stm32f4xx_hal_rcc.h:27,
                 from ../Core/Inc/stm32f4xx_hal_conf.h:278,
                 from D:/UBA/CESE/AdM_Workspace/prueba/Drivers/STM32F4xx_HAL_Driver/Inc/stm32f4xx_hal.h:29,
                 from ../Drivers/STM32F4xx_HAL_Driver/Src/stm32f4xx_hal_flash_ex.c:62:
D:/UBA/CESE/AdM_Workspace/prueba/Drivers/STM32F4xx_HAL_Driver/Inc/stm32f4xx_hal_def.h:29:10: fatal error: stm32f4xx.h: No such file or directory
   29 | #include "stm32f4xx.h"
      |          ^~~~~~~~~~~~~
In file included from D:/UBA/CESE/AdM_Workspace/prueba/Drivers/STM32F4xx_HAL_Driver/Inc/stm32f4xx_hal_rcc.h:27,
                 from ../Core/Inc/stm32f4xx_hal_conf.h:278,
                 from D:/UBA/CESE/AdM_Workspace/prueba/Drivers/STM32F4xx_HAL_Driver/Inc/stm32f4xx_hal.h:29,
                 from ../Drivers/STM32F4xx_HAL_Driver/Src/stm32f4xx_hal_flash_ramfunc.c:47:
D:/UBA/CESE/AdM_Workspace/prueba/Drivers/STM32F4xx_HAL_Driver/Inc/stm32f4xx_hal_def.h:29:10: fatal error: stm32f4xx.h: No such file or directory
   29 | #include "stm32f4xx.h"
      |          ^~~~~~~~~~~~~
In file included from D:/UBA/CESE/AdM_Workspace/prueba/Drivers/STM32F4xx_HAL_Driver/Inc/stm32f4xx_hal_rcc.h:27,
                 from ../Core/Inc/stm32f4xx_hal_conf.h:278,
                 from D:/UBA/CESE/AdM_Workspace/prueba/Drivers/STM32F4xx_HAL_Driver/Inc/stm32f4xx_hal.h:29,
                 from ../Drivers/STM32F4xx_HAL_Driver/Src/stm32f4xx_hal_cortex.c:81:
D:/UBA/CESE/AdM_Workspace/prueba/Drivers/STM32F4xx_HAL_Driver/Inc/stm32f4xx_hal_def.h:29:10: fatal error: stm32f4xx.h: No such file or directory
   29 | #include "stm32f4xx.h"
      |          ^~~~~~~~~~~~~
compilation terminated.
compilation terminated.
compilation terminated.
In file included from D:/UBA/CESE/AdM_Workspace/prueba/Drivers/STM32F4xx_HAL_Driver/Inc/stm32f4xx_hal_rcc.h:27,
                 from ../Core/Inc/stm32f4xx_hal_conf.h:278,
                 from D:/UBA/CESE/AdM_Workspace/prueba/Drivers/STM32F4xx_HAL_Driver/Inc/stm32f4xx_hal.h:29,
                 from ../Drivers/STM32F4xx_HAL_Driver/Src/stm32f4xx_hal_dma.c:97:
D:/UBA/CESE/AdM_Workspace/prueba/Drivers/STM32F4xx_HAL_Driver/Inc/stm32f4xx_hal_def.h:29:10: fatal error: stm32f4xx.h: No such file or directory
   29 | #include "stm32f4xx.h"
      |          ^~~~~~~~~~~~~
In file included from D:/UBA/CESE/AdM_Workspace/prueba/Drivers/STM32F4xx_HAL_Driver/Inc/stm32f4xx_hal_rcc.h:27,
                 from ../Core/Inc/stm32f4xx_hal_conf.h:278,
                 from D:/UBA/CESE/AdM_Workspace/prueba/Drivers/STM32F4xx_HAL_Driver/Inc/stm32f4xx_hal.h:29,
                 from ../Drivers/STM32F4xx_HAL_Driver/Src/stm32f4xx_hal_exti.c:86:
D:/UBA/CESE/AdM_Workspace/prueba/Drivers/STM32F4xx_HAL_Driver/Inc/stm32f4xx_hal_def.h:29:10: fatal error: stm32f4xx.h: No such file or directory
   29 | #include "stm32f4xx.h"
      |          ^~~~~~~~~~~~~
In file included from D:/UBA/CESE/AdM_Workspace/prueba/Drivers/STM32F4xx_HAL_Driver/Inc/stm32f4xx_hal_rcc.h:27,
                 from ../Core/Inc/stm32f4xx_hal_conf.h:278,
                 from D:/UBA/CESE/AdM_Workspace/prueba/Drivers/STM32F4xx_HAL_Driver/Inc/stm32f4xx_hal.h:29,
                 from ../Drivers/STM32F4xx_HAL_Driver/Src/stm32f4xx_hal_flash.c:76:
D:/UBA/CESE/AdM_Workspace/prueba/Drivers/STM32F4xx_HAL_Driver/Inc/stm32f4xx_hal_def.h:29:10: fatal error: stm32f4xx.h: No such file or directory
   29 | #include "stm32f4xx.h"
      |          ^~~~~~~~~~~~~
In file included from D:/UBA/CESE/AdM_Workspace/prueba/Drivers/STM32F4xx_HAL_Driver/Inc/stm32f4xx_hal_rcc.h:27,
                 from ../Core/Inc/stm32f4xx_hal_conf.h:278,
                 from D:/UBA/CESE/AdM_Workspace/prueba/Drivers/STM32F4xx_HAL_Driver/Inc/stm32f4xx_hal.h:29,
                 from ../Drivers/STM32F4xx_HAL_Driver/Src/stm32f4xx_hal.c:36:
D:/UBA/CESE/AdM_Workspace/prueba/Drivers/STM32F4xx_HAL_Driver/Inc/stm32f4xx_hal_def.h:29:10: fatal error: stm32f4xx.h: No such file or directory
   29 | #include "stm32f4xx.h"
      |          ^~~~~~~~~~~~~
In file included from D:/UBA/CESE/AdM_Workspace/prueba/Drivers/STM32F4xx_HAL_Driver/Inc/stm32f4xx_hal_rcc.h:27,
                 from ../Core/Inc/stm32f4xx_hal_conf.h:278,
                 from D:/UBA/CESE/AdM_Workspace/prueba/Drivers/STM32F4xx_HAL_Driver/Inc/stm32f4xx_hal.h:29,
                 from ../Drivers/STM32F4xx_HAL_Driver/Src/stm32f4xx_hal_dma_ex.c:39:
D:/UBA/CESE/AdM_Workspace/prueba/Drivers/STM32F4xx_HAL_Driver/Inc/stm32f4xx_hal_def.h:29:10: fatal error: stm32f4xx.h: No such file or directory
   29 | #include "stm32f4xx.h"
      |          ^~~~~~~~~~~~~
compilation terminated.
compilation terminated.
compilation terminated.
compilation terminated.
compilation terminated.
make: *** [Drivers/STM32F4xx_HAL_Driver/Src/subdir.mk:61: Drivers/STM32F4xx_HAL_Driver/Src/stm32f4xx_hal_flash_ramfunc.o] Error 1
make: *** Waiting for unfinished jobs....
make: *** [Drivers/STM32F4xx_HAL_Driver/Src/subdir.mk:61: Drivers/STM32F4xx_HAL_Driver/Src/stm32f4xx_hal_cortex.o] Error 1
make: *** [Drivers/STM32F4xx_HAL_Driver/Src/subdir.mk:61: Drivers/STM32F4xx_HAL_Driver/Src/stm32f4xx_hal_flash_ex.o] Error 1
make: *** [Drivers/STM32F4xx_HAL_Driver/Src/subdir.mk:61: Drivers/STM32F4xx_HAL_Driver/Src/stm32f4xx_hal_dma_ex.o] Error 1
make: *** [Drivers/STM32F4xx_HAL_Driver/Src/subdir.mk:61: Drivers/STM32F4xx_HAL_Driver/Src/stm32f4xx_hal_exti.o] Error 1
make: *** [Drivers/STM32F4xx_HAL_Driver/Src/subdir.mk:61: Drivers/STM32F4xx_HAL_Driver/Src/stm32f4xx_hal_flash.o] Error 1
make: *** [Drivers/STM32F4xx_HAL_Driver/Src/subdir.mk:61: Drivers/STM32F4xx_HAL_Driver/Src/stm32f4xx_hal_dma.o] Error 1
make: *** [Drivers/STM32F4xx_HAL_Driver/Src/subdir.mk:61: Drivers/STM32F4xx_HAL_Driver/Src/stm32f4xx_hal.o] Error 1
"make -j8 all" terminated with exit code 2. Build might be incomplete.

21:13:16 Build Failed. 17 errors, 0 warnings. (took 1s.959ms)

